#
# There is insufficient memory for the Java Runtime Environment to continue.
# Native memory allocation (malloc) failed to allocate 32744 bytes for Chunk::new
# Possible reasons:
#   The system is out of physical RAM or swap space
#   The process is running with CompressedOops enabled, and the Java Heap may be blocking the growth of the native heap
# Possible solutions:
#   Reduce memory load on the system
#   Increase physical memory or swap space
#   Check if swap backing store is full
#   Decrease Java heap size (-Xmx/-Xms)
#   Decrease number of Java threads
#   Decrease Java thread stack sizes (-Xss)
#   Set larger code cache with -XX:ReservedCodeCacheSize=
#   JVM is running with Unscaled Compressed Oops mode in which the Java heap is
#     placed in the first 4GB address space. The Java Heap base address is the
#     maximum limit for the native heap growth. Please use -XX:HeapBaseMinAddress
#     to set the Java Heap base and to place the Java Heap above 4GB virtual address.
# This output file may be truncated or incomplete.
#
#  Out of Memory Error (arena.cpp:184), pid=26820, tid=32236
#
# JRE version: Java(TM) SE Runtime Environment (18.0.2.1+1) (build 18.0.2.1+1-1)
# Java VM: Java HotSpot(TM) 64-Bit Server VM (18.0.2.1+1-1, mixed mode, tiered, compressed oops, compressed class ptrs, g1 gc, windows-amd64)
# No core dump will be written. Minidumps are not enabled by default on client versions of Windows
#

---------------  S U M M A R Y ------------

Command Line: -Dfile.encoding=UTF-8 --module-path=C:\Users\jagad\OneDrive\Documents\NetBeansProjects\Employe.Management.System\build\classes employe.management.system.Home

Host: 12th Gen Intel(R) Core(TM) i5-1235U, 12 cores, 7G,  Windows 11 , 64 bit Build 22621 (10.0.22621.1928)
Time: Sat Jul 22 00:50:27 2023 India Standard Time elapsed time: 0.157312 seconds (0d 0h 0m 0s)

---------------  T H R E A D  ---------------

Current thread (0x0000021b1313b700):  JavaThread "C1 CompilerThread0" daemon [_thread_in_native, id=32236, stack(0x000000b3c3100000,0x000000b3c3200000)]


Current CompileTask:
C1:    157  158       3       java.util.HashMap::resize (356 bytes)

Stack: [0x000000b3c3100000,0x000000b3c3200000]
Native frames: (J=compiled Java code, j=interpreted, Vv=VM code, C=native code)
V  [jvm.dll+0x6993aa]
V  [jvm.dll+0x7f46dd]
V  [jvm.dll+0x7f5fee]
V  [jvm.dll+0x7f66a3]
V  [jvm.dll+0x25cf1f]
V  [jvm.dll+0xb8c2f]
V  [jvm.dll+0xb8fa5]
V  [jvm.dll+0x163502]
V  [jvm.dll+0x182cec]
V  [jvm.dll+0x17a9b7]
V  [jvm.dll+0x17254e]
V  [jvm.dll+0x160490]
V  [jvm.dll+0x148f67]
V  [jvm.dll+0x1488cf]
V  [jvm.dll+0x148b26]
V  [jvm.dll+0x147f9a]
V  [jvm.dll+0x149c81]
V  [jvm.dll+0x23ee0a]
V  [jvm.dll+0x23d0f5]
V  [jvm.dll+0x7a6dd1]
V  [jvm.dll+0x7a120a]
V  [jvm.dll+0x698255]
C  [ucrtbase.dll+0x29363]
C  [KERNEL32.DLL+0x126ad]
C  [ntdll.dll+0x5aa68]


---------------  P R O C E S S  ---------------

Threads class SMR info:
_java_thread_list=0x0000021b13249d90, length=11, elements={
0x0000021b6ee8a630, 0x0000021b7e298010, 0x0000021b7e29a9c0, 0x0000021b7e2ce0d0,
0x0000021b7e2cea70, 0x0000021b13138970, 0x0000021b13139310, 0x0000021b13139fe0,
0x0000021b1313b700, 0x0000021b1312d4a0, 0x0000021b131e24f0
}

Java Threads: ( => current thread )
  0x0000021b6ee8a630 JavaThread "main" [_thread_in_vm, id=35196, stack(0x000000b3c2300000,0x000000b3c2400000)]
  0x0000021b7e298010 JavaThread "Reference Handler" daemon [_thread_blocked, id=22660, stack(0x000000b3c2a00000,0x000000b3c2b00000)]
  0x0000021b7e29a9c0 JavaThread "Finalizer" daemon [_thread_blocked, id=10644, stack(0x000000b3c2b00000,0x000000b3c2c00000)]
  0x0000021b7e2ce0d0 JavaThread "Signal Dispatcher" daemon [_thread_blocked, id=35680, stack(0x000000b3c2c00000,0x000000b3c2d00000)]
  0x0000021b7e2cea70 JavaThread "Attach Listener" daemon [_thread_blocked, id=30608, stack(0x000000b3c2d00000,0x000000b3c2e00000)]
  0x0000021b13138970 JavaThread "Service Thread" daemon [_thread_blocked, id=9776, stack(0x000000b3c2e00000,0x000000b3c2f00000)]
  0x0000021b13139310 JavaThread "Monitor Deflation Thread" daemon [_thread_blocked, id=4040, stack(0x000000b3c2f00000,0x000000b3c3000000)]
  0x0000021b13139fe0 JavaThread "C2 CompilerThread0" daemon [_thread_in_native, id=31816, stack(0x000000b3c3000000,0x000000b3c3100000)]
=>0x0000021b1313b700 JavaThread "C1 CompilerThread0" daemon [_thread_in_native, id=32236, stack(0x000000b3c3100000,0x000000b3c3200000)]
  0x0000021b1312d4a0 JavaThread "Sweeper thread" daemon [_thread_blocked, id=6196, stack(0x000000b3c3200000,0x000000b3c3300000)]
  0x0000021b131e24f0 JavaThread "Common-Cleaner" daemon [_thread_blocked, id=11308, stack(0x000000b3c3300000,0x000000b3c3400000)]

Other Threads:
  0x0000021b6ef107e0 VMThread "VM Thread" [stack: 0x000000b3c2900000,0x000000b3c2a00000] [id=33924]
  0x0000021b6eeea020 WorkerThread "GC Thread#0" [stack: 0x000000b3c2400000,0x000000b3c2500000] [id=28960]
  0x0000021b6eefa670 ConcurrentGCThread "G1 Main Marker" [stack: 0x000000b3c2500000,0x000000b3c2600000] [id=34052]
  0x0000021b6eefb800 WorkerThread "G1 Conc#0" [stack: 0x000000b3c2600000,0x000000b3c2700000] [id=14588]
  0x0000021b6ef4e750 ConcurrentGCThread "G1 Refine#0" [stack: 0x000000b3c2700000,0x000000b3c2800000] [id=12048]
  0x0000021b7e0db0d0 ConcurrentGCThread "G1 Service" [stack: 0x000000b3c2800000,0x000000b3c2900000] [id=29192]

Threads with active compile tasks:
C2 CompilerThread0      169  165       4       java.util.HashMap::putVal (300 bytes)
C1 CompilerThread0      169  158       3       java.util.HashMap::resize (356 bytes)

VM state: not at safepoint (normal execution)

VM Mutex/Monitor currently owned by a thread: None

Heap address: 0x0000000085200000, size: 1966 MB, Compressed Oops mode: 32-bit

CDS archive(s) not mapped
Compressed class space mapped at: 0x0000000100000000-0x0000000140000000, reserved size: 1073741824
Narrow klass base: 0x0000000000000000, Narrow klass shift: 3, Narrow klass range: 0x140000000

GC Precious Log:
 CardTable entry size: 512
 Card Set container configuration: InlinePtr #cards 5 size 8 Array Of Cards #cards 12 size 40 Howl #buckets 4 coarsen threshold 1843 Howl Bitmap #cards 512 size 80 coarsen threshold 460 Card regions per heap region 1 cards per card region 2048
 CPUs: 12 total, 12 available
 Memory: 7860M
 Large Page Support: Disabled
 NUMA Support: Disabled
 Compressed Oops: Enabled (32-bit)
 Heap Region Size: 1M
 Heap Min Capacity: 8M
 Heap Initial Capacity: 124M
 Heap Max Capacity: 1966M
 Pre-touch: Disabled
 Parallel Workers: 10
 Concurrent Workers: 3
 Concurrent Refinement Workers: 10
 Periodic GC: Disabled

Heap:
 garbage-first heap   total 126976K, used 1024K [0x0000000085200000, 0x0000000100000000)
  region size 1024K, 2 young (2048K), 0 survivors (0K)
 Metaspace       used 5701K, committed 5824K, reserved 1114112K
  class space    used 472K, committed 512K, reserved 1048576K

Heap Regions: E=young(eden), S=young(survivor), O=old, HS=humongous(starts), HC=humongous(continues), CS=collection set, F=free, OA=open archive, CA=closed archive, TAMS=top-at-mark-start (previous, next)
|   0|0x0000000085200000, 0x0000000085200000, 0x0000000085300000|  0%| F|  |TAMS 0x0000000085200000, 0x0000000085200000| Untracked 
|   1|0x0000000085300000, 0x0000000085300000, 0x0000000085400000|  0%| F|  |TAMS 0x0000000085300000, 0x0000000085300000| Untracked 
|   2|0x0000000085400000, 0x0000000085400000, 0x0000000085500000|  0%| F|  |TAMS 0x0000000085400000, 0x0000000085400000| Untracked 
|   3|0x0000000085500000, 0x0000000085500000, 0x0000000085600000|  0%| F|  |TAMS 0x0000000085500000, 0x0000000085500000| Untracked 
|   4|0x0000000085600000, 0x0000000085600000, 0x0000000085700000|  0%| F|  |TAMS 0x0000000085600000, 0x0000000085600000| Untracked 
|   5|0x0000000085700000, 0x0000000085700000, 0x0000000085800000|  0%| F|  |TAMS 0x0000000085700000, 0x0000000085700000| Untracked 
|   6|0x0000000085800000, 0x0000000085800000, 0x0000000085900000|  0%| F|  |TAMS 0x0000000085800000, 0x0000000085800000| Untracked 
|   7|0x0000000085900000, 0x0000000085900000, 0x0000000085a00000|  0%| F|  |TAMS 0x0000000085900000, 0x0000000085900000| Untracked 
|   8|0x0000000085a00000, 0x0000000085a00000, 0x0000000085b00000|  0%| F|  |TAMS 0x0000000085a00000, 0x0000000085a00000| Untracked 
|   9|0x0000000085b00000, 0x0000000085b00000, 0x0000000085c00000|  0%| F|  |TAMS 0x0000000085b00000, 0x0000000085b00000| Untracked 
|  10|0x0000000085c00000, 0x0000000085c00000, 0x0000000085d00000|  0%| F|  |TAMS 0x0000000085c00000, 0x0000000085c00000| Untracked 
|  11|0x0000000085d00000, 0x0000000085d00000, 0x0000000085e00000|  0%| F|  |TAMS 0x0000000085d00000, 0x0000000085d00000| Untracked 
|  12|0x0000000085e00000, 0x0000000085e00000, 0x0000000085f00000|  0%| F|  |TAMS 0x0000000085e00000, 0x0000000085e00000| Untracked 
|  13|0x0000000085f00000, 0x0000000085f00000, 0x0000000086000000|  0%| F|  |TAMS 0x0000000085f00000, 0x0000000085f00000| Untracked 
|  14|0x0000000086000000, 0x0000000086000000, 0x0000000086100000|  0%| F|  |TAMS 0x0000000086000000, 0x0000000086000000| Untracked 
|  15|0x0000000086100000, 0x0000000086100000, 0x0000000086200000|  0%| F|  |TAMS 0x0000000086100000, 0x0000000086100000| Untracked 
|  16|0x0000000086200000, 0x0000000086200000, 0x0000000086300000|  0%| F|  |TAMS 0x0000000086200000, 0x0000000086200000| Untracked 
|  17|0x0000000086300000, 0x0000000086300000, 0x0000000086400000|  0%| F|  |TAMS 0x0000000086300000, 0x0000000086300000| Untracked 
|  18|0x0000000086400000, 0x0000000086400000, 0x0000000086500000|  0%| F|  |TAMS 0x0000000086400000, 0x0000000086400000| Untracked 
|  19|0x0000000086500000, 0x0000000086500000, 0x0000000086600000|  0%| F|  |TAMS 0x0000000086500000, 0x0000000086500000| Untracked 
|  20|0x0000000086600000, 0x0000000086600000, 0x0000000086700000|  0%| F|  |TAMS 0x0000000086600000, 0x0000000086600000| Untracked 
|  21|0x0000000086700000, 0x0000000086700000, 0x0000000086800000|  0%| F|  |TAMS 0x0000000086700000, 0x0000000086700000| Untracked 
|  22|0x0000000086800000, 0x0000000086800000, 0x0000000086900000|  0%| F|  |TAMS 0x0000000086800000, 0x0000000086800000| Untracked 
|  23|0x0000000086900000, 0x0000000086900000, 0x0000000086a00000|  0%| F|  |TAMS 0x0000000086900000, 0x0000000086900000| Untracked 
|  24|0x0000000086a00000, 0x0000000086a00000, 0x0000000086b00000|  0%| F|  |TAMS 0x0000000086a00000, 0x0000000086a00000| Untracked 
|  25|0x0000000086b00000, 0x0000000086b00000, 0x0000000086c00000|  0%| F|  |TAMS 0x0000000086b00000, 0x0000000086b00000| Untracked 
|  26|0x0000000086c00000, 0x0000000086c00000, 0x0000000086d00000|  0%| F|  |TAMS 0x0000000086c00000, 0x0000000086c00000| Untracked 
|  27|0x0000000086d00000, 0x0000000086d00000, 0x0000000086e00000|  0%| F|  |TAMS 0x0000000086d00000, 0x0000000086d00000| Untracked 
|  28|0x0000000086e00000, 0x0000000086e00000, 0x0000000086f00000|  0%| F|  |TAMS 0x0000000086e00000, 0x0000000086e00000| Untracked 
|  29|0x0000000086f00000, 0x0000000086f00000, 0x0000000087000000|  0%| F|  |TAMS 0x0000000086f00000, 0x0000000086f00000| Untracked 
|  30|0x0000000087000000, 0x0000000087000000, 0x0000000087100000|  0%| F|  |TAMS 0x0000000087000000, 0x0000000087000000| Untracked 
|  31|0x0000000087100000, 0x0000000087100000, 0x0000000087200000|  0%| F|  |TAMS 0x0000000087100000, 0x0000000087100000| Untracked 
|  32|0x0000000087200000, 0x0000000087200000, 0x0000000087300000|  0%| F|  |TAMS 0x0000000087200000, 0x0000000087200000| Untracked 
|  33|0x0000000087300000, 0x0000000087300000, 0x0000000087400000|  0%| F|  |TAMS 0x0000000087300000, 0x0000000087300000| Untracked 
|  34|0x0000000087400000, 0x0000000087400000, 0x0000000087500000|  0%| F|  |TAMS 0x0000000087400000, 0x0000000087400000| Untracked 
|  35|0x0000000087500000, 0x0000000087500000, 0x0000000087600000|  0%| F|  |TAMS 0x0000000087500000, 0x0000000087500000| Untracked 
|  36|0x0000000087600000, 0x0000000087600000, 0x0000000087700000|  0%| F|  |TAMS 0x0000000087600000, 0x0000000087600000| Untracked 
|  37|0x0000000087700000, 0x0000000087700000, 0x0000000087800000|  0%| F|  |TAMS 0x0000000087700000, 0x0000000087700000| Untracked 
|  38|0x0000000087800000, 0x0000000087800000, 0x0000000087900000|  0%| F|  |TAMS 0x0000000087800000, 0x0000000087800000| Untracked 
|  39|0x0000000087900000, 0x0000000087900000, 0x0000000087a00000|  0%| F|  |TAMS 0x0000000087900000, 0x0000000087900000| Untracked 
|  40|0x0000000087a00000, 0x0000000087a00000, 0x0000000087b00000|  0%| F|  |TAMS 0x0000000087a00000, 0x0000000087a00000| Untracked 
|  41|0x0000000087b00000, 0x0000000087b00000, 0x0000000087c00000|  0%| F|  |TAMS 0x0000000087b00000, 0x0000000087b00000| Untracked 
|  42|0x0000000087c00000, 0x0000000087c00000, 0x0000000087d00000|  0%| F|  |TAMS 0x0000000087c00000, 0x0000000087c00000| Untracked 
|  43|0x0000000087d00000, 0x0000000087d00000, 0x0000000087e00000|  0%| F|  |TAMS 0x0000000087d00000, 0x0000000087d00000| Untracked 
|  44|0x0000000087e00000, 0x0000000087e00000, 0x0000000087f00000|  0%| F|  |TAMS 0x0000000087e00000, 0x0000000087e00000| Untracked 
|  45|0x0000000087f00000, 0x0000000087f00000, 0x0000000088000000|  0%| F|  |TAMS 0x0000000087f00000, 0x0000000087f00000| Untracked 
|  46|0x0000000088000000, 0x0000000088000000, 0x0000000088100000|  0%| F|  |TAMS 0x0000000088000000, 0x0000000088000000| Untracked 
|  47|0x0000000088100000, 0x0000000088100000, 0x0000000088200000|  0%| F|  |TAMS 0x0000000088100000, 0x0000000088100000| Untracked 
|  48|0x0000000088200000, 0x0000000088200000, 0x0000000088300000|  0%| F|  |TAMS 0x0000000088200000, 0x0000000088200000| Untracked 
|  49|0x0000000088300000, 0x0000000088300000, 0x0000000088400000|  0%| F|  |TAMS 0x0000000088300000, 0x0000000088300000| Untracked 
|  50|0x0000000088400000, 0x0000000088400000, 0x0000000088500000|  0%| F|  |TAMS 0x0000000088400000, 0x0000000088400000| Untracked 
|  51|0x0000000088500000, 0x0000000088500000, 0x0000000088600000|  0%| F|  |TAMS 0x0000000088500000, 0x0000000088500000| Untracked 
|  52|0x0000000088600000, 0x0000000088600000, 0x0000000088700000|  0%| F|  |TAMS 0x0000000088600000, 0x0000000088600000| Untracked 
|  53|0x0000000088700000, 0x0000000088700000, 0x0000000088800000|  0%| F|  |TAMS 0x0000000088700000, 0x0000000088700000| Untracked 
|  54|0x0000000088800000, 0x0000000088800000, 0x0000000088900000|  0%| F|  |TAMS 0x0000000088800000, 0x0000000088800000| Untracked 
|  55|0x0000000088900000, 0x0000000088900000, 0x0000000088a00000|  0%| F|  |TAMS 0x0000000088900000, 0x0000000088900000| Untracked 
|  56|0x0000000088a00000, 0x0000000088a00000, 0x0000000088b00000|  0%| F|  |TAMS 0x0000000088a00000, 0x0000000088a00000| Untracked 
|  57|0x0000000088b00000, 0x0000000088b00000, 0x0000000088c00000|  0%| F|  |TAMS 0x0000000088b00000, 0x0000000088b00000| Untracked 
|  58|0x0000000088c00000, 0x0000000088c00000, 0x0000000088d00000|  0%| F|  |TAMS 0x0000000088c00000, 0x0000000088c00000| Untracked 
|  59|0x0000000088d00000, 0x0000000088d00000, 0x0000000088e00000|  0%| F|  |TAMS 0x0000000088d00000, 0x0000000088d00000| Untracked 
|  60|0x0000000088e00000, 0x0000000088e00000, 0x0000000088f00000|  0%| F|  |TAMS 0x0000000088e00000, 0x0000000088e00000| Untracked 
|  61|0x0000000088f00000, 0x0000000088f00000, 0x0000000089000000|  0%| F|  |TAMS 0x0000000088f00000, 0x0000000088f00000| Untracked 
|  62|0x0000000089000000, 0x0000000089000000, 0x0000000089100000|  0%| F|  |TAMS 0x0000000089000000, 0x0000000089000000| Untracked 
|  63|0x0000000089100000, 0x0000000089100000, 0x0000000089200000|  0%| F|  |TAMS 0x0000000089100000, 0x0000000089100000| Untracked 
|  64|0x0000000089200000, 0x0000000089200000, 0x0000000089300000|  0%| F|  |TAMS 0x0000000089200000, 0x0000000089200000| Untracked 
|  65|0x0000000089300000, 0x0000000089300000, 0x0000000089400000|  0%| F|  |TAMS 0x0000000089300000, 0x0000000089300000| Untracked 
|  66|0x0000000089400000, 0x0000000089400000, 0x0000000089500000|  0%| F|  |TAMS 0x0000000089400000, 0x0000000089400000| Untracked 
|  67|0x0000000089500000, 0x0000000089500000, 0x0000000089600000|  0%| F|  |TAMS 0x0000000089500000, 0x0000000089500000| Untracked 
|  68|0x0000000089600000, 0x0000000089600000, 0x0000000089700000|  0%| F|  |TAMS 0x0000000089600000, 0x0000000089600000| Untracked 
|  69|0x0000000089700000, 0x0000000089700000, 0x0000000089800000|  0%| F|  |TAMS 0x0000000089700000, 0x0000000089700000| Untracked 
|  70|0x0000000089800000, 0x0000000089800000, 0x0000000089900000|  0%| F|  |TAMS 0x0000000089800000, 0x0000000089800000| Untracked 
|  71|0x0000000089900000, 0x0000000089900000, 0x0000000089a00000|  0%| F|  |TAMS 0x0000000089900000, 0x0000000089900000| Untracked 
|  72|0x0000000089a00000, 0x0000000089a00000, 0x0000000089b00000|  0%| F|  |TAMS 0x0000000089a00000, 0x0000000089a00000| Untracked 
|  73|0x0000000089b00000, 0x0000000089b00000, 0x0000000089c00000|  0%| F|  |TAMS 0x0000000089b00000, 0x0000000089b00000| Untracked 
|  74|0x0000000089c00000, 0x0000000089c00000, 0x0000000089d00000|  0%| F|  |TAMS 0x0000000089c00000, 0x0000000089c00000| Untracked 
|  75|0x0000000089d00000, 0x0000000089d00000, 0x0000000089e00000|  0%| F|  |TAMS 0x0000000089d00000, 0x0000000089d00000| Untracked 
|  76|0x0000000089e00000, 0x0000000089e00000, 0x0000000089f00000|  0%| F|  |TAMS 0x0000000089e00000, 0x0000000089e00000| Untracked 
|  77|0x0000000089f00000, 0x0000000089f00000, 0x000000008a000000|  0%| F|  |TAMS 0x0000000089f00000, 0x0000000089f00000| Untracked 
|  78|0x000000008a000000, 0x000000008a000000, 0x000000008a100000|  0%| F|  |TAMS 0x000000008a000000, 0x000000008a000000| Untracked 
|  79|0x000000008a100000, 0x000000008a100000, 0x000000008a200000|  0%| F|  |TAMS 0x000000008a100000, 0x000000008a100000| Untracked 
|  80|0x000000008a200000, 0x000000008a200000, 0x000000008a300000|  0%| F|  |TAMS 0x000000008a200000, 0x000000008a200000| Untracked 
|  81|0x000000008a300000, 0x000000008a300000, 0x000000008a400000|  0%| F|  |TAMS 0x000000008a300000, 0x000000008a300000| Untracked 
|  82|0x000000008a400000, 0x000000008a400000, 0x000000008a500000|  0%| F|  |TAMS 0x000000008a400000, 0x000000008a400000| Untracked 
|  83|0x000000008a500000, 0x000000008a500000, 0x000000008a600000|  0%| F|  |TAMS 0x000000008a500000, 0x000000008a500000| Untracked 
|  84|0x000000008a600000, 0x000000008a600000, 0x000000008a700000|  0%| F|  |TAMS 0x000000008a600000, 0x000000008a600000| Untracked 
|  85|0x000000008a700000, 0x000000008a700000, 0x000000008a800000|  0%| F|  |TAMS 0x000000008a700000, 0x000000008a700000| Untracked 
|  86|0x000000008a800000, 0x000000008a800000, 0x000000008a900000|  0%| F|  |TAMS 0x000000008a800000, 0x000000008a800000| Untracked 
|  87|0x000000008a900000, 0x000000008a900000, 0x000000008aa00000|  0%| F|  |TAMS 0x000000008a900000, 0x000000008a900000| Untracked 
|  88|0x000000008aa00000, 0x000000008aa00000, 0x000000008ab00000|  0%| F|  |TAMS 0x000000008aa00000, 0x000000008aa00000| Untracked 
|  89|0x000000008ab00000, 0x000000008ab00000, 0x000000008ac00000|  0%| F|  |TAMS 0x000000008ab00000, 0x000000008ab00000| Untracked 
|  90|0x000000008ac00000, 0x000000008ac00000, 0x000000008ad00000|  0%| F|  |TAMS 0x000000008ac00000, 0x000000008ac00000| Untracked 
|  91|0x000000008ad00000, 0x000000008ad00000, 0x000000008ae00000|  0%| F|  |TAMS 0x000000008ad00000, 0x000000008ad00000| Untracked 
|  92|0x000000008ae00000, 0x000000008ae00000, 0x000000008af00000|  0%| F|  |TAMS 0x000000008ae00000, 0x000000008ae00000| Untracked 
|  93|0x000000008af00000, 0x000000008af00000, 0x000000008b000000|  0%| F|  |TAMS 0x000000008af00000, 0x000000008af00000| Untracked 
|  94|0x000000008b000000, 0x000000008b000000, 0x000000008b100000|  0%| F|  |TAMS 0x000000008b000000, 0x000000008b000000| Untracked 
|  95|0x000000008b100000, 0x000000008b100000, 0x000000008b200000|  0%| F|  |TAMS 0x000000008b100000, 0x000000008b100000| Untracked 
|  96|0x000000008b200000, 0x000000008b200000, 0x000000008b300000|  0%| F|  |TAMS 0x000000008b200000, 0x000000008b200000| Untracked 
|  97|0x000000008b300000, 0x000000008b300000, 0x000000008b400000|  0%| F|  |TAMS 0x000000008b300000, 0x000000008b300000| Untracked 
|  98|0x000000008b400000, 0x000000008b400000, 0x000000008b500000|  0%| F|  |TAMS 0x000000008b400000, 0x000000008b400000| Untracked 
|  99|0x000000008b500000, 0x000000008b500000, 0x000000008b600000|  0%| F|  |TAMS 0x000000008b500000, 0x000000008b500000| Untracked 
| 100|0x000000008b600000, 0x000000008b600000, 0x000000008b700000|  0%| F|  |TAMS 0x000000008b600000, 0x000000008b600000| Untracked 
| 101|0x000000008b700000, 0x000000008b700000, 0x000000008b800000|  0%| F|  |TAMS 0x000000008b700000, 0x000000008b700000| Untracked 
| 102|0x000000008b800000, 0x000000008b800000, 0x000000008b900000|  0%| F|  |TAMS 0x000000008b800000, 0x000000008b800000| Untracked 
| 103|0x000000008b900000, 0x000000008b900000, 0x000000008ba00000|  0%| F|  |TAMS 0x000000008b900000, 0x000000008b900000| Untracked 
| 104|0x000000008ba00000, 0x000000008ba00000, 0x000000008bb00000|  0%| F|  |TAMS 0x000000008ba00000, 0x000000008ba00000| Untracked 
| 105|0x000000008bb00000, 0x000000008bb00000, 0x000000008bc00000|  0%| F|  |TAMS 0x000000008bb00000, 0x000000008bb00000| Untracked 
| 106|0x000000008bc00000, 0x000000008bc00000, 0x000000008bd00000|  0%| F|  |TAMS 0x000000008bc00000, 0x000000008bc00000| Untracked 
| 107|0x000000008bd00000, 0x000000008bd00000, 0x000000008be00000|  0%| F|  |TAMS 0x000000008bd00000, 0x000000008bd00000| Untracked 
| 108|0x000000008be00000, 0x000000008be00000, 0x000000008bf00000|  0%| F|  |TAMS 0x000000008be00000, 0x000000008be00000| Untracked 
| 109|0x000000008bf00000, 0x000000008bf00000, 0x000000008c000000|  0%| F|  |TAMS 0x000000008bf00000, 0x000000008bf00000| Untracked 
| 110|0x000000008c000000, 0x000000008c000000, 0x000000008c100000|  0%| F|  |TAMS 0x000000008c000000, 0x000000008c000000| Untracked 
| 111|0x000000008c100000, 0x000000008c100000, 0x000000008c200000|  0%| F|  |TAMS 0x000000008c100000, 0x000000008c100000| Untracked 
| 112|0x000000008c200000, 0x000000008c200000, 0x000000008c300000|  0%| F|  |TAMS 0x000000008c200000, 0x000000008c200000| Untracked 
| 113|0x000000008c300000, 0x000000008c300000, 0x000000008c400000|  0%| F|  |TAMS 0x000000008c300000, 0x000000008c300000| Untracked 
| 114|0x000000008c400000, 0x000000008c400000, 0x000000008c500000|  0%| F|  |TAMS 0x000000008c400000, 0x000000008c400000| Untracked 
| 115|0x000000008c500000, 0x000000008c500000, 0x000000008c600000|  0%| F|  |TAMS 0x000000008c500000, 0x000000008c500000| Untracked 
| 116|0x000000008c600000, 0x000000008c600000, 0x000000008c700000|  0%| F|  |TAMS 0x000000008c600000, 0x000000008c600000| Untracked 
| 117|0x000000008c700000, 0x000000008c700000, 0x000000008c800000|  0%| F|  |TAMS 0x000000008c700000, 0x000000008c700000| Untracked 
| 118|0x000000008c800000, 0x000000008c800000, 0x000000008c900000|  0%| F|  |TAMS 0x000000008c800000, 0x000000008c800000| Untracked 
| 119|0x000000008c900000, 0x000000008c900000, 0x000000008ca00000|  0%| F|  |TAMS 0x000000008c900000, 0x000000008c900000| Untracked 
| 120|0x000000008ca00000, 0x000000008ca00000, 0x000000008cb00000|  0%| F|  |TAMS 0x000000008ca00000, 0x000000008ca00000| Untracked 
| 121|0x000000008cb00000, 0x000000008cb00000, 0x000000008cc00000|  0%| F|  |TAMS 0x000000008cb00000, 0x000000008cb00000| Untracked 
| 122|0x000000008cc00000, 0x000000008ccec1d0, 0x000000008cd00000| 92%| E|  |TAMS 0x000000008cc00000, 0x000000008cc00000| Complete 
| 123|0x000000008cd00000, 0x000000008ce00000, 0x000000008ce00000|100%| E|CS|TAMS 0x000000008cd00000, 0x000000008cd00000| Complete 

Card table byte_map: [0x0000021b770f0000,0x0000021b774d0000] _byte_map_base: 0x0000021b76cc7000

Marking Bits (Prev, Next): (CMBitMap*) 0x0000021b6eeea620, (CMBitMap*) 0x0000021b6eeea660
 Prev Bits: [0x0000021b778b0000, 0x0000021b79768000)
 Next Bits: [0x0000021b79770000, 0x0000021b7b628000)

Polling page: 0x0000021b6ce60000

Metaspace:

Usage:
  Non-class:      5.11 MB used.
      Class:    472.98 KB used.
       Both:      5.57 MB used.

Virtual space:
  Non-class space:       64.00 MB reserved,       5.19 MB (  8%) committed,  1 nodes.
      Class space:        1.00 GB reserved,     512.00 KB ( <1%) committed,  1 nodes.
             Both:        1.06 GB reserved,       5.69 MB ( <1%) committed. 

Chunk freelists:
   Non-Class:  2.50 MB
       Class:  3.53 MB
        Both:  6.02 MB

MaxMetaspaceSize: unlimited
CompressedClassSpaceSize: 1.00 GB
Initial GC threshold: 21.00 MB
Current GC threshold: 21.00 MB
CDS: off
MetaspaceReclaimPolicy: balanced
 - commit_granule_bytes: 65536.
 - commit_granule_words: 8192.
 - virtual_space_node_default_size: 8388608.
 - enlarge_chunks_in_place: 1.
 - new_chunks_are_fully_committed: 0.
 - uncommit_free_chunks: 1.
 - use_allocation_guard: 0.


Internal statistics:

num_allocs_failed_limit: 0.
num_arena_births: 6.
num_arena_deaths: 0.
num_vsnodes_births: 2.
num_vsnodes_deaths: 0.
num_space_committed: 91.
num_space_uncommitted: 0.
num_chunks_returned_to_freelist: 0.
num_chunks_taken_from_freelist: 12.
num_chunk_merges: 0.
num_chunk_splits: 5.
num_chunks_enlarged: 2.
num_inconsistent_stats: 0.

CodeHeap 'non-profiled nmethods': size=120000Kb used=45Kb max_used=45Kb free=119954Kb
 bounds [0x0000021b07ad0000, 0x0000021b07d40000, 0x0000021b0f000000]
CodeHeap 'profiled nmethods': size=120000Kb used=165Kb max_used=165Kb free=119834Kb
 bounds [0x0000021b005a0000, 0x0000021b00810000, 0x0000021b07ad0000]
CodeHeap 'non-nmethods': size=5760Kb used=1099Kb max_used=1113Kb free=4660Kb
 bounds [0x0000021b00000000, 0x0000021b00270000, 0x0000021b005a0000]
 total_blobs=512 nmethods=151 adapters=274
 compilation: enabled
              stopped_count=0, restarted_count=0
 full_count=0

Compilation events (20 events):
Event: 0.154 Thread 0x0000021b1313b700  138       3       java.util.HashSet::add (20 bytes)
Event: 0.154 Thread 0x0000021b13139fe0  148       4       java.lang.String::hashCode (60 bytes)
Event: 0.154 Thread 0x0000021b1313b700 nmethod 138 0x0000021b005c6810 code [0x0000021b005c69c0, 0x0000021b005c6be8]
Event: 0.154 Thread 0x0000021b1313b700  141       3       java.util.HashMap::afterNodeInsertion (1 bytes)
Event: 0.154 Thread 0x0000021b1313b700 nmethod 141 0x0000021b005c6c90 code [0x0000021b005c6e20, 0x0000021b005c6f38]
Event: 0.154 Thread 0x0000021b1313b700  143       3       jdk.internal.module.ModuleReferenceImpl::hashCode (56 bytes)
Event: 0.155 Thread 0x0000021b1313b700 nmethod 143 0x0000021b005c7010 code [0x0000021b005c7200, 0x0000021b005c7668]
Event: 0.155 Thread 0x0000021b1313b700  136       3       java.lang.module.ModuleDescriptor::hashCode (170 bytes)
Event: 0.155 Thread 0x0000021b1313b700 nmethod 136 0x0000021b005c7810 code [0x0000021b005c7aa0, 0x0000021b005c85e8]
Event: 0.155 Thread 0x0000021b1313b700  149       3       java.lang.module.ModuleDescriptor$Exports::isQualified (18 bytes)
Event: 0.155 Thread 0x0000021b1313b700 nmethod 149 0x0000021b005c8990 code [0x0000021b005c8b40, 0x0000021b005c8d68]
Event: 0.155 Thread 0x0000021b1313b700  150       3       java.util.ImmutableCollections$SetN::isEmpty (13 bytes)
Event: 0.155 Thread 0x0000021b1313b700 nmethod 150 0x0000021b005c8e10 code [0x0000021b005c8fa0, 0x0000021b005c9118]
Event: 0.155 Thread 0x0000021b1313b700  146       1       java.lang.module.ModuleDescriptor$Exports::targets (5 bytes)
Event: 0.155 Thread 0x0000021b1313b700 nmethod 146 0x0000021b07ad9c10 code [0x0000021b07ad9da0, 0x0000021b07ad9e78]
Event: 0.155 Thread 0x0000021b1313b700  147       1       java.lang.module.ModuleDescriptor$Exports::source (5 bytes)
Event: 0.155 Thread 0x0000021b1313b700 nmethod 147 0x0000021b07ad9f10 code [0x0000021b07ada0a0, 0x0000021b07ada178]
Event: 0.155 Thread 0x0000021b1313b700  151       3       java.util.HashMap::putIfAbsent (13 bytes)
Event: 0.155 Thread 0x0000021b1313b700 nmethod 151 0x0000021b005c9190 code [0x0000021b005c9340, 0x0000021b005c9638]
Event: 0.155 Thread 0x0000021b1313b700  158       3       java.util.HashMap::resize (356 bytes)

GC Heap History (0 events):
No events

Deoptimization events (0 events):
No events

Classes loaded (20 events):
Event: 0.152 Loading class java/nio/file/attribute/FileAttribute
Event: 0.152 Loading class java/nio/file/attribute/FileAttribute done
Event: 0.152 Loading class sun/nio/fs/WindowsSecurityDescriptor
Event: 0.152 Loading class sun/nio/fs/WindowsSecurityDescriptor done
Event: 0.152 Loading class java/util/HashMap$ValueSpliterator
Event: 0.152 Loading class java/util/HashMap$HashMapSpliterator
Event: 0.152 Loading class java/util/HashMap$HashMapSpliterator done
Event: 0.152 Loading class java/util/HashMap$ValueSpliterator done
Event: 0.152 Loading class java/util/HashMap$KeySpliterator
Event: 0.152 Loading class java/util/HashMap$KeySpliterator done
Event: 0.152 Loading class java/util/Collections$UnmodifiableCollection$1
Event: 0.152 Loading class java/util/Collections$UnmodifiableCollection$1 done
Event: 0.153 Loading class java/lang/ModuleLayer
Event: 0.153 Loading class java/lang/ModuleLayer done
Event: 0.153 Loading class java/util/LinkedHashSet
Event: 0.153 Loading class java/util/LinkedHashSet done
Event: 0.153 Loading class java/util/LinkedHashMap
Event: 0.153 Loading class java/util/LinkedHashMap done
Event: 0.153 Loading class java/lang/module/ResolvedModule
Event: 0.153 Loading class java/lang/module/ResolvedModule done

Classes unloaded (0 events):
No events

Classes redefined (0 events):
No events

Internal exceptions (4 events):
Event: 0.151 Thread 0x0000021b6ee8a630 Exception <a 'sun/nio/fs/WindowsException'{0x000000008cc4f9c0}> (0x000000008cc4f9c0) 
thrown [s\open\src\hotspot\share\prims\jni.cpp, line 516]
Event: 0.151 Thread 0x0000021b6ee8a630 Exception <a 'sun/nio/fs/WindowsException'{0x000000008cc4ff80}> (0x000000008cc4ff80) 
thrown [s\open\src\hotspot\share\prims\jni.cpp, line 516]
Event: 0.152 Thread 0x0000021b6ee8a630 Exception <a 'sun/nio/fs/WindowsException'{0x000000008cc52560}> (0x000000008cc52560) 
thrown [s\open\src\hotspot\share\prims\jni.cpp, line 516]
Event: 0.152 Thread 0x0000021b6ee8a630 Exception <a 'sun/nio/fs/WindowsException'{0x000000008cc530f0}> (0x000000008cc530f0) 
thrown [s\open\src\hotspot\share\prims\jni.cpp, line 516]

VM Operations (2 events):
Event: 0.153 Executing VM operation: HandshakeAllThreads
Event: 0.153 Executing VM operation: HandshakeAllThreads done

Events (15 events):
Event: 0.008 Loaded shared library C:\Program Files\Java\jdk-18.0.2.1\bin\java.dll
Event: 0.035 Loaded shared library C:\Program Files\Java\jdk-18.0.2.1\bin\jsvml.dll
Event: 0.036 Thread 0x0000021b6ee8a630 Thread added: 0x0000021b6ee8a630
Event: 0.041 Thread 0x0000021b7e298010 Thread added: 0x0000021b7e298010
Event: 0.041 Thread 0x0000021b7e29a9c0 Thread added: 0x0000021b7e29a9c0
Event: 0.063 Thread 0x0000021b7e2ce0d0 Thread added: 0x0000021b7e2ce0d0
Event: 0.063 Thread 0x0000021b7e2cea70 Thread added: 0x0000021b7e2cea70
Event: 0.063 Thread 0x0000021b13138970 Thread added: 0x0000021b13138970
Event: 0.063 Thread 0x0000021b13139310 Thread added: 0x0000021b13139310
Event: 0.063 Thread 0x0000021b13139fe0 Thread added: 0x0000021b13139fe0
Event: 0.063 Thread 0x0000021b1313b700 Thread added: 0x0000021b1313b700
Event: 0.063 Thread 0x0000021b1312d4a0 Thread added: 0x0000021b1312d4a0
Event: 0.125 Thread 0x0000021b131e24f0 Thread added: 0x0000021b131e24f0
Event: 0.148 Loaded shared library C:\Program Files\Java\jdk-18.0.2.1\bin\net.dll
Event: 0.149 Loaded shared library C:\Program Files\Java\jdk-18.0.2.1\bin\nio.dll


Dynamic libraries:
0x00007ff755760000 - 0x00007ff755770000 	C:\Program Files\Java\jdk-18.0.2.1\bin\java.exe
0x00007ffb14590000 - 0x00007ffb147a4000 	C:\windows\SYSTEM32\ntdll.dll
0x00007ffb135a0000 - 0x00007ffb13662000 	C:\windows\System32\KERNEL32.DLL
0x00007ffb11d80000 - 0x00007ffb12123000 	C:\windows\System32\KERNELBASE.dll
0x00007ffb11a30000 - 0x00007ffb11b41000 	C:\windows\System32\ucrtbase.dll
0x00007ffaf9340000 - 0x00007ffaf935a000 	C:\Program Files\Java\jdk-18.0.2.1\bin\VCRUNTIME140.dll
0x00007ffae4890000 - 0x00007ffae48a8000 	C:\Program Files\Java\jdk-18.0.2.1\bin\jli.dll
0x00007ffb126f0000 - 0x00007ffb1279e000 	C:\windows\System32\ADVAPI32.dll
0x00007ffb137a0000 - 0x00007ffb13847000 	C:\windows\System32\msvcrt.dll
0x00007ffb12ce0000 - 0x00007ffb12d84000 	C:\windows\System32\sechost.dll
0x00007ffb13e70000 - 0x00007ffb13f87000 	C:\windows\System32\RPCRT4.dll
0x00007ffb12370000 - 0x00007ffb1251a000 	C:\windows\System32\USER32.dll
0x00007ffb12130000 - 0x00007ffb12156000 	C:\windows\System32\win32u.dll
0x00007ffb13870000 - 0x00007ffb13899000 	C:\windows\System32\GDI32.dll
0x00007ffb121e0000 - 0x00007ffb122f9000 	C:\windows\System32\gdi32full.dll
0x00007ffb11990000 - 0x00007ffb11a2a000 	C:\windows\System32\msvcp_win.dll
0x00007ffaef040000 - 0x00007ffaef2ce000 	C:\windows\WinSxS\amd64_microsoft.windows.common-controls_6595b64144ccf1df_6.0.22621.1635_none_270f70857386168e\COMCTL32.dll
0x00007ffb06bf0000 - 0x00007ffb06bfa000 	C:\windows\SYSTEM32\VERSION.dll
0x00007ffb14510000 - 0x00007ffb14541000 	C:\windows\System32\IMM32.DLL
0x00007ffaf9330000 - 0x00007ffaf933c000 	C:\Program Files\Java\jdk-18.0.2.1\bin\vcruntime140_1.dll
0x00007ffaeb900000 - 0x00007ffaeb98d000 	C:\Program Files\Java\jdk-18.0.2.1\bin\msvcp140.dll
0x00007ffa8ce90000 - 0x00007ffa8daa1000 	C:\Program Files\Java\jdk-18.0.2.1\bin\server\jvm.dll
0x00007ffb14500000 - 0x00007ffb14508000 	C:\windows\System32\PSAPI.DLL
0x00007ffb09e10000 - 0x00007ffb09e44000 	C:\windows\SYSTEM32\WINMM.dll
0x00007ffaf11a0000 - 0x00007ffaf11a9000 	C:\windows\SYSTEM32\WSOCK32.dll
0x00007ffb138a0000 - 0x00007ffb13911000 	C:\windows\System32\WS2_32.dll
0x00007ffb109a0000 - 0x00007ffb109b8000 	C:\windows\SYSTEM32\kernel.appcore.dll
0x00007ffaf9320000 - 0x00007ffaf932a000 	C:\Program Files\Java\jdk-18.0.2.1\bin\jimage.dll
0x00007ffb0f350000 - 0x00007ffb0f57e000 	C:\windows\SYSTEM32\DBGHELP.DLL
0x00007ffb14100000 - 0x00007ffb14489000 	C:\windows\System32\combase.dll
0x00007ffb13f90000 - 0x00007ffb14067000 	C:\windows\System32\OLEAUT32.dll
0x00007ffaf9e60000 - 0x00007ffaf9e92000 	C:\windows\SYSTEM32\dbgcore.DLL
0x00007ffb12160000 - 0x00007ffb121da000 	C:\windows\System32\bcryptPrimitives.dll
0x00007ffaf2510000 - 0x00007ffaf2535000 	C:\Program Files\Java\jdk-18.0.2.1\bin\java.dll
0x00007ffadf3a0000 - 0x00007ffadf476000 	C:\Program Files\Java\jdk-18.0.2.1\bin\jsvml.dll
0x00007ffb12da0000 - 0x00007ffb13599000 	C:\windows\System32\SHELL32.dll
0x00007ffb0f930000 - 0x00007ffb101fe000 	C:\windows\SYSTEM32\windows.storage.dll
0x00007ffb0f7f0000 - 0x00007ffb0f92e000 	C:\windows\SYSTEM32\wintypes.dll
0x00007ffb12590000 - 0x00007ffb12681000 	C:\windows\System32\SHCORE.dll
0x00007ffb14490000 - 0x00007ffb144ee000 	C:\windows\System32\shlwapi.dll
0x00007ffb118c0000 - 0x00007ffb118e6000 	C:\windows\SYSTEM32\profapi.dll
0x00007ffaf9150000 - 0x00007ffaf9163000 	C:\Program Files\Java\jdk-18.0.2.1\bin\net.dll
0x00007ffb0c200000 - 0x00007ffb0c337000 	C:\windows\SYSTEM32\WINHTTP.dll
0x00007ffb10e50000 - 0x00007ffb10eb9000 	C:\windows\system32\mswsock.dll
0x00007ffaf9110000 - 0x00007ffaf9126000 	C:\Program Files\Java\jdk-18.0.2.1\bin\nio.dll

dbghelp: loaded successfully - version: 4.0.5 - missing functions: none
symbol engine: initialized successfully - sym options: 0x614 - pdb path: .;C:\Program Files\Java\jdk-18.0.2.1\bin;C:\windows\SYSTEM32;C:\windows\WinSxS\amd64_microsoft.windows.common-controls_6595b64144ccf1df_6.0.22621.1635_none_270f70857386168e;C:\Program Files\Java\jdk-18.0.2.1\bin\server

VM Arguments:
jvm_args: -Dfile.encoding=UTF-8 --module-path=C:\Users\jagad\OneDrive\Documents\NetBeansProjects\Employe.Management.System\build\classes 
java_command: employe.management.system.Home
java_class_path (initial): C:\Users\jagad\Downloads\mysql-connector-java-8.0.28 (1).jar;C:\Users\jagad\Downloads\jcalendar-tz-1.3.3-4.jar;C:\Users\jagad\Downloads\rs2xml.jar;C:\Users\jagad\OneDrive\Documents\NetBeansProjects\Employe.Management.System\build\classes
Launcher Type: SUN_STANDARD

[Global flags]
     intx CICompilerCount                          = 4                                         {product} {ergonomic}
     uint ConcGCThreads                            = 3                                         {product} {ergonomic}
     uint G1ConcRefinementThreads                  = 10                                        {product} {ergonomic}
   size_t G1HeapRegionSize                         = 1048576                                   {product} {ergonomic}
    uintx GCDrainStackTargetSize                   = 64                                        {product} {ergonomic}
   size_t InitialHeapSize                          = 130023424                                 {product} {ergonomic}
   size_t MarkStackSize                            = 4194304                                   {product} {ergonomic}
   size_t MaxHeapSize                              = 2061500416                                {product} {ergonomic}
   size_t MaxNewSize                               = 1236271104                                {product} {ergonomic}
   size_t MinHeapDeltaBytes                        = 1048576                                   {product} {ergonomic}
   size_t MinHeapSize                              = 8388608                                   {product} {ergonomic}
    uintx NonNMethodCodeHeapSize                   = 5839372                                {pd product} {ergonomic}
    uintx NonProfiledCodeHeapSize                  = 122909434                              {pd product} {ergonomic}
    uintx ProfiledCodeHeapSize                     = 122909434                              {pd product} {ergonomic}
    uintx ReservedCodeCacheSize                    = 251658240                              {pd product} {ergonomic}
     bool SegmentedCodeCache                       = true                                      {product} {ergonomic}
   size_t SoftMaxHeapSize                          = 2061500416                             {manageable} {ergonomic}
     bool UseCompressedClassPointers               = true                           {product lp64_product} {ergonomic}
     bool UseCompressedOops                        = true                           {product lp64_product} {ergonomic}
     bool UseG1GC                                  = true                                      {product} {ergonomic}
     bool UseLargePagesIndividualAllocation        = false                                  {pd product} {ergonomic}

Logging:
Log output configuration:
 #0: stdout all=warning uptime,level,tags foldmultilines=false
 #1: stderr all=off uptime,level,tags foldmultilines=false

Environment Variables:
PATH=C:\Program Files\Common Files\Oracle\Java\javapath;C:\windows\system32;C:\windows;C:\windows\System32\Wbem;C:\windows\System32\WindowsPowerShell\v1.0\;C:\windows\System32\OpenSSH\;C:\Program Files\MySQL\MySQL Shell 8.0\bin\;C:\Users\jagad\AppData\Local\Microsoft\WindowsApps;;C:\Program Files\JetBrains\IntelliJ IDEA Community Edition 2022.2.3\bin;;C:\Users\jagad\AppData\Local\Programs\Microsoft VS Code\bin
USERNAME=jagad
OS=Windows_NT
PROCESSOR_IDENTIFIER=Intel64 Family 6 Model 154 Stepping 4, GenuineIntel



---------------  S Y S T E M  ---------------

OS:
 Windows 11 , 64 bit Build 22621 (10.0.22621.1928)
OS uptime: 1 days 23:18 hours
Hyper-V role detected

CPU: total 12 (initial active 12) (6 cores per cpu, 2 threads per core) family 6 model 154 stepping 4 microcode 0x423, cx8, cmov, fxsr, ht, mmx, 3dnowpref, sse, sse2, sse3, ssse3, sse4.1, sse4.2, popcnt, lzcnt, tsc, tscinvbit, avx, avx2, aes, erms, clmul, bmi1, bmi2, adx, sha, fma, vzeroupper, clflush, clflushopt, clwb, hv, serialize

Memory: 4k page, system-wide physical 7860M (466M free)
TotalPageFile size 32436M (AvailPageFile size 0M)
current process WorkingSet (physical memory assigned to process): 31M, peak: 31M
current process commit charge ("private bytes"): 205M, peak: 205M

vm_info: Java HotSpot(TM) 64-Bit Server VM (18.0.2.1+1-1) for windows-amd64 JRE (18.0.2.1+1-1), built on Aug 16 2022 01:46:33 by "mach5one" with MS VC++ 16.8 / 16.9 (VS2019)

END.
