#
# There is insufficient memory for the Java Runtime Environment to continue.
# Native memory allocation (mmap) failed to map 65536 bytes for Failed to commit metaspace.
# Possible reasons:
#   The system is out of physical RAM or swap space
#   The process is running with CompressedOops enabled, and the Java Heap may be blocking the growth of the native heap
# Possible solutions:
#   Reduce memory load on the system
#   Increase physical memory or swap space
#   Check if swap backing store is full
#   Decrease Java heap size (-Xmx/-Xms)
#   Decrease number of Java threads
#   Decrease Java thread stack sizes (-Xss)
#   Set larger code cache with -XX:ReservedCodeCacheSize=
#   JVM is running with Unscaled Compressed Oops mode in which the Java heap is
#     placed in the first 4GB address space. The Java Heap base address is the
#     maximum limit for the native heap growth. Please use -XX:HeapBaseMinAddress
#     to set the Java Heap base and to place the Java Heap above 4GB virtual address.
# This output file may be truncated or incomplete.
#
#  Out of Memory Error (virtualSpaceNode.cpp:110), pid=28188, tid=18952
#
# JRE version: Java(TM) SE Runtime Environment (18.0.2.1+1) (build 18.0.2.1+1-1)
# Java VM: Java HotSpot(TM) 64-Bit Server VM (18.0.2.1+1-1, mixed mode, sharing, tiered, compressed oops, compressed class ptrs, g1 gc, windows-amd64)
# No core dump will be written. Minidumps are not enabled by default on client versions of Windows
#

---------------  S U M M A R Y ------------

Command Line: -Dfile.encoding=UTF-8 --module-path=C:\Users\jagad\OneDrive\Documents\NetBeansProjects\Employe.Management.System\build\classes employe.management.system.ViewEmploye

Host: 12th Gen Intel(R) Core(TM) i5-1235U, 12 cores, 7G,  Windows 11 , 64 bit Build 22621 (10.0.22621.1928)
Time: Sat Jul 22 00:48:45 2023 India Standard Time elapsed time: 4.511668 seconds (0d 0h 0m 4s)

---------------  T H R E A D  ---------------

Current thread (0x00000248c682dd80):  JavaThread "AWT-EventQueue-0" [_thread_in_vm, id=18952, stack(0x000000ba5c500000,0x000000ba5c600000)]

Stack: [0x000000ba5c500000,0x000000ba5c600000]
Native frames: (J=compiled Java code, j=interpreted, Vv=VM code, C=native code)
V  [jvm.dll+0x6993aa]
V  [jvm.dll+0x7f46dd]
V  [jvm.dll+0x7f5fee]
V  [jvm.dll+0x7f66a3]
V  [jvm.dll+0x25cf1f]
V  [jvm.dll+0x7f03eb]
V  [jvm.dll+0x63f526]
V  [jvm.dll+0x63f58a]
V  [jvm.dll+0x641e0e]
V  [jvm.dll+0x641cce]
V  [jvm.dll+0x63feee]
V  [jvm.dll+0x252ab0]
V  [jvm.dll+0x20333d]
V  [jvm.dll+0x1f8d61]
V  [jvm.dll+0x55dc05]
V  [jvm.dll+0x209c17]
V  [jvm.dll+0x76dd8d]
V  [jvm.dll+0x76f0c6]
V  [jvm.dll+0x76f3f8]
V  [jvm.dll+0x255346]
V  [jvm.dll+0x25558f]
V  [jvm.dll+0x57c6c8]
V  [jvm.dll+0x57f537]
V  [jvm.dll+0x3a4da3]
V  [jvm.dll+0x3a443f]
C  0x00000248aa86a5ec

Java frames: (J=compiled Java code, j=interpreted, Vv=VM code)
j  javax.swing.plaf.basic.BasicButtonUI.getPreferredSize(Ljavax/swing/JComponent;)Ljava/awt/Dimension;+10 java.desktop@18.0.2.1
j  javax.swing.plaf.basic.BasicButtonUI.getMinimumSize(Ljavax/swing/JComponent;)Ljava/awt/Dimension;+2 java.desktop@18.0.2.1
j  javax.swing.JComponent.getMinimumSize()Ljava/awt/Dimension;+26 java.desktop@18.0.2.1
j  javax.swing.plaf.basic.BasicOptionPaneUI.addButtonComponents(Ljava/awt/Container;[Ljava/lang/Object;I)V+244 java.desktop@18.0.2.1
j  javax.swing.plaf.basic.BasicOptionPaneUI.createButtonArea()Ljava/awt/Container;+109 java.desktop@18.0.2.1
j  javax.swing.plaf.basic.BasicOptionPaneUI.installComponents()V+35 java.desktop@18.0.2.1
j  javax.swing.plaf.basic.BasicOptionPaneUI.installUI(Ljavax/swing/JComponent;)V+24 java.desktop@18.0.2.1
j  javax.swing.JComponent.setUI(Ljavax/swing/plaf/ComponentUI;)V+52 java.desktop@18.0.2.1
j  javax.swing.JOptionPane.setUI(Ljavax/swing/plaf/OptionPaneUI;)V+10 java.desktop@18.0.2.1
j  javax.swing.JOptionPane.updateUI()V+8 java.desktop@18.0.2.1
j  javax.swing.JOptionPane.<init>(Ljava/lang/Object;IILjavax/swing/Icon;[Ljava/lang/Object;Ljava/lang/Object;)V+67 java.desktop@18.0.2.1
j  javax.swing.JOptionPane.showOptionDialog(Ljava/awt/Component;Ljava/lang/Object;Ljava/lang/String;IILjavax/swing/Icon;[Ljava/lang/Object;Ljava/lang/Object;)I+14 java.desktop@18.0.2.1
j  javax.swing.JOptionPane.showMessageDialog(Ljava/awt/Component;Ljava/lang/Object;Ljava/lang/String;ILjavax/swing/Icon;)V+9 java.desktop@18.0.2.1
j  javax.swing.JOptionPane.showMessageDialog(Ljava/awt/Component;Ljava/lang/Object;Ljava/lang/String;I)V+5 java.desktop@18.0.2.1
j  javax.swing.JOptionPane.showMessageDialog(Ljava/awt/Component;Ljava/lang/Object;)V+9 java.desktop@18.0.2.1
j  sun.print.ServiceDialog.showNoPrintService(Ljava/awt/GraphicsConfiguration;)V+16 java.desktop@18.0.2.1
j  sun.print.RasterPrinterJob$3.run()Ljavax/print/PrintService;+16 java.desktop@18.0.2.1
j  sun.print.RasterPrinterJob$3.run()Ljava/lang/Object;+1 java.desktop@18.0.2.1
J 1655 c1 java.security.AccessController.doPrivileged(Ljava/security/PrivilegedAction;)Ljava/lang/Object; java.base@18.0.2.1 (9 bytes) @ 0x00000248ab0c7444 [0x00000248ab0c72e0+0x0000000000000164]
j  sun.print.RasterPrinterJob.printDialog(Ljavax/print/attribute/PrintRequestAttributeSet;)Z+151 java.desktop@18.0.2.1
j  javax.swing.JTable.print(Ljavax/swing/JTable$PrintMode;Ljava/text/MessageFormat;Ljava/text/MessageFormat;ZLjavax/print/attribute/PrintRequestAttributeSet;ZLjavax/print/PrintService;)Z+165 java.desktop@18.0.2.1
j  javax.swing.JTable.print(Ljavax/swing/JTable$PrintMode;Ljava/text/MessageFormat;Ljava/text/MessageFormat;ZLjavax/print/attribute/PrintRequestAttributeSet;Z)Z+11 java.desktop@18.0.2.1
j  javax.swing.JTable.print(Ljavax/swing/JTable$PrintMode;Ljava/text/MessageFormat;Ljava/text/MessageFormat;)Z+22 java.desktop@18.0.2.1
j  javax.swing.JTable.print(Ljavax/swing/JTable$PrintMode;)Z+4 java.desktop@18.0.2.1
j  javax.swing.JTable.print()Z+4 java.desktop@18.0.2.1
j  employe.management.system.ViewEmploye.actionPerformed(Ljava/awt/event/ActionEvent;)V+82
j  javax.swing.AbstractButton.fireActionPerformed(Ljava/awt/event/ActionEvent;)V+84 java.desktop@18.0.2.1
j  javax.swing.AbstractButton$Handler.actionPerformed(Ljava/awt/event/ActionEvent;)V+5 java.desktop@18.0.2.1
j  javax.swing.DefaultButtonModel.fireActionPerformed(Ljava/awt/event/ActionEvent;)V+34 java.desktop@18.0.2.1
j  javax.swing.DefaultButtonModel.setPressed(Z)V+117 java.desktop@18.0.2.1
j  javax.swing.plaf.basic.BasicButtonListener.mouseReleased(Ljava/awt/event/MouseEvent;)V+35 java.desktop@18.0.2.1
j  java.awt.Component.processMouseEvent(Ljava/awt/event/MouseEvent;)V+64 java.desktop@18.0.2.1
j  javax.swing.JComponent.processMouseEvent(Ljava/awt/event/MouseEvent;)V+23 java.desktop@18.0.2.1
j  java.awt.Component.processEvent(Ljava/awt/AWTEvent;)V+81 java.desktop@18.0.2.1
j  java.awt.Container.processEvent(Ljava/awt/AWTEvent;)V+18 java.desktop@18.0.2.1
j  java.awt.Component.dispatchEventImpl(Ljava/awt/AWTEvent;)V+492 java.desktop@18.0.2.1
j  java.awt.Container.dispatchEventImpl(Ljava/awt/AWTEvent;)V+42 java.desktop@18.0.2.1
j  java.awt.Component.dispatchEvent(Ljava/awt/AWTEvent;)V+2 java.desktop@18.0.2.1
j  java.awt.LightweightDispatcher.retargetMouseEvent(Ljava/awt/Component;ILjava/awt/event/MouseEvent;)V+349 java.desktop@18.0.2.1
j  java.awt.LightweightDispatcher.processMouseEvent(Ljava/awt/event/MouseEvent;)Z+155 java.desktop@18.0.2.1
j  java.awt.LightweightDispatcher.dispatchEvent(Ljava/awt/AWTEvent;)Z+50 java.desktop@18.0.2.1
j  java.awt.Container.dispatchEventImpl(Ljava/awt/AWTEvent;)V+12 java.desktop@18.0.2.1
j  java.awt.Window.dispatchEventImpl(Ljava/awt/AWTEvent;)V+19 java.desktop@18.0.2.1
j  java.awt.Component.dispatchEvent(Ljava/awt/AWTEvent;)V+2 java.desktop@18.0.2.1
j  java.awt.EventQueue.dispatchEventImpl(Ljava/awt/AWTEvent;Ljava/lang/Object;)V+41 java.desktop@18.0.2.1
j  java.awt.EventQueue$4.run()Ljava/lang/Void;+32 java.desktop@18.0.2.1
j  java.awt.EventQueue$4.run()Ljava/lang/Object;+1 java.desktop@18.0.2.1
J 1804 c1 java.security.ProtectionDomain$JavaSecurityAccessImpl.doIntersectionPrivilege(Ljava/security/PrivilegedAction;Ljava/security/AccessControlContext;Ljava/security/AccessControlContext;)Ljava/lang/Object; java.base@18.0.2.1 (22 bytes) @ 0x00000248ab100d34 [0x00000248ab100aa0+0x0000000000000294]
j  java.security.ProtectionDomain$JavaSecurityAccessImpl.doIntersectionPrivilege(Ljava/security/PrivilegedAction;Ljava/security/AccessControlContext;)Ljava/lang/Object;+6 java.base@18.0.2.1
j  java.awt.EventQueue$5.run()Ljava/lang/Void;+11 java.desktop@18.0.2.1
j  java.awt.EventQueue$5.run()Ljava/lang/Object;+1 java.desktop@18.0.2.1
J 1804 c1 java.security.ProtectionDomain$JavaSecurityAccessImpl.doIntersectionPrivilege(Ljava/security/PrivilegedAction;Ljava/security/AccessControlContext;Ljava/security/AccessControlContext;)Ljava/lang/Object; java.base@18.0.2.1 (22 bytes) @ 0x00000248ab100d34 [0x00000248ab100aa0+0x0000000000000294]
j  java.awt.EventQueue.dispatchEvent(Ljava/awt/AWTEvent;)V+73 java.desktop@18.0.2.1
j  java.awt.EventDispatchThread.pumpOneEventForFilters(I)V+78 java.desktop@18.0.2.1
j  java.awt.EventDispatchThread.pumpEventsForFilter(ILjava/awt/Conditional;Ljava/awt/EventFilter;)V+35 java.desktop@18.0.2.1
j  java.awt.EventDispatchThread.pumpEventsForHierarchy(ILjava/awt/Conditional;Ljava/awt/Component;)V+11 java.desktop@18.0.2.1
j  java.awt.EventDispatchThread.pumpEvents(ILjava/awt/Conditional;)V+4 java.desktop@18.0.2.1
j  java.awt.EventDispatchThread.pumpEvents(Ljava/awt/Conditional;)V+3 java.desktop@18.0.2.1
j  java.awt.EventDispatchThread.run()V+9 java.desktop@18.0.2.1
v  ~StubRoutines::call_stub

---------------  P R O C E S S  ---------------

Threads class SMR info:
_java_thread_list=0x00000248c70e4ea0, length=20, elements={
0x00000248c12c02b0, 0x00000248c12c2b70, 0x00000248c12def90, 0x00000248c12df840,
0x00000248c12e2b60, 0x00000248c12e3620, 0x00000248c12e5950, 0x00000248c12e6240,
0x00000248c12e6b30, 0x00000248c5542260, 0x00000248c561f7c0, 0x00000248c57ab0e0,
0x00000248c57c6190, 0x00000248c57fbef0, 0x00000248c581ce80, 0x00000248c682dd80,
0x00000248a2f1c4e0, 0x00000248c69713f0, 0x00000248c7126ed0, 0x00000248c7130cd0
}

Java Threads: ( => current thread )
  0x00000248c12c02b0 JavaThread "Reference Handler" daemon [_thread_blocked, id=23524, stack(0x000000ba5b400000,0x000000ba5b500000)]
  0x00000248c12c2b70 JavaThread "Finalizer" daemon [_thread_blocked, id=23224, stack(0x000000ba5b500000,0x000000ba5b600000)]
  0x00000248c12def90 JavaThread "Signal Dispatcher" daemon [_thread_blocked, id=2208, stack(0x000000ba5b600000,0x000000ba5b700000)]
  0x00000248c12df840 JavaThread "Attach Listener" daemon [_thread_blocked, id=7160, stack(0x000000ba5b700000,0x000000ba5b800000)]
  0x00000248c12e2b60 JavaThread "Service Thread" daemon [_thread_blocked, id=22580, stack(0x000000ba5b800000,0x000000ba5b900000)]
  0x00000248c12e3620 JavaThread "Monitor Deflation Thread" daemon [_thread_blocked, id=10800, stack(0x000000ba5b900000,0x000000ba5ba00000)]
  0x00000248c12e5950 JavaThread "C2 CompilerThread0" daemon [_thread_blocked, id=21520, stack(0x000000ba5ba00000,0x000000ba5bb00000)]
  0x00000248c12e6240 JavaThread "C1 CompilerThread0" daemon [_thread_in_vm, id=8072, stack(0x000000ba5bb00000,0x000000ba5bc00000)]
  0x00000248c12e6b30 JavaThread "Sweeper thread" daemon [_thread_blocked, id=14416, stack(0x000000ba5bc00000,0x000000ba5bd00000)]
  0x00000248c5542260 JavaThread "Common-Cleaner" daemon [_thread_blocked, id=23824, stack(0x000000ba5bd00000,0x000000ba5be00000)]
  0x00000248c561f7c0 JavaThread "Notification Thread" daemon [_thread_blocked, id=26160, stack(0x000000ba5be00000,0x000000ba5bf00000)]
  0x00000248c57ab0e0 JavaThread "Java2D Disposer" daemon [_thread_blocked, id=2880, stack(0x000000ba5c100000,0x000000ba5c200000)]
  0x00000248c57c6190 JavaThread "AWT-Shutdown" [_thread_blocked, id=31372, stack(0x000000ba5c200000,0x000000ba5c300000)]
  0x00000248c57fbef0 JavaThread "AWT-Windows" daemon [_thread_in_native, id=19828, stack(0x000000ba5c300000,0x000000ba5c400000)]
  0x00000248c581ce80 JavaThread "mysql-cj-abandoned-connection-cleanup" daemon [_thread_blocked, id=20192, stack(0x000000ba5c400000,0x000000ba5c500000)]
=>0x00000248c682dd80 JavaThread "AWT-EventQueue-0" [_thread_in_vm, id=18952, stack(0x000000ba5c500000,0x000000ba5c600000)]
  0x00000248a2f1c4e0 JavaThread "DestroyJavaVM" [_thread_blocked, id=21304, stack(0x000000ba5ad00000,0x000000ba5ae00000)]
  0x00000248c69713f0 JavaThread "TimerQueue" daemon [_thread_blocked, id=25588, stack(0x000000ba5c000000,0x000000ba5c100000)]
  0x00000248c7126ed0 JavaThread "PrinterListener" daemon [_thread_in_native, id=25896, stack(0x000000ba5c900000,0x000000ba5ca00000)]
  0x00000248c7130cd0 JavaThread "RemotePrinterListener" daemon [_thread_in_native, id=18176, stack(0x000000ba5ca00000,0x000000ba5cb00000)]

Other Threads:
  0x00000248a2f9fe50 VMThread "VM Thread" [stack: 0x000000ba5b300000,0x000000ba5b400000] [id=5700]
  0x00000248c5621c90 WatcherThread "VM Periodic Task Thread" [stack: 0x000000ba5bf00000,0x000000ba5c000000] [id=33884]
  0x00000248a2f7bde0 WorkerThread "GC Thread#0" [stack: 0x000000ba5ae00000,0x000000ba5af00000] [id=16992]
  0x00000248a2f8cb50 ConcurrentGCThread "G1 Main Marker" [stack: 0x000000ba5af00000,0x000000ba5b000000] [id=10492]
  0x00000248a2f909b0 WorkerThread "G1 Conc#0" [stack: 0x000000ba5b000000,0x000000ba5b100000] [id=9844]
  0x00000248a2fde730 ConcurrentGCThread "G1 Refine#0" [stack: 0x000000ba5b100000,0x000000ba5b200000] [id=9024]
  0x00000248c11770c0 ConcurrentGCThread "G1 Service" [stack: 0x000000ba5b200000,0x000000ba5b300000] [id=20760]

Threads with active compile tasks:
C1 CompilerThread0     4538 1842       3       javax.swing.UIManager::getDefaults (10 bytes)

VM state: not at safepoint (normal execution)

VM Mutex/Monitor currently owned by a thread:  ([mutex/lock_event])
[0x00000248a2f172f0] Metaspace_lock - owner thread: 0x00000248c682dd80
[0x00000248a2f194a0] MethodData_lock - owner thread: 0x00000248c12e6240

OutOfMemory and StackOverflow Exception counts:
OutOfMemoryError java_heap_errors=4
LinkageErrors=14

Heap address: 0x0000000085200000, size: 1966 MB, Compressed Oops mode: 32-bit

CDS archive(s) mapped at: [0x0000000800000000-0x0000000800ba0000-0x0000000800ba0000), size 12189696, SharedBaseAddress: 0x0000000800000000, ArchiveRelocationMode: 0.
Compressed class space mapped at: 0x0000000800c00000-0x0000000840c00000, reserved size: 1073741824
Narrow klass base: 0x0000000800000000, Narrow klass shift: 0, Narrow klass range: 0x100000000

GC Precious Log:
 CardTable entry size: 512
 Card Set container configuration: InlinePtr #cards 5 size 8 Array Of Cards #cards 12 size 40 Howl #buckets 4 coarsen threshold 1843 Howl Bitmap #cards 512 size 80 coarsen threshold 460 Card regions per heap region 1 cards per card region 2048
 CPUs: 12 total, 12 available
 Memory: 7860M
 Large Page Support: Disabled
 NUMA Support: Disabled
 Compressed Oops: Enabled (32-bit)
 Heap Region Size: 1M
 Heap Min Capacity: 8M
 Heap Initial Capacity: 124M
 Heap Max Capacity: 1966M
 Pre-touch: Disabled
 Parallel Workers: 10
 Concurrent Workers: 3
 Concurrent Refinement Workers: 10
 Periodic GC: Disabled

Heap:
 garbage-first heap   total 126976K, used 25600K [0x0000000085200000, 0x0000000100000000)
  region size 1024K, 23 young (23552K), 0 survivors (0K)
 Metaspace       used 17280K, committed 17472K, reserved 1114112K
  class space    used 1910K, committed 2048K, reserved 1048576K

Heap Regions: E=young(eden), S=young(survivor), O=old, HS=humongous(starts), HC=humongous(continues), CS=collection set, F=free, OA=open archive, CA=closed archive, TAMS=top-at-mark-start (previous, next)
|   0|0x0000000085200000, 0x0000000085300000, 0x0000000085300000|100%|HS|  |TAMS 0x0000000085200000, 0x0000000085200000| Complete 
|   1|0x0000000085300000, 0x0000000085400000, 0x0000000085400000|100%|HC|  |TAMS 0x0000000085300000, 0x0000000085300000| Complete 
|   2|0x0000000085400000, 0x0000000085500000, 0x0000000085500000|100%|HC|  |TAMS 0x0000000085400000, 0x0000000085400000| Complete 
|   3|0x0000000085500000, 0x0000000085600000, 0x0000000085600000|100%|HC|  |TAMS 0x0000000085500000, 0x0000000085500000| Complete 
|   4|0x0000000085600000, 0x0000000085600000, 0x0000000085700000|  0%| F|  |TAMS 0x0000000085600000, 0x0000000085600000| Untracked 
|   5|0x0000000085700000, 0x0000000085700000, 0x0000000085800000|  0%| F|  |TAMS 0x0000000085700000, 0x0000000085700000| Untracked 
|   6|0x0000000085800000, 0x0000000085800000, 0x0000000085900000|  0%| F|  |TAMS 0x0000000085800000, 0x0000000085800000| Untracked 
|   7|0x0000000085900000, 0x0000000085900000, 0x0000000085a00000|  0%| F|  |TAMS 0x0000000085900000, 0x0000000085900000| Untracked 
|   8|0x0000000085a00000, 0x0000000085a00000, 0x0000000085b00000|  0%| F|  |TAMS 0x0000000085a00000, 0x0000000085a00000| Untracked 
|   9|0x0000000085b00000, 0x0000000085b00000, 0x0000000085c00000|  0%| F|  |TAMS 0x0000000085b00000, 0x0000000085b00000| Untracked 
|  10|0x0000000085c00000, 0x0000000085c00000, 0x0000000085d00000|  0%| F|  |TAMS 0x0000000085c00000, 0x0000000085c00000| Untracked 
|  11|0x0000000085d00000, 0x0000000085d00000, 0x0000000085e00000|  0%| F|  |TAMS 0x0000000085d00000, 0x0000000085d00000| Untracked 
|  12|0x0000000085e00000, 0x0000000085e00000, 0x0000000085f00000|  0%| F|  |TAMS 0x0000000085e00000, 0x0000000085e00000| Untracked 
|  13|0x0000000085f00000, 0x0000000085f00000, 0x0000000086000000|  0%| F|  |TAMS 0x0000000085f00000, 0x0000000085f00000| Untracked 
|  14|0x0000000086000000, 0x0000000086000000, 0x0000000086100000|  0%| F|  |TAMS 0x0000000086000000, 0x0000000086000000| Untracked 
|  15|0x0000000086100000, 0x0000000086100000, 0x0000000086200000|  0%| F|  |TAMS 0x0000000086100000, 0x0000000086100000| Untracked 
|  16|0x0000000086200000, 0x0000000086200000, 0x0000000086300000|  0%| F|  |TAMS 0x0000000086200000, 0x0000000086200000| Untracked 
|  17|0x0000000086300000, 0x0000000086300000, 0x0000000086400000|  0%| F|  |TAMS 0x0000000086300000, 0x0000000086300000| Untracked 
|  18|0x0000000086400000, 0x0000000086400000, 0x0000000086500000|  0%| F|  |TAMS 0x0000000086400000, 0x0000000086400000| Untracked 
|  19|0x0000000086500000, 0x0000000086500000, 0x0000000086600000|  0%| F|  |TAMS 0x0000000086500000, 0x0000000086500000| Untracked 
|  20|0x0000000086600000, 0x0000000086600000, 0x0000000086700000|  0%| F|  |TAMS 0x0000000086600000, 0x0000000086600000| Untracked 
|  21|0x0000000086700000, 0x0000000086700000, 0x0000000086800000|  0%| F|  |TAMS 0x0000000086700000, 0x0000000086700000| Untracked 
|  22|0x0000000086800000, 0x0000000086800000, 0x0000000086900000|  0%| F|  |TAMS 0x0000000086800000, 0x0000000086800000| Untracked 
|  23|0x0000000086900000, 0x0000000086900000, 0x0000000086a00000|  0%| F|  |TAMS 0x0000000086900000, 0x0000000086900000| Untracked 
|  24|0x0000000086a00000, 0x0000000086a00000, 0x0000000086b00000|  0%| F|  |TAMS 0x0000000086a00000, 0x0000000086a00000| Untracked 
|  25|0x0000000086b00000, 0x0000000086b00000, 0x0000000086c00000|  0%| F|  |TAMS 0x0000000086b00000, 0x0000000086b00000| Untracked 
|  26|0x0000000086c00000, 0x0000000086c00000, 0x0000000086d00000|  0%| F|  |TAMS 0x0000000086c00000, 0x0000000086c00000| Untracked 
|  27|0x0000000086d00000, 0x0000000086d00000, 0x0000000086e00000|  0%| F|  |TAMS 0x0000000086d00000, 0x0000000086d00000| Untracked 
|  28|0x0000000086e00000, 0x0000000086e00000, 0x0000000086f00000|  0%| F|  |TAMS 0x0000000086e00000, 0x0000000086e00000| Untracked 
|  29|0x0000000086f00000, 0x0000000086f00000, 0x0000000087000000|  0%| F|  |TAMS 0x0000000086f00000, 0x0000000086f00000| Untracked 
|  30|0x0000000087000000, 0x0000000087000000, 0x0000000087100000|  0%| F|  |TAMS 0x0000000087000000, 0x0000000087000000| Untracked 
|  31|0x0000000087100000, 0x0000000087100000, 0x0000000087200000|  0%| F|  |TAMS 0x0000000087100000, 0x0000000087100000| Untracked 
|  32|0x0000000087200000, 0x0000000087200000, 0x0000000087300000|  0%| F|  |TAMS 0x0000000087200000, 0x0000000087200000| Untracked 
|  33|0x0000000087300000, 0x0000000087300000, 0x0000000087400000|  0%| F|  |TAMS 0x0000000087300000, 0x0000000087300000| Untracked 
|  34|0x0000000087400000, 0x0000000087400000, 0x0000000087500000|  0%| F|  |TAMS 0x0000000087400000, 0x0000000087400000| Untracked 
|  35|0x0000000087500000, 0x0000000087500000, 0x0000000087600000|  0%| F|  |TAMS 0x0000000087500000, 0x0000000087500000| Untracked 
|  36|0x0000000087600000, 0x0000000087600000, 0x0000000087700000|  0%| F|  |TAMS 0x0000000087600000, 0x0000000087600000| Untracked 
|  37|0x0000000087700000, 0x0000000087700000, 0x0000000087800000|  0%| F|  |TAMS 0x0000000087700000, 0x0000000087700000| Untracked 
|  38|0x0000000087800000, 0x0000000087800000, 0x0000000087900000|  0%| F|  |TAMS 0x0000000087800000, 0x0000000087800000| Untracked 
|  39|0x0000000087900000, 0x0000000087900000, 0x0000000087a00000|  0%| F|  |TAMS 0x0000000087900000, 0x0000000087900000| Untracked 
|  40|0x0000000087a00000, 0x0000000087a00000, 0x0000000087b00000|  0%| F|  |TAMS 0x0000000087a00000, 0x0000000087a00000| Untracked 
|  41|0x0000000087b00000, 0x0000000087b00000, 0x0000000087c00000|  0%| F|  |TAMS 0x0000000087b00000, 0x0000000087b00000| Untracked 
|  42|0x0000000087c00000, 0x0000000087c00000, 0x0000000087d00000|  0%| F|  |TAMS 0x0000000087c00000, 0x0000000087c00000| Untracked 
|  43|0x0000000087d00000, 0x0000000087d00000, 0x0000000087e00000|  0%| F|  |TAMS 0x0000000087d00000, 0x0000000087d00000| Untracked 
|  44|0x0000000087e00000, 0x0000000087e00000, 0x0000000087f00000|  0%| F|  |TAMS 0x0000000087e00000, 0x0000000087e00000| Untracked 
|  45|0x0000000087f00000, 0x0000000087f00000, 0x0000000088000000|  0%| F|  |TAMS 0x0000000087f00000, 0x0000000087f00000| Untracked 
|  46|0x0000000088000000, 0x0000000088000000, 0x0000000088100000|  0%| F|  |TAMS 0x0000000088000000, 0x0000000088000000| Untracked 
|  47|0x0000000088100000, 0x0000000088100000, 0x0000000088200000|  0%| F|  |TAMS 0x0000000088100000, 0x0000000088100000| Untracked 
|  48|0x0000000088200000, 0x0000000088200000, 0x0000000088300000|  0%| F|  |TAMS 0x0000000088200000, 0x0000000088200000| Untracked 
|  49|0x0000000088300000, 0x0000000088300000, 0x0000000088400000|  0%| F|  |TAMS 0x0000000088300000, 0x0000000088300000| Untracked 
|  50|0x0000000088400000, 0x0000000088400000, 0x0000000088500000|  0%| F|  |TAMS 0x0000000088400000, 0x0000000088400000| Untracked 
|  51|0x0000000088500000, 0x0000000088500000, 0x0000000088600000|  0%| F|  |TAMS 0x0000000088500000, 0x0000000088500000| Untracked 
|  52|0x0000000088600000, 0x0000000088600000, 0x0000000088700000|  0%| F|  |TAMS 0x0000000088600000, 0x0000000088600000| Untracked 
|  53|0x0000000088700000, 0x0000000088700000, 0x0000000088800000|  0%| F|  |TAMS 0x0000000088700000, 0x0000000088700000| Untracked 
|  54|0x0000000088800000, 0x0000000088800000, 0x0000000088900000|  0%| F|  |TAMS 0x0000000088800000, 0x0000000088800000| Untracked 
|  55|0x0000000088900000, 0x0000000088900000, 0x0000000088a00000|  0%| F|  |TAMS 0x0000000088900000, 0x0000000088900000| Untracked 
|  56|0x0000000088a00000, 0x0000000088a00000, 0x0000000088b00000|  0%| F|  |TAMS 0x0000000088a00000, 0x0000000088a00000| Untracked 
|  57|0x0000000088b00000, 0x0000000088b00000, 0x0000000088c00000|  0%| F|  |TAMS 0x0000000088b00000, 0x0000000088b00000| Untracked 
|  58|0x0000000088c00000, 0x0000000088c00000, 0x0000000088d00000|  0%| F|  |TAMS 0x0000000088c00000, 0x0000000088c00000| Untracked 
|  59|0x0000000088d00000, 0x0000000088d00000, 0x0000000088e00000|  0%| F|  |TAMS 0x0000000088d00000, 0x0000000088d00000| Untracked 
|  60|0x0000000088e00000, 0x0000000088e00000, 0x0000000088f00000|  0%| F|  |TAMS 0x0000000088e00000, 0x0000000088e00000| Untracked 
|  61|0x0000000088f00000, 0x0000000088f00000, 0x0000000089000000|  0%| F|  |TAMS 0x0000000088f00000, 0x0000000088f00000| Untracked 
|  62|0x0000000089000000, 0x0000000089000000, 0x0000000089100000|  0%| F|  |TAMS 0x0000000089000000, 0x0000000089000000| Untracked 
|  63|0x0000000089100000, 0x0000000089100000, 0x0000000089200000|  0%| F|  |TAMS 0x0000000089100000, 0x0000000089100000| Untracked 
|  64|0x0000000089200000, 0x0000000089200000, 0x0000000089300000|  0%| F|  |TAMS 0x0000000089200000, 0x0000000089200000| Untracked 
|  65|0x0000000089300000, 0x0000000089300000, 0x0000000089400000|  0%| F|  |TAMS 0x0000000089300000, 0x0000000089300000| Untracked 
|  66|0x0000000089400000, 0x0000000089400000, 0x0000000089500000|  0%| F|  |TAMS 0x0000000089400000, 0x0000000089400000| Untracked 
|  67|0x0000000089500000, 0x0000000089500000, 0x0000000089600000|  0%| F|  |TAMS 0x0000000089500000, 0x0000000089500000| Untracked 
|  68|0x0000000089600000, 0x0000000089600000, 0x0000000089700000|  0%| F|  |TAMS 0x0000000089600000, 0x0000000089600000| Untracked 
|  69|0x0000000089700000, 0x0000000089700000, 0x0000000089800000|  0%| F|  |TAMS 0x0000000089700000, 0x0000000089700000| Untracked 
|  70|0x0000000089800000, 0x0000000089800000, 0x0000000089900000|  0%| F|  |TAMS 0x0000000089800000, 0x0000000089800000| Untracked 
|  71|0x0000000089900000, 0x0000000089900000, 0x0000000089a00000|  0%| F|  |TAMS 0x0000000089900000, 0x0000000089900000| Untracked 
|  72|0x0000000089a00000, 0x0000000089a00000, 0x0000000089b00000|  0%| F|  |TAMS 0x0000000089a00000, 0x0000000089a00000| Untracked 
|  73|0x0000000089b00000, 0x0000000089b00000, 0x0000000089c00000|  0%| F|  |TAMS 0x0000000089b00000, 0x0000000089b00000| Untracked 
|  74|0x0000000089c00000, 0x0000000089c00000, 0x0000000089d00000|  0%| F|  |TAMS 0x0000000089c00000, 0x0000000089c00000| Untracked 
|  75|0x0000000089d00000, 0x0000000089d00000, 0x0000000089e00000|  0%| F|  |TAMS 0x0000000089d00000, 0x0000000089d00000| Untracked 
|  76|0x0000000089e00000, 0x0000000089e00000, 0x0000000089f00000|  0%| F|  |TAMS 0x0000000089e00000, 0x0000000089e00000| Untracked 
|  77|0x0000000089f00000, 0x0000000089f00000, 0x000000008a000000|  0%| F|  |TAMS 0x0000000089f00000, 0x0000000089f00000| Untracked 
|  78|0x000000008a000000, 0x000000008a000000, 0x000000008a100000|  0%| F|  |TAMS 0x000000008a000000, 0x000000008a000000| Untracked 
|  79|0x000000008a100000, 0x000000008a100000, 0x000000008a200000|  0%| F|  |TAMS 0x000000008a100000, 0x000000008a100000| Untracked 
|  80|0x000000008a200000, 0x000000008a200000, 0x000000008a300000|  0%| F|  |TAMS 0x000000008a200000, 0x000000008a200000| Untracked 
|  81|0x000000008a300000, 0x000000008a300000, 0x000000008a400000|  0%| F|  |TAMS 0x000000008a300000, 0x000000008a300000| Untracked 
|  82|0x000000008a400000, 0x000000008a400000, 0x000000008a500000|  0%| F|  |TAMS 0x000000008a400000, 0x000000008a400000| Untracked 
|  83|0x000000008a500000, 0x000000008a500000, 0x000000008a600000|  0%| F|  |TAMS 0x000000008a500000, 0x000000008a500000| Untracked 
|  84|0x000000008a600000, 0x000000008a600000, 0x000000008a700000|  0%| F|  |TAMS 0x000000008a600000, 0x000000008a600000| Untracked 
|  85|0x000000008a700000, 0x000000008a700000, 0x000000008a800000|  0%| F|  |TAMS 0x000000008a700000, 0x000000008a700000| Untracked 
|  86|0x000000008a800000, 0x000000008a800000, 0x000000008a900000|  0%| F|  |TAMS 0x000000008a800000, 0x000000008a800000| Untracked 
|  87|0x000000008a900000, 0x000000008a900000, 0x000000008aa00000|  0%| F|  |TAMS 0x000000008a900000, 0x000000008a900000| Untracked 
|  88|0x000000008aa00000, 0x000000008aa00000, 0x000000008ab00000|  0%| F|  |TAMS 0x000000008aa00000, 0x000000008aa00000| Untracked 
|  89|0x000000008ab00000, 0x000000008ab00000, 0x000000008ac00000|  0%| F|  |TAMS 0x000000008ab00000, 0x000000008ab00000| Untracked 
|  90|0x000000008ac00000, 0x000000008ac00000, 0x000000008ad00000|  0%| F|  |TAMS 0x000000008ac00000, 0x000000008ac00000| Untracked 
|  91|0x000000008ad00000, 0x000000008ad00000, 0x000000008ae00000|  0%| F|  |TAMS 0x000000008ad00000, 0x000000008ad00000| Untracked 
|  92|0x000000008ae00000, 0x000000008ae00000, 0x000000008af00000|  0%| F|  |TAMS 0x000000008ae00000, 0x000000008ae00000| Untracked 
|  93|0x000000008af00000, 0x000000008af00000, 0x000000008b000000|  0%| F|  |TAMS 0x000000008af00000, 0x000000008af00000| Untracked 
|  94|0x000000008b000000, 0x000000008b000000, 0x000000008b100000|  0%| F|  |TAMS 0x000000008b000000, 0x000000008b000000| Untracked 
|  95|0x000000008b100000, 0x000000008b100000, 0x000000008b200000|  0%| F|  |TAMS 0x000000008b100000, 0x000000008b100000| Untracked 
|  96|0x000000008b200000, 0x000000008b200000, 0x000000008b300000|  0%| F|  |TAMS 0x000000008b200000, 0x000000008b200000| Untracked 
|  97|0x000000008b300000, 0x000000008b300000, 0x000000008b400000|  0%| F|  |TAMS 0x000000008b300000, 0x000000008b300000| Untracked 
|  98|0x000000008b400000, 0x000000008b400000, 0x000000008b500000|  0%| F|  |TAMS 0x000000008b400000, 0x000000008b400000| Untracked 
|  99|0x000000008b500000, 0x000000008b500000, 0x000000008b600000|  0%| F|  |TAMS 0x000000008b500000, 0x000000008b500000| Untracked 
| 100|0x000000008b600000, 0x000000008b600000, 0x000000008b700000|  0%| F|  |TAMS 0x000000008b600000, 0x000000008b600000| Untracked 
| 101|0x000000008b700000, 0x000000008b800000, 0x000000008b800000|100%| E|  |TAMS 0x000000008b700000, 0x000000008b700000| Complete 
| 102|0x000000008b800000, 0x000000008b900000, 0x000000008b900000|100%| E|CS|TAMS 0x000000008b800000, 0x000000008b800000| Complete 
| 103|0x000000008b900000, 0x000000008ba00000, 0x000000008ba00000|100%| E|CS|TAMS 0x000000008b900000, 0x000000008b900000| Complete 
| 104|0x000000008ba00000, 0x000000008bb00000, 0x000000008bb00000|100%| E|CS|TAMS 0x000000008ba00000, 0x000000008ba00000| Complete 
| 105|0x000000008bb00000, 0x000000008bc00000, 0x000000008bc00000|100%| E|CS|TAMS 0x000000008bb00000, 0x000000008bb00000| Complete 
| 106|0x000000008bc00000, 0x000000008bd00000, 0x000000008bd00000|100%| E|CS|TAMS 0x000000008bc00000, 0x000000008bc00000| Complete 
| 107|0x000000008bd00000, 0x000000008be00000, 0x000000008be00000|100%| E|CS|TAMS 0x000000008bd00000, 0x000000008bd00000| Complete 
| 108|0x000000008be00000, 0x000000008bf00000, 0x000000008bf00000|100%| E|CS|TAMS 0x000000008be00000, 0x000000008be00000| Complete 
| 109|0x000000008bf00000, 0x000000008c000000, 0x000000008c000000|100%| E|CS|TAMS 0x000000008bf00000, 0x000000008bf00000| Complete 
| 110|0x000000008c000000, 0x000000008c100000, 0x000000008c100000|100%| E|CS|TAMS 0x000000008c000000, 0x000000008c000000| Complete 
| 111|0x000000008c100000, 0x000000008c200000, 0x000000008c200000|100%| E|CS|TAMS 0x000000008c100000, 0x000000008c100000| Complete 
| 112|0x000000008c200000, 0x000000008c300000, 0x000000008c300000|100%| E|CS|TAMS 0x000000008c200000, 0x000000008c200000| Complete 
| 113|0x000000008c300000, 0x000000008c400000, 0x000000008c400000|100%| E|  |TAMS 0x000000008c300000, 0x000000008c300000| Complete 
| 114|0x000000008c400000, 0x000000008c500000, 0x000000008c500000|100%| E|CS|TAMS 0x000000008c400000, 0x000000008c400000| Complete 
| 115|0x000000008c500000, 0x000000008c600000, 0x000000008c600000|100%| E|CS|TAMS 0x000000008c500000, 0x000000008c500000| Complete 
| 116|0x000000008c600000, 0x000000008c700000, 0x000000008c700000|100%| E|CS|TAMS 0x000000008c600000, 0x000000008c600000| Complete 
| 117|0x000000008c700000, 0x000000008c800000, 0x000000008c800000|100%| E|CS|TAMS 0x000000008c700000, 0x000000008c700000| Complete 
| 118|0x000000008c800000, 0x000000008c900000, 0x000000008c900000|100%| E|CS|TAMS 0x000000008c800000, 0x000000008c800000| Complete 
| 119|0x000000008c900000, 0x000000008ca00000, 0x000000008ca00000|100%| E|CS|TAMS 0x000000008c900000, 0x000000008c900000| Complete 
| 120|0x000000008ca00000, 0x000000008cb00000, 0x000000008cb00000|100%| E|CS|TAMS 0x000000008ca00000, 0x000000008ca00000| Complete 
| 121|0x000000008cb00000, 0x000000008cc00000, 0x000000008cc00000|100%| E|CS|TAMS 0x000000008cb00000, 0x000000008cb00000| Complete 
| 122|0x000000008cc00000, 0x000000008cd00000, 0x000000008cd00000|100%| E|CS|TAMS 0x000000008cc00000, 0x000000008cc00000| Complete 
| 123|0x000000008cd00000, 0x000000008ce00000, 0x000000008ce00000|100%| E|CS|TAMS 0x000000008cd00000, 0x000000008cd00000| Complete 

Card table byte_map: [0x00000248ba180000,0x00000248ba560000] _byte_map_base: 0x00000248b9d57000

Marking Bits (Prev, Next): (CMBitMap*) 0x00000248a2f7c2f0, (CMBitMap*) 0x00000248a2f7c330
 Prev Bits: [0x00000248ba940000, 0x00000248bc7f8000)
 Next Bits: [0x00000248bc800000, 0x00000248be6b8000)

Polling page: 0x00000248a26e0000

Metaspace:

Usage:
  Non-class:     15.01 MB used.
      Class:      1.87 MB used.
       Both:     16.88 MB used.

Virtual space:
  Non-class space:       64.00 MB reserved,      15.06 MB ( 24%) committed,  1 nodes.
      Class space:        1.00 GB reserved,       2.00 MB ( <1%) committed,  1 nodes.
             Both:        1.06 GB reserved,      17.06 MB (  2%) committed. 

Chunk freelists:
   Non-Class:  0 bytes
       Class:  2.05 MB
        Both:  2.05 MB

MaxMetaspaceSize: unlimited
CompressedClassSpaceSize: 1.00 GB
Initial GC threshold: 21.00 MB
Current GC threshold: 21.00 MB
CDS: on
MetaspaceReclaimPolicy: balanced
 - commit_granule_bytes: 65536.
 - commit_granule_words: 8192.
 - virtual_space_node_default_size: 8388608.
 - enlarge_chunks_in_place: 1.
 - new_chunks_are_fully_committed: 0.
 - uncommit_free_chunks: 1.
 - use_allocation_guard: 0.


Internal statistics:

num_allocs_failed_limit: 0.
num_arena_births: 152.
num_arena_deaths: 0.
num_vsnodes_births: 2.
num_vsnodes_deaths: 0.
num_space_committed: 273.
num_space_uncommitted: 0.
num_chunks_returned_to_freelist: 0.
num_chunks_taken_from_freelist: 349.
num_chunk_merges: 0.
num_chunk_splits: 210.
num_chunks_enlarged: 118.
num_inconsistent_stats: 0.

CodeHeap 'non-profiled nmethods': size=120000Kb used=601Kb max_used=601Kb free=119398Kb
 bounds [0x00000248b2320000, 0x00000248b2590000, 0x00000248b9850000]
CodeHeap 'profiled nmethods': size=120000Kb used=3264Kb max_used=3264Kb free=116735Kb
 bounds [0x00000248aadf0000, 0x00000248ab130000, 0x00000248b2320000]
CodeHeap 'non-nmethods': size=5760Kb used=1368Kb max_used=1377Kb free=4392Kb
 bounds [0x00000248aa850000, 0x00000248aaac0000, 0x00000248aadf0000]
 total_blobs=2536 nmethods=1832 adapters=617
 compilation: enabled
              stopped_count=0, restarted_count=0
 full_count=0

Compilation events (20 events):
Event: 4.221 Thread 0x00000248c12e6240 1829       3       java.lang.Character::isWhitespace (5 bytes)
Event: 4.221 Thread 0x00000248c12e6240 nmethod 1829 0x00000248ab105e90 code [0x00000248ab106040, 0x00000248ab106298]
Event: 4.221 Thread 0x00000248c12e6240 1830       3       java.lang.Character::isWhitespace (9 bytes)
Event: 4.222 Thread 0x00000248c12e6240 nmethod 1830 0x00000248ab106390 code [0x00000248ab106540, 0x00000248ab106738]
Event: 4.222 Thread 0x00000248c12e6240 1831       3       java.lang.CharacterDataLatin1::isWhitespace (23 bytes)
Event: 4.222 Thread 0x00000248c12e6240 nmethod 1831 0x00000248ab106810 code [0x00000248ab1069c0, 0x00000248ab106bd8]
Event: 4.222 Thread 0x00000248c12e6240 1832       1       javax.print.MimeType$LexicalAnalyzer::getLexemeType (5 bytes)
Event: 4.222 Thread 0x00000248c12e6240 nmethod 1832 0x00000248b23b5b10 code [0x00000248b23b5ca0, 0x00000248b23b5d78]
Event: 4.222 Thread 0x00000248c12e5950 nmethod 1828 0x00000248b23b5e10 code [0x00000248b23b5f80, 0x00000248b23b6018]
Event: 4.222 Thread 0x00000248c12e5950 1833       4       java.lang.Character::toLowerCase (6 bytes)
Event: 4.222 Thread 0x00000248c12e6240 1834       3       java.lang.invoke.LambdaFormEditor::bindArgumentType (101 bytes)
Event: 4.222 Thread 0x00000248c12e6240 nmethod 1834 0x00000248ab106d10 code [0x00000248ab106ec0, 0x00000248ab1070e8]
Event: 4.222 Thread 0x00000248c12e6240 1835       3       java.lang.invoke.LambdaFormEditor::bindArgumentForm (269 bytes)
Event: 4.222 Thread 0x00000248c12e5950 nmethod 1833 0x00000248b23b6110 code [0x00000248b23b6280, 0x00000248b23b6358]
Event: 4.223 Thread 0x00000248c12e6240 nmethod 1835 0x00000248ab107210 code [0x00000248ab1075c0, 0x00000248ab108e88]
Event: 4.223 Thread 0x00000248c12e6240 1836       3       javax.print.MimeType$LexicalAnalyzer::nextLexeme (769 bytes)
Event: 4.224 Thread 0x00000248c12e6240 nmethod 1836 0x00000248ab109910 code [0x00000248ab109d20, 0x00000248ab10c378]
Event: 4.504 Thread 0x00000248c12e6240 1837       3       java.lang.invoke.DirectMethodHandle$Holder::newInvokeSpecial (21 bytes)
Event: 4.504 Thread 0x00000248c12e6240 nmethod 1837 0x00000248ab10cd90 code [0x00000248ab10cf80, 0x00000248ab10d508]
Event: 4.505 Thread 0x00000248c12e6240 1838       3       javax.swing.UIDefaults$TextAndMnemonicHashMap::get (358 bytes)

GC Heap History (0 events):
No events

Deoptimization events (20 events):
Event: 0.563 Thread 0x00000248a2f1c4e0 DEOPT PACKING pc=0x00000248b235f20c sp=0x000000ba5adfbb40
Event: 0.563 Thread 0x00000248a2f1c4e0 DEOPT UNPACKING pc=0x00000248aa8a23a3 sp=0x000000ba5adfbab0 mode 2
Event: 0.694 Thread 0x00000248a2f1c4e0 Uncommon trap: trap_request=0xffffff45 fr.pc=0x00000248b2379f7c relative=0x000000000000025c
Event: 0.694 Thread 0x00000248a2f1c4e0 Uncommon trap: reason=unstable_if action=reinterpret pc=0x00000248b2379f7c method=java.util.HashMap.putVal(ILjava/lang/Object;Ljava/lang/Object;ZZ)Ljava/lang/Object; @ 162 c2
Event: 0.694 Thread 0x00000248a2f1c4e0 DEOPT PACKING pc=0x00000248b2379f7c sp=0x000000ba5adfb280
Event: 0.694 Thread 0x00000248a2f1c4e0 DEOPT UNPACKING pc=0x00000248aa8a23a3 sp=0x000000ba5adfb1b8 mode 2
Event: 0.699 Thread 0x00000248a2f1c4e0 Uncommon trap: trap_request=0xffffff45 fr.pc=0x00000248b2378c04 relative=0x00000000000001e4
Event: 0.699 Thread 0x00000248a2f1c4e0 Uncommon trap: reason=unstable_if action=reinterpret pc=0x00000248b2378c04 method=java.util.HashMap.putVal(ILjava/lang/Object;Ljava/lang/Object;ZZ)Ljava/lang/Object; @ 162 c2
Event: 0.699 Thread 0x00000248a2f1c4e0 DEOPT PACKING pc=0x00000248b2378c04 sp=0x000000ba5adfb950
Event: 0.699 Thread 0x00000248a2f1c4e0 DEOPT UNPACKING pc=0x00000248aa8a23a3 sp=0x000000ba5adfb8f0 mode 2
Event: 0.721 Thread 0x00000248a2f1c4e0 Uncommon trap: trap_request=0xffffff45 fr.pc=0x00000248b237ca14 relative=0x00000000000002d4
Event: 0.721 Thread 0x00000248a2f1c4e0 Uncommon trap: reason=unstable_if action=reinterpret pc=0x00000248b237ca14 method=java.util.regex.Pattern$SliceI.match(Ljava/util/regex/Matcher;ILjava/lang/CharSequence;)Z @ 29 c2
Event: 0.721 Thread 0x00000248a2f1c4e0 DEOPT PACKING pc=0x00000248b237ca14 sp=0x000000ba5adfdd90
Event: 0.721 Thread 0x00000248a2f1c4e0 DEOPT UNPACKING pc=0x00000248aa8a23a3 sp=0x000000ba5adfdd28 mode 2
Event: 0.978 Thread 0x00000248c57fbef0 DEOPT PACKING pc=0x00000248ab090731 sp=0x000000ba5c3fd300
Event: 0.978 Thread 0x00000248c57fbef0 DEOPT UNPACKING pc=0x00000248aa8a2b43 sp=0x000000ba5c3fc758 mode 3
Event: 1.000 Thread 0x00000248a2f1c4e0 Uncommon trap: trap_request=0xffffff45 fr.pc=0x00000248b234ea90 relative=0x0000000000000210
Event: 1.000 Thread 0x00000248a2f1c4e0 Uncommon trap: reason=unstable_if action=reinterpret pc=0x00000248b234ea90 method=java.lang.StringUTF16.compress([CI[BII)I @ 20 c2
Event: 1.000 Thread 0x00000248a2f1c4e0 DEOPT PACKING pc=0x00000248b234ea90 sp=0x000000ba5adfd870
Event: 1.000 Thread 0x00000248a2f1c4e0 DEOPT UNPACKING pc=0x00000248aa8a23a3 sp=0x000000ba5adfd7f0 mode 2

Classes loaded (20 events):
Event: 4.508 Loading class sun/awt/image/ImageConsumerQueue done
Event: 4.508 Loading class sun/awt/image/ImageFetcher
Event: 4.508 Loading class sun/awt/image/ImageFetcher done
Event: 4.508 Loading class sun/awt/image/FetcherInfo
Event: 4.508 Loading class sun/awt/image/FetcherInfo done
Event: 4.508 Loading class sun/awt/image/ImageFetcher$1
Event: 4.508 Loading class sun/awt/image/ImageFetcher$1 done
Event: 4.509 Loading class javax/swing/ImageIcon$3
Event: 4.509 Loading class javax/swing/ImageIcon$3 done
Event: 4.509 Loading class java/awt/ImageMediaEntry
Event: 4.509 Loading class java/awt/MediaEntry
Event: 4.509 Loading class java/awt/MediaEntry done
Event: 4.509 Loading class java/awt/ImageMediaEntry done
Event: 4.510 Loading class javax/swing/plaf/basic/BasicOptionPaneUI$ButtonAreaLayout
Event: 4.510 Loading class javax/swing/plaf/basic/BasicOptionPaneUI$ButtonAreaLayout done
Event: 4.510 Loading class javax/swing/plaf/basic/BasicOptionPaneUI$ButtonFactory
Event: 4.510 Loading class javax/swing/plaf/basic/BasicOptionPaneUI$ButtonFactory done
Event: 4.510 Loading class javax/swing/plaf/basic/BasicOptionPaneUI$ButtonActionListener
Event: 4.510 Loading class javax/swing/plaf/basic/BasicOptionPaneUI$ButtonActionListener done
Event: 4.510 Loading class javax/swing/plaf/basic/BasicGraphicsUtils

Classes unloaded (0 events):
No events

Classes redefined (0 events):
No events

Internal exceptions (20 events):
Event: 0.200 Thread 0x00000248a2f1c4e0 Exception <a 'java/lang/NoSuchMethodError'{0x000000008caf7d00}: 'java.lang.Object java.lang.invoke.DirectMethodHandle$Holder.invokeStatic(java.lang.Object, int, java.lang.Object)'> (0x000000008caf7d00) 
thrown [s\open\src\hotspot\share\interpreter\linkResolver.cpp, line 759]
Event: 0.219 Thread 0x00000248a2f1c4e0 Exception <a 'java/lang/ClassNotFoundException'{0x000000008c9b4ee0}: com/sun/swing/internal/plaf/metal/resources/spi/metalProvider> (0x000000008c9b4ee0) 
thrown [s\open\src\hotspot\share\classfile\systemDictionary.cpp, line 255]
Event: 0.220 Thread 0x00000248a2f1c4e0 Exception <a 'java/lang/ClassNotFoundException'{0x000000008c9b8f18}: com/sun/swing/internal/plaf/basic/resources/spi/basicProvider> (0x000000008c9b8f18) 
thrown [s\open\src\hotspot\share\classfile\systemDictionary.cpp, line 255]
Event: 0.225 Thread 0x00000248a2f1c4e0 Exception <a 'java/lang/NoSuchMethodError'{0x000000008c9d9318}: 'int java.lang.invoke.Invokers$Holder.invokeExact_MT(java.lang.Object, java.lang.Object)'> (0x000000008c9d9318) 
thrown [s\open\src\hotspot\share\interpreter\linkResolver.cpp, line 759]
Event: 0.265 Thread 0x00000248a2f1c4e0 Exception <a 'java/lang/NoSuchMethodError'{0x000000008c755930}: 'java.lang.Object java.lang.invoke.DirectMethodHandle$Holder.invokeInterface(java.lang.Object, java.lang.Object)'> (0x000000008c755930) 
thrown [s\open\src\hotspot\share\interpreter\linkResolver.cpp, line 759]
Event: 0.292 Thread 0x00000248a2f1c4e0 Exception <a 'java/lang/NoSuchMethodError'{0x000000008c7d7420}: 'void java.lang.invoke.DirectMethodHandle$Holder.invokeStatic(java.lang.Object, java.lang.Object, java.lang.Object)'> (0x000000008c7d7420) 
thrown [s\open\src\hotspot\share\interpreter\linkResolver.cpp, line 759]
Event: 0.293 Thread 0x00000248a2f1c4e0 Exception <a 'java/lang/NoSuchMethodError'{0x000000008c7e1310}: 'java.lang.Object java.lang.invoke.DirectMethodHandle$Holder.invokeVirtual(java.lang.Object, java.lang.Object, java.lang.Object)'> (0x000000008c7e1310) 
thrown [s\open\src\hotspot\share\interpreter\linkResolver.cpp, line 759]
Event: 0.356 Thread 0x00000248a2f1c4e0 Exception <a 'java/lang/NoSuchMethodError'{0x000000008c4e8820}: 'void java.lang.invoke.DirectMethodHandle$Holder.invokeStatic(java.lang.Object, java.lang.Object)'> (0x000000008c4e8820) 
thrown [s\open\src\hotspot\share\interpreter\linkResolver.cpp, line 759]
Event: 0.441 Thread 0x00000248a2f1c4e0 Exception <a 'java/lang/NoSuchMethodError'{0x000000008c2aff28}: 'void java.lang.invoke.DirectMethodHandle$Holder.invokeStaticInit(java.lang.Object, java.lang.Object)'> (0x000000008c2aff28) 
thrown [s\open\src\hotspot\share\interpreter\linkResolver.cpp, line 759]
Event: 0.539 Thread 0x00000248a2f1c4e0 Exception <a 'sun/nio/fs/WindowsException'{0x000000008c0ad930}> (0x000000008c0ad930) 
thrown [s\open\src\hotspot\share\prims\jni.cpp, line 516]
Event: 0.603 Thread 0x00000248a2f1c4e0 Exception <a 'java/lang/NoSuchMethodError'{0x000000008bff2920}: 'java.lang.Object java.lang.invoke.DirectMethodHandle$Holder.invokeStaticInit(java.lang.Object, int, int, int, int)'> (0x000000008bff2920) 
thrown [s\open\src\hotspot\share\interpreter\linkResolver.cpp, line 759]
Event: 0.673 Thread 0x00000248a2f1c4e0 Exception <a 'java/lang/NoSuchMethodError'{0x000000008be9c5d0}: 'java.lang.Object java.lang.invoke.DirectMethodHandle$Holder.invokeStaticInit(java.lang.Object, java.lang.Object, int, int, int, int)'> (0x000000008be9c5d0) 
thrown [s\open\src\hotspot\share\interpreter\linkResolver.cpp, line 759]
Event: 0.979 Thread 0x00000248c57fbef0 Exception <a 'java/lang/NoSuchMethodError'{0x000000008ca0fb40}: 'void java.lang.invoke.DirectMethodHandle$Holder.invokeVirtual(java.lang.Object, java.lang.Object)'> (0x000000008ca0fb40) 
thrown [s\open\src\hotspot\share\interpreter\linkResolver.cpp, line 759]
Event: 0.993 Thread 0x00000248a2f1c4e0 Exception <a 'java/lang/NoSuchMethodError'{0x000000008b9f6470}: 'void java.lang.invoke.DirectMethodHandle$Holder.invokeStaticInit(java.lang.Object)'> (0x000000008b9f6470) 
thrown [s\open\src\hotspot\share\interpreter\linkResolver.cpp, line 759]
Event: 4.501 Thread 0x00000248c682dd80 Exception <a 'java/awt/print/PrinterException'{0x000000008b74f170}: Invalid name of PrintService.> (0x000000008b74f170) 
thrown [s\open\src\hotspot\share\prims\jni.cpp, line 535]
Event: 4.503 Thread 0x00000248c682dd80 Exception <a 'java/lang/ClassNotFoundException'{0x000000008b74fe80}: sun/print/resources/spi/serviceuiProvider> (0x000000008b74fe80) 
thrown [s\open\src\hotspot\share\classfile\systemDictionary.cpp, line 255]
Event: 4.509 Thread 0x00000248c682dd80 Exception <a 'java/lang/OutOfMemoryError'{0x000000008b764388}: unable to create native thread: possibly out of memory or process/resource limits reached> (0x000000008b764388) 
thrown [s\open\src\hotspot\share\prims\jvm.cpp, line 2936]
Event: 4.509 Thread 0x00000248c682dd80 Exception <a 'java/lang/OutOfMemoryError'{0x000000008b764e10}: unable to create native thread: possibly out of memory or process/resource limits reached> (0x000000008b764e10) 
thrown [s\open\src\hotspot\share\prims\jvm.cpp, line 2936]
Event: 4.509 Thread 0x00000248c682dd80 Exception <a 'java/lang/OutOfMemoryError'{0x000000008b765898}: unable to create native thread: possibly out of memory or process/resource limits reached> (0x000000008b765898) 
thrown [s\open\src\hotspot\share\prims\jvm.cpp, line 2936]
Event: 4.509 Thread 0x00000248c682dd80 Exception <a 'java/lang/OutOfMemoryError'{0x000000008b766320}: unable to create native thread: possibly out of memory or process/resource limits reached> (0x000000008b766320) 
thrown [s\open\src\hotspot\share\prims\jvm.cpp, line 2936]

VM Operations (20 events):
Event: 0.232 Executing VM operation: HandshakeAllThreads
Event: 0.232 Executing VM operation: HandshakeAllThreads done
Event: 0.256 Executing VM operation: HandshakeAllThreads
Event: 0.256 Executing VM operation: HandshakeAllThreads done
Event: 0.345 Executing VM operation: HandshakeAllThreads
Event: 0.345 Executing VM operation: HandshakeAllThreads done
Event: 0.597 Executing VM operation: ICBufferFull
Event: 0.597 Executing VM operation: ICBufferFull done
Event: 1.014 Executing VM operation: HandshakeAllThreads
Event: 1.014 Executing VM operation: HandshakeAllThreads done
Event: 1.141 Executing VM operation: HandshakeAllThreads
Event: 1.141 Executing VM operation: HandshakeAllThreads done
Event: 1.144 Executing VM operation: ICBufferFull
Event: 1.144 Executing VM operation: ICBufferFull done
Event: 2.159 Executing VM operation: Cleanup
Event: 2.159 Executing VM operation: Cleanup done
Event: 3.167 Executing VM operation: Cleanup
Event: 3.167 Executing VM operation: Cleanup done
Event: 4.173 Executing VM operation: Cleanup
Event: 4.173 Executing VM operation: Cleanup done

Events (20 events):
Event: 0.066 Loaded shared library C:\Program Files\Java\jdk-18.0.2.1\bin\nio.dll
Event: 0.082 Thread 0x00000248c561f7c0 Thread added: 0x00000248c561f7c0
Event: 0.087 Thread 0x00000248c56bc870 Thread added: 0x00000248c56bc870
Event: 0.089 Loaded shared library C:\Program Files\Java\jdk-18.0.2.1\bin\zip.dll
Event: 0.099 Loaded shared library C:\Program Files\Java\jdk-18.0.2.1\bin\jimage.dll
Event: 0.111 Loaded shared library C:\Program Files\Java\jdk-18.0.2.1\bin\awt.dll
Event: 0.161 Thread 0x00000248c57ab0e0 Thread added: 0x00000248c57ab0e0
Event: 0.161 Thread 0x00000248c57c6190 Thread added: 0x00000248c57c6190
Event: 0.162 Thread 0x00000248c57fbef0 Thread added: 0x00000248c57fbef0
Event: 0.246 Thread 0x00000248c581ce80 Thread added: 0x00000248c581ce80
Event: 0.688 Loaded shared library C:\Program Files\Java\jdk-18.0.2.1\bin\sunmscapi.dll
Event: 0.956 Thread 0x00000248c682dd80 Thread added: 0x00000248c682dd80
Event: 0.995 Loaded shared library C:\Program Files\Java\jdk-18.0.2.1\bin\freetype.dll
Event: 0.996 Loaded shared library C:\Program Files\Java\jdk-18.0.2.1\bin\fontmanager.dll
Event: 1.076 Thread 0x00000248a2f1c4e0 Thread exited: 0x00000248a2f1c4e0
Event: 1.076 Thread 0x00000248a2f1c4e0 Thread added: 0x00000248a2f1c4e0
Event: 2.762 Thread 0x00000248c56bc870 Thread exited: 0x00000248c56bc870
Event: 3.139 Thread 0x00000248c69713f0 Thread added: 0x00000248c69713f0
Event: 4.215 Thread 0x00000248c7126ed0 Thread added: 0x00000248c7126ed0
Event: 4.215 Thread 0x00000248c7130cd0 Thread added: 0x00000248c7130cd0


Dynamic libraries:
0x00007ff755760000 - 0x00007ff755770000 	C:\Program Files\Java\jdk-18.0.2.1\bin\java.exe
0x00007ffb14590000 - 0x00007ffb147a4000 	C:\windows\SYSTEM32\ntdll.dll
0x00007ffb135a0000 - 0x00007ffb13662000 	C:\windows\System32\KERNEL32.DLL
0x00007ffb11d80000 - 0x00007ffb12123000 	C:\windows\System32\KERNELBASE.dll
0x00007ffb11a30000 - 0x00007ffb11b41000 	C:\windows\System32\ucrtbase.dll
0x00007ffae4890000 - 0x00007ffae48a8000 	C:\Program Files\Java\jdk-18.0.2.1\bin\jli.dll
0x00007ffb126f0000 - 0x00007ffb1279e000 	C:\windows\System32\ADVAPI32.dll
0x00007ffb137a0000 - 0x00007ffb13847000 	C:\windows\System32\msvcrt.dll
0x00007ffaf9340000 - 0x00007ffaf935a000 	C:\Program Files\Java\jdk-18.0.2.1\bin\VCRUNTIME140.dll
0x00007ffb12ce0000 - 0x00007ffb12d84000 	C:\windows\System32\sechost.dll
0x00007ffb13e70000 - 0x00007ffb13f87000 	C:\windows\System32\RPCRT4.dll
0x00007ffb12370000 - 0x00007ffb1251a000 	C:\windows\System32\USER32.dll
0x00007ffb12130000 - 0x00007ffb12156000 	C:\windows\System32\win32u.dll
0x00007ffb13870000 - 0x00007ffb13899000 	C:\windows\System32\GDI32.dll
0x00007ffb121e0000 - 0x00007ffb122f9000 	C:\windows\System32\gdi32full.dll
0x00007ffaef040000 - 0x00007ffaef2ce000 	C:\windows\WinSxS\amd64_microsoft.windows.common-controls_6595b64144ccf1df_6.0.22621.1635_none_270f70857386168e\COMCTL32.dll
0x00007ffb11990000 - 0x00007ffb11a2a000 	C:\windows\System32\msvcp_win.dll
0x00007ffb06bf0000 - 0x00007ffb06bfa000 	C:\windows\SYSTEM32\VERSION.dll
0x00007ffb14510000 - 0x00007ffb14541000 	C:\windows\System32\IMM32.DLL
0x00007ffaf9330000 - 0x00007ffaf933c000 	C:\Program Files\Java\jdk-18.0.2.1\bin\vcruntime140_1.dll
0x00007ffaeb900000 - 0x00007ffaeb98d000 	C:\Program Files\Java\jdk-18.0.2.1\bin\msvcp140.dll
0x00007ffa8ce90000 - 0x00007ffa8daa1000 	C:\Program Files\Java\jdk-18.0.2.1\bin\server\jvm.dll
0x00007ffb14500000 - 0x00007ffb14508000 	C:\windows\System32\PSAPI.DLL
0x00007ffb09e10000 - 0x00007ffb09e44000 	C:\windows\SYSTEM32\WINMM.dll
0x00007ffaf11a0000 - 0x00007ffaf11a9000 	C:\windows\SYSTEM32\WSOCK32.dll
0x00007ffb138a0000 - 0x00007ffb13911000 	C:\windows\System32\WS2_32.dll
0x00007ffb109a0000 - 0x00007ffb109b8000 	C:\windows\SYSTEM32\kernel.appcore.dll
0x00007ffaf9320000 - 0x00007ffaf932a000 	C:\Program Files\Java\jdk-18.0.2.1\bin\jimage.dll
0x00007ffb0f350000 - 0x00007ffb0f57e000 	C:\windows\SYSTEM32\DBGHELP.DLL
0x00007ffb14100000 - 0x00007ffb14489000 	C:\windows\System32\combase.dll
0x00007ffb13f90000 - 0x00007ffb14067000 	C:\windows\System32\OLEAUT32.dll
0x00007ffaf9e60000 - 0x00007ffaf9e92000 	C:\windows\SYSTEM32\dbgcore.DLL
0x00007ffb12160000 - 0x00007ffb121da000 	C:\windows\System32\bcryptPrimitives.dll
0x00007ffaf2510000 - 0x00007ffaf2535000 	C:\Program Files\Java\jdk-18.0.2.1\bin\java.dll
0x00007ffadf3a0000 - 0x00007ffadf476000 	C:\Program Files\Java\jdk-18.0.2.1\bin\jsvml.dll
0x00007ffb12da0000 - 0x00007ffb13599000 	C:\windows\System32\SHELL32.dll
0x00007ffb0f930000 - 0x00007ffb101fe000 	C:\windows\SYSTEM32\windows.storage.dll
0x00007ffb0f7f0000 - 0x00007ffb0f92e000 	C:\windows\SYSTEM32\wintypes.dll
0x00007ffb12590000 - 0x00007ffb12681000 	C:\windows\System32\SHCORE.dll
0x00007ffb14490000 - 0x00007ffb144ee000 	C:\windows\System32\shlwapi.dll
0x00007ffb118c0000 - 0x00007ffb118e6000 	C:\windows\SYSTEM32\profapi.dll
0x00007ffaf9150000 - 0x00007ffaf9163000 	C:\Program Files\Java\jdk-18.0.2.1\bin\net.dll
0x00007ffb0c200000 - 0x00007ffb0c337000 	C:\windows\SYSTEM32\WINHTTP.dll
0x00007ffb10e50000 - 0x00007ffb10eb9000 	C:\windows\system32\mswsock.dll
0x00007ffaf9110000 - 0x00007ffaf9126000 	C:\Program Files\Java\jdk-18.0.2.1\bin\nio.dll
0x00007ffaf2170000 - 0x00007ffaf2188000 	C:\Program Files\Java\jdk-18.0.2.1\bin\zip.dll
0x00007ffacd8c0000 - 0x00007ffacda4f000 	C:\Program Files\Java\jdk-18.0.2.1\bin\awt.dll
0x00007ffb0e760000 - 0x00007ffb0e7f7000 	C:\windows\SYSTEM32\apphelp.dll
0x00007ffb0eb80000 - 0x00007ffb0ebab000 	C:\windows\system32\DWMAPI.DLL
0x00007ffb0e910000 - 0x00007ffb0e9bb000 	C:\windows\system32\uxtheme.dll
0x00007ffadec80000 - 0x00007ffaded80000 	C:\windows\system32\opengl32.dll
0x00007ffaf2140000 - 0x00007ffaf216d000 	C:\windows\SYSTEM32\GLU32.dll
0x00007ffb0ea20000 - 0x00007ffb0ea58000 	C:\windows\SYSTEM32\dxcore.dll
0x00007ffb13670000 - 0x00007ffb13797000 	C:\windows\System32\MSCTF.dll
0x00007ffb12a60000 - 0x00007ffb12bfc000 	C:\windows\System32\ole32.dll
0x00007ffb104d0000 - 0x00007ffb105c3000 	C:\windows\SYSTEM32\DNSAPI.dll
0x00007ffb10460000 - 0x00007ffb1048d000 	C:\windows\SYSTEM32\IPHLPAPI.DLL
0x00007ffb12c00000 - 0x00007ffb12c09000 	C:\windows\System32\NSI.dll
0x000000006a630000 - 0x000000006a665000 	C:\Program Files\Bonjour\mdnsNSP.dll
0x00007ffb0a270000 - 0x00007ffb0a27a000 	C:\Windows\System32\rasadhlp.dll
0x00007ffb09e50000 - 0x00007ffb09ed4000 	C:\windows\System32\fwpuclnt.dll
0x00007ffb110b0000 - 0x00007ffb110cb000 	C:\windows\SYSTEM32\CRYPTSP.dll
0x00007ffb10910000 - 0x00007ffb10945000 	C:\windows\system32\rsaenh.dll
0x00007ffb10f50000 - 0x00007ffb10f7c000 	C:\windows\SYSTEM32\USERENV.dll
0x00007ffb11270000 - 0x00007ffb11298000 	C:\windows\SYSTEM32\bcrypt.dll
0x00007ffb110d0000 - 0x00007ffb110dc000 	C:\windows\SYSTEM32\CRYPTBASE.dll
0x00007ffb0aad0000 - 0x00007ffb0aae9000 	C:\windows\SYSTEM32\dhcpcsvc6.DLL
0x00007ffb0aab0000 - 0x00007ffb0aacf000 	C:\windows\SYSTEM32\dhcpcsvc.DLL
0x00007ffae5360000 - 0x00007ffae536e000 	C:\Program Files\Java\jdk-18.0.2.1\bin\sunmscapi.dll
0x00007ffb11c10000 - 0x00007ffb11d77000 	C:\windows\System32\CRYPT32.dll
0x00007ffb11240000 - 0x00007ffb1126e000 	C:\windows\SYSTEM32\ncrypt.dll
0x00007ffb11200000 - 0x00007ffb11237000 	C:\windows\SYSTEM32\NTASN1.dll
0x00007ffae4770000 - 0x00007ffae47f6000 	C:\Program Files\Java\jdk-18.0.2.1\bin\freetype.dll
0x00007ffacd810000 - 0x00007ffacd8b8000 	C:\Program Files\Java\jdk-18.0.2.1\bin\fontmanager.dll
0x00007ffaf5150000 - 0x00007ffaf527d000 	C:\windows\SYSTEM32\textinputframework.dll
0x00007ffb0e390000 - 0x00007ffb0e4c3000 	C:\windows\SYSTEM32\CoreMessaging.dll
0x00007ffb0ae60000 - 0x00007ffb0b1cc000 	C:\windows\SYSTEM32\CoreUIComponents.dll
0x00007ffb12960000 - 0x00007ffb12a57000 	C:\windows\System32\COMDLG32.dll
0x00007ffae90f0000 - 0x00007ffae918f000 	C:\windows\SYSTEM32\WINSPOOL.DRV
0x00007ffb13920000 - 0x00007ffb139d0000 	C:\windows\System32\clbcatq.dll
0x00007ffb0c340000 - 0x00007ffb0c3b8000 	C:\windows\System32\netprofm.dll
0x00007ffb091a0000 - 0x00007ffb091b8000 	C:\windows\System32\npmproxy.dll
0x00007ffab3490000 - 0x00007ffab3563000 	C:\windows\System32\DriverStore\FileRepository\ntprint.inf_amd64_0234ee61ba44613e\Amd64\mxdwdrv.dll
0x00007ffb0c3d0000 - 0x00007ffb0c407000 	C:\windows\SYSTEM32\XmlLite.dll
0x00007ffb0d270000 - 0x00007ffb0d4d7000 	C:\windows\SYSTEM32\DWrite.dll
0x00007ffb09280000 - 0x00007ffb0989c000 	C:\Windows\System32\OneCoreUAPCommonProxyStub.dll
0x00007ffae0010000 - 0x00007ffae03f3000 	C:\windows\System32\DriverStore\FileRepository\prnms003.inf_amd64_099d17f527f64df1\Amd64\PrintConfig.dll
0x00007ffadffe0000 - 0x00007ffae000f000 	C:\windows\SYSTEM32\prntvpt.dll
0x00007ffadfb50000 - 0x00007ffadfd84000 	C:\windows\SYSTEM32\opcservices.dll
0x00007ffab21e0000 - 0x00007ffab223b000 	C:\windows\SYSTEM32\XpsPushLayer.dll
0x00007ffaa76c0000 - 0x00007ffaa7918000 	C:\windows\SYSTEM32\xpsservices.dll
0x00007ffaf6800000 - 0x00007ffaf69f0000 	C:\windows\SYSTEM32\urlmon.dll
0x00007ffaf6540000 - 0x00007ffaf67f1000 	C:\windows\SYSTEM32\iertutil.dll
0x00007ffb10450000 - 0x00007ffb1045c000 	C:\windows\SYSTEM32\netutils.dll
0x00007ffaf6510000 - 0x00007ffaf6539000 	C:\windows\SYSTEM32\srvcli.dll
0x00007ffb06330000 - 0x00007ffb065b5000 	C:\Windows\System32\msxml6.dll
0x00007ffaf9240000 - 0x00007ffaf9253000 	C:\Program Files\Microsoft Office\root\VFS\ProgramFilesCommonX64\Microsoft Shared\Office16\MSOXMLMF.DLL
0x00007ffadfeb0000 - 0x00007ffadff86000 	C:\windows\system32\jscript.dll
0x00007ffafa730000 - 0x00007ffafa7ab000 	C:\ProgramData\Microsoft\Windows Defender\Platform\4.18.23050.5-0\MpOav.dll
0x00007ffafa5d0000 - 0x00007ffafa69c000 	C:\Program Files\McAfee\MfeAV\AMSIExt.dll
0x00007ffb11780000 - 0x00007ffb11823000 	C:\windows\SYSTEM32\sxs.dll

dbghelp: loaded successfully - version: 4.0.5 - missing functions: none
symbol engine: initialized successfully - sym options: 0x614 - pdb path: .;C:\Program Files\Java\jdk-18.0.2.1\bin;C:\windows\SYSTEM32;C:\windows\WinSxS\amd64_microsoft.windows.common-controls_6595b64144ccf1df_6.0.22621.1635_none_270f70857386168e;C:\Program Files\Java\jdk-18.0.2.1\bin\server;C:\Program Files\Bonjour;C:\windows\System32\DriverStore\FileRepository\ntprint.inf_amd64_0234ee61ba44613e\Amd64;C:\windows\System32\DriverStore\FileRepository\prnms003.inf_amd64_099d17f527f64df1\Amd64;C:\Program Files\Microsoft Office\root\VFS\ProgramFilesCommonX64\Microsoft Shared\Office16;C:\ProgramData\Microsoft\Windows Defender\Platform\4.18.23050.5-0;C:\Program Files\McAfee\MfeAV

VM Arguments:
jvm_args: -Dfile.encoding=UTF-8 --module-path=C:\Users\jagad\OneDrive\Documents\NetBeansProjects\Employe.Management.System\build\classes 
java_command: employe.management.system.ViewEmploye
java_class_path (initial): C:\Users\jagad\Downloads\mysql-connector-java-8.0.28 (1).jar;C:\Users\jagad\Downloads\jcalendar-tz-1.3.3-4.jar;C:\Users\jagad\Downloads\rs2xml.jar;C:\Users\jagad\OneDrive\Documents\NetBeansProjects\Employe.Management.System\build\classes
Launcher Type: SUN_STANDARD

[Global flags]
     intx CICompilerCount                          = 4                                         {product} {ergonomic}
     uint ConcGCThreads                            = 3                                         {product} {ergonomic}
     uint G1ConcRefinementThreads                  = 10                                        {product} {ergonomic}
   size_t G1HeapRegionSize                         = 1048576                                   {product} {ergonomic}
    uintx GCDrainStackTargetSize                   = 64                                        {product} {ergonomic}
   size_t InitialHeapSize                          = 130023424                                 {product} {ergonomic}
   size_t MarkStackSize                            = 4194304                                   {product} {ergonomic}
   size_t MaxHeapSize                              = 2061500416                                {product} {ergonomic}
   size_t MaxNewSize                               = 1236271104                                {product} {ergonomic}
   size_t MinHeapDeltaBytes                        = 1048576                                   {product} {ergonomic}
   size_t MinHeapSize                              = 8388608                                   {product} {ergonomic}
    uintx NonNMethodCodeHeapSize                   = 5839372                                {pd product} {ergonomic}
    uintx NonProfiledCodeHeapSize                  = 122909434                              {pd product} {ergonomic}
    uintx ProfiledCodeHeapSize                     = 122909434                              {pd product} {ergonomic}
    uintx ReservedCodeCacheSize                    = 251658240                              {pd product} {ergonomic}
     bool SegmentedCodeCache                       = true                                      {product} {ergonomic}
   size_t SoftMaxHeapSize                          = 2061500416                             {manageable} {ergonomic}
     bool UseCompressedClassPointers               = true                           {product lp64_product} {ergonomic}
     bool UseCompressedOops                        = true                           {product lp64_product} {ergonomic}
     bool UseG1GC                                  = true                                      {product} {ergonomic}
     bool UseLargePagesIndividualAllocation        = false                                  {pd product} {ergonomic}

Logging:
Log output configuration:
 #0: stdout all=warning uptime,level,tags foldmultilines=false
 #1: stderr all=off uptime,level,tags foldmultilines=false

Environment Variables:
PATH=C:\Program Files\Common Files\Oracle\Java\javapath;C:\windows\system32;C:\windows;C:\windows\System32\Wbem;C:\windows\System32\WindowsPowerShell\v1.0\;C:\windows\System32\OpenSSH\;C:\Program Files\MySQL\MySQL Shell 8.0\bin\;C:\Users\jagad\AppData\Local\Microsoft\WindowsApps;;C:\Program Files\JetBrains\IntelliJ IDEA Community Edition 2022.2.3\bin;;C:\Users\jagad\AppData\Local\Programs\Microsoft VS Code\bin
USERNAME=jagad
OS=Windows_NT
PROCESSOR_IDENTIFIER=Intel64 Family 6 Model 154 Stepping 4, GenuineIntel



---------------  S Y S T E M  ---------------

OS:
 Windows 11 , 64 bit Build 22621 (10.0.22621.1928)
OS uptime: 1 days 23:16 hours
Hyper-V role detected

CPU: total 12 (initial active 12) (6 cores per cpu, 2 threads per core) family 6 model 154 stepping 4 microcode 0x423, cx8, cmov, fxsr, ht, mmx, 3dnowpref, sse, sse2, sse3, ssse3, sse4.1, sse4.2, popcnt, lzcnt, tsc, tscinvbit, avx, avx2, aes, erms, clmul, bmi1, bmi2, adx, sha, fma, vzeroupper, clflush, clflushopt, clwb, hv, serialize

Memory: 4k page, system-wide physical 7860M (475M free)
TotalPageFile size 32436M (AvailPageFile size 0M)
current process WorkingSet (physical memory assigned to process): 113M, peak: 113M
current process commit charge ("private bytes"): 246M, peak: 246M

vm_info: Java HotSpot(TM) 64-Bit Server VM (18.0.2.1+1-1) for windows-amd64 JRE (18.0.2.1+1-1), built on Aug 16 2022 01:46:33 by "mach5one" with MS VC++ 16.8 / 16.9 (VS2019)

END.
