#
# There is insufficient memory for the Java Runtime Environment to continue.
# Native memory allocation (malloc) failed to allocate 299392 bytes for Chunk::new
# Possible reasons:
#   The system is out of physical RAM or swap space
#   The process is running with CompressedOops enabled, and the Java Heap may be blocking the growth of the native heap
# Possible solutions:
#   Reduce memory load on the system
#   Increase physical memory or swap space
#   Check if swap backing store is full
#   Decrease Java heap size (-Xmx/-Xms)
#   Decrease number of Java threads
#   Decrease Java thread stack sizes (-Xss)
#   Set larger code cache with -XX:ReservedCodeCacheSize=
#   JVM is running with Unscaled Compressed Oops mode in which the Java heap is
#     placed in the first 4GB address space. The Java Heap base address is the
#     maximum limit for the native heap growth. Please use -XX:HeapBaseMinAddress
#     to set the Java Heap base and to place the Java Heap above 4GB virtual address.
# This output file may be truncated or incomplete.
#
#  Out of Memory Error (arena.cpp:184), pid=28148, tid=31644
#
# JRE version: Java(TM) SE Runtime Environment (18.0.2.1+1) (build 18.0.2.1+1-1)
# Java VM: Java HotSpot(TM) 64-Bit Server VM (18.0.2.1+1-1, mixed mode, sharing, tiered, compressed oops, compressed class ptrs, g1 gc, windows-amd64)
# No core dump will be written. Minidumps are not enabled by default on client versions of Windows
#

---------------  S U M M A R Y ------------

Command Line: -Dfile.encoding=UTF-8 --module-path=C:\Users\jagad\OneDrive\Documents\NetBeansProjects\Employe.Management.System\build\classes employe.management.system.ViewEmploye

Host: 12th Gen Intel(R) Core(TM) i5-1235U, 12 cores, 7G,  Windows 11 , 64 bit Build 22621 (10.0.22621.1928)
Time: Sat Jul 22 00:38:30 2023 India Standard Time elapsed time: 1.078194 seconds (0d 0h 0m 1s)

---------------  T H R E A D  ---------------

Current thread (0x000001668a533960):  JavaThread "C2 CompilerThread1" daemon [_thread_in_native, id=31644, stack(0x000000474cf00000,0x000000474d000000)]


Current CompileTask:
C2:   1078 1422       4       sun.util.locale.BaseLocale::getInstance (150 bytes)

Stack: [0x000000474cf00000,0x000000474d000000]
Native frames: (J=compiled Java code, j=interpreted, Vv=VM code, C=native code)
V  [jvm.dll+0x6993aa]
V  [jvm.dll+0x7f46dd]
V  [jvm.dll+0x7f5fee]
V  [jvm.dll+0x7f66a3]
V  [jvm.dll+0x25cf1f]
V  [jvm.dll+0xb8c2f]
V  [jvm.dll+0xb8fa5]
V  [jvm.dll+0x3860cb]
V  [jvm.dll+0x1d2b72]
V  [jvm.dll+0x230259]
V  [jvm.dll+0x22f4d1]
V  [jvm.dll+0x1ba01c]
V  [jvm.dll+0x23ee0a]
V  [jvm.dll+0x23d0f5]
V  [jvm.dll+0x7a6dd1]
V  [jvm.dll+0x7a120a]
V  [jvm.dll+0x698255]
C  [ucrtbase.dll+0x29363]
C  [KERNEL32.DLL+0x126ad]
C  [ntdll.dll+0x5aa68]


---------------  P R O C E S S  ---------------

Threads class SMR info:
_java_thread_list=0x000001668b6003f0, length=18, elements={
0x00000166e7b99dc0, 0x0000016685fe39f0, 0x0000016685fe3fa0, 0x0000016685fff8b0,
0x0000016685fffe60, 0x0000016686000410, 0x00000166860049d0, 0x00000166860052b0,
0x00000166860068b0, 0x000001668602a270, 0x000001668a47f360, 0x000001668a52e450,
0x000001668a533960, 0x000001668a6d6910, 0x000001668a6d6dd0, 0x000001668a71fb40,
0x000001668a7989c0, 0x000001668b5603a0
}

Java Threads: ( => current thread )
  0x00000166e7b99dc0 JavaThread "main" [_thread_in_vm, id=29436, stack(0x000000474bc00000,0x000000474bd00000)]
  0x0000016685fe39f0 JavaThread "Reference Handler" daemon [_thread_blocked, id=22660, stack(0x000000474c300000,0x000000474c400000)]
  0x0000016685fe3fa0 JavaThread "Finalizer" daemon [_thread_blocked, id=10644, stack(0x000000474c400000,0x000000474c500000)]
  0x0000016685fff8b0 JavaThread "Signal Dispatcher" daemon [_thread_blocked, id=35680, stack(0x000000474c500000,0x000000474c600000)]
  0x0000016685fffe60 JavaThread "Attach Listener" daemon [_thread_blocked, id=9776, stack(0x000000474c600000,0x000000474c700000)]
  0x0000016686000410 JavaThread "Service Thread" daemon [_thread_blocked, id=24180, stack(0x000000474c700000,0x000000474c800000)]
  0x00000166860049d0 JavaThread "Monitor Deflation Thread" daemon [_thread_blocked, id=30420, stack(0x000000474c800000,0x000000474c900000)]
  0x00000166860052b0 JavaThread "C2 CompilerThread0" daemon [_thread_blocked, id=28084, stack(0x000000474c900000,0x000000474ca00000)]
  0x00000166860068b0 JavaThread "C1 CompilerThread0" daemon [_thread_blocked, id=30608, stack(0x000000474ca00000,0x000000474cb00000)]
  0x000001668602a270 JavaThread "Sweeper thread" daemon [_thread_blocked, id=32480, stack(0x000000474cb00000,0x000000474cc00000)]
  0x000001668a47f360 JavaThread "Common-Cleaner" daemon [_thread_blocked, id=14096, stack(0x000000474cc00000,0x000000474cd00000)]
  0x000001668a52e450 JavaThread "Notification Thread" daemon [_thread_blocked, id=4804, stack(0x000000474cd00000,0x000000474ce00000)]
=>0x000001668a533960 JavaThread "C2 CompilerThread1" daemon [_thread_in_native, id=31644, stack(0x000000474cf00000,0x000000474d000000)]
  0x000001668a6d6910 JavaThread "Java2D Disposer" daemon [_thread_blocked, id=29528, stack(0x000000474d000000,0x000000474d100000)]
  0x000001668a6d6dd0 JavaThread "AWT-Shutdown" [_thread_blocked, id=25876, stack(0x000000474d100000,0x000000474d200000)]
  0x000001668a71fb40 JavaThread "AWT-Windows" daemon [_thread_in_native, id=28764, stack(0x000000474d200000,0x000000474d300000)]
  0x000001668a7989c0 JavaThread "mysql-cj-abandoned-connection-cleanup" daemon [_thread_blocked, id=35432, stack(0x000000474d300000,0x000000474d400000)]
  0x000001668b5603a0 JavaThread "AWT-EventQueue-0" [_thread_in_vm, id=28416, stack(0x000000474d400000,0x000000474d500000)]

Other Threads:
  0x00000166e7c33860 VMThread "VM Thread" [stack: 0x000000474c200000,0x000000474c300000] [id=33544]
  0x000001668a532930 WatcherThread "VM Periodic Task Thread" [stack: 0x000000474ce00000,0x000000474cf00000] [id=31776]
  0x00000166e7bf97b0 WorkerThread "GC Thread#0" [stack: 0x000000474bd00000,0x000000474be00000] [id=33184]
  0x00000166e7c09ca0 ConcurrentGCThread "G1 Main Marker" [stack: 0x000000474be00000,0x000000474bf00000] [id=23800]
  0x00000166e7c0a7f0 WorkerThread "G1 Conc#0" [stack: 0x000000474bf00000,0x000000474c000000] [id=33924]
  0x00000166e7c5e320 ConcurrentGCThread "G1 Refine#0" [stack: 0x000000474c000000,0x000000474c100000] [id=30476]
  0x00000166e7c5e6e0 ConcurrentGCThread "G1 Service" [stack: 0x000000474c100000,0x000000474c200000] [id=33596]

Threads with active compile tasks:
C2 CompilerThread1     1105 1422       4       sun.util.locale.BaseLocale::getInstance (150 bytes)

VM state: not at safepoint (normal execution)

VM Mutex/Monitor currently owned by a thread:  ([mutex/lock_event])
[0x00000166e7b97170] Metaspace_lock - owner thread: 0x00000166e7b99dc0

Heap address: 0x0000000085200000, size: 1966 MB, Compressed Oops mode: 32-bit

CDS archive(s) mapped at: [0x0000000800000000-0x0000000800ba0000-0x0000000800ba0000), size 12189696, SharedBaseAddress: 0x0000000800000000, ArchiveRelocationMode: 0.
Compressed class space mapped at: 0x0000000800c00000-0x0000000840c00000, reserved size: 1073741824
Narrow klass base: 0x0000000800000000, Narrow klass shift: 0, Narrow klass range: 0x100000000

GC Precious Log:
 CardTable entry size: 512
 Card Set container configuration: InlinePtr #cards 5 size 8 Array Of Cards #cards 12 size 40 Howl #buckets 4 coarsen threshold 1843 Howl Bitmap #cards 512 size 80 coarsen threshold 460 Card regions per heap region 1 cards per card region 2048
 CPUs: 12 total, 12 available
 Memory: 7860M
 Large Page Support: Disabled
 NUMA Support: Disabled
 Compressed Oops: Enabled (32-bit)
 Heap Region Size: 1M
 Heap Min Capacity: 8M
 Heap Initial Capacity: 124M
 Heap Max Capacity: 1966M
 Pre-touch: Disabled
 Parallel Workers: 10
 Concurrent Workers: 3
 Concurrent Refinement Workers: 10
 Periodic GC: Disabled

Heap:
 garbage-first heap   total 126976K, used 18432K [0x0000000085200000, 0x0000000100000000)
  region size 1024K, 20 young (20480K), 0 survivors (0K)
 Metaspace       used 14593K, committed 14784K, reserved 1114112K
  class space    used 1614K, committed 1728K, reserved 1048576K

Heap Regions: E=young(eden), S=young(survivor), O=old, HS=humongous(starts), HC=humongous(continues), CS=collection set, F=free, OA=open archive, CA=closed archive, TAMS=top-at-mark-start (previous, next)
|   0|0x0000000085200000, 0x0000000085200000, 0x0000000085300000|  0%| F|  |TAMS 0x0000000085200000, 0x0000000085200000| Untracked 
|   1|0x0000000085300000, 0x0000000085300000, 0x0000000085400000|  0%| F|  |TAMS 0x0000000085300000, 0x0000000085300000| Untracked 
|   2|0x0000000085400000, 0x0000000085400000, 0x0000000085500000|  0%| F|  |TAMS 0x0000000085400000, 0x0000000085400000| Untracked 
|   3|0x0000000085500000, 0x0000000085500000, 0x0000000085600000|  0%| F|  |TAMS 0x0000000085500000, 0x0000000085500000| Untracked 
|   4|0x0000000085600000, 0x0000000085600000, 0x0000000085700000|  0%| F|  |TAMS 0x0000000085600000, 0x0000000085600000| Untracked 
|   5|0x0000000085700000, 0x0000000085700000, 0x0000000085800000|  0%| F|  |TAMS 0x0000000085700000, 0x0000000085700000| Untracked 
|   6|0x0000000085800000, 0x0000000085800000, 0x0000000085900000|  0%| F|  |TAMS 0x0000000085800000, 0x0000000085800000| Untracked 
|   7|0x0000000085900000, 0x0000000085900000, 0x0000000085a00000|  0%| F|  |TAMS 0x0000000085900000, 0x0000000085900000| Untracked 
|   8|0x0000000085a00000, 0x0000000085a00000, 0x0000000085b00000|  0%| F|  |TAMS 0x0000000085a00000, 0x0000000085a00000| Untracked 
|   9|0x0000000085b00000, 0x0000000085b00000, 0x0000000085c00000|  0%| F|  |TAMS 0x0000000085b00000, 0x0000000085b00000| Untracked 
|  10|0x0000000085c00000, 0x0000000085c00000, 0x0000000085d00000|  0%| F|  |TAMS 0x0000000085c00000, 0x0000000085c00000| Untracked 
|  11|0x0000000085d00000, 0x0000000085d00000, 0x0000000085e00000|  0%| F|  |TAMS 0x0000000085d00000, 0x0000000085d00000| Untracked 
|  12|0x0000000085e00000, 0x0000000085e00000, 0x0000000085f00000|  0%| F|  |TAMS 0x0000000085e00000, 0x0000000085e00000| Untracked 
|  13|0x0000000085f00000, 0x0000000085f00000, 0x0000000086000000|  0%| F|  |TAMS 0x0000000085f00000, 0x0000000085f00000| Untracked 
|  14|0x0000000086000000, 0x0000000086000000, 0x0000000086100000|  0%| F|  |TAMS 0x0000000086000000, 0x0000000086000000| Untracked 
|  15|0x0000000086100000, 0x0000000086100000, 0x0000000086200000|  0%| F|  |TAMS 0x0000000086100000, 0x0000000086100000| Untracked 
|  16|0x0000000086200000, 0x0000000086200000, 0x0000000086300000|  0%| F|  |TAMS 0x0000000086200000, 0x0000000086200000| Untracked 
|  17|0x0000000086300000, 0x0000000086300000, 0x0000000086400000|  0%| F|  |TAMS 0x0000000086300000, 0x0000000086300000| Untracked 
|  18|0x0000000086400000, 0x0000000086400000, 0x0000000086500000|  0%| F|  |TAMS 0x0000000086400000, 0x0000000086400000| Untracked 
|  19|0x0000000086500000, 0x0000000086500000, 0x0000000086600000|  0%| F|  |TAMS 0x0000000086500000, 0x0000000086500000| Untracked 
|  20|0x0000000086600000, 0x0000000086600000, 0x0000000086700000|  0%| F|  |TAMS 0x0000000086600000, 0x0000000086600000| Untracked 
|  21|0x0000000086700000, 0x0000000086700000, 0x0000000086800000|  0%| F|  |TAMS 0x0000000086700000, 0x0000000086700000| Untracked 
|  22|0x0000000086800000, 0x0000000086800000, 0x0000000086900000|  0%| F|  |TAMS 0x0000000086800000, 0x0000000086800000| Untracked 
|  23|0x0000000086900000, 0x0000000086900000, 0x0000000086a00000|  0%| F|  |TAMS 0x0000000086900000, 0x0000000086900000| Untracked 
|  24|0x0000000086a00000, 0x0000000086a00000, 0x0000000086b00000|  0%| F|  |TAMS 0x0000000086a00000, 0x0000000086a00000| Untracked 
|  25|0x0000000086b00000, 0x0000000086b00000, 0x0000000086c00000|  0%| F|  |TAMS 0x0000000086b00000, 0x0000000086b00000| Untracked 
|  26|0x0000000086c00000, 0x0000000086c00000, 0x0000000086d00000|  0%| F|  |TAMS 0x0000000086c00000, 0x0000000086c00000| Untracked 
|  27|0x0000000086d00000, 0x0000000086d00000, 0x0000000086e00000|  0%| F|  |TAMS 0x0000000086d00000, 0x0000000086d00000| Untracked 
|  28|0x0000000086e00000, 0x0000000086e00000, 0x0000000086f00000|  0%| F|  |TAMS 0x0000000086e00000, 0x0000000086e00000| Untracked 
|  29|0x0000000086f00000, 0x0000000086f00000, 0x0000000087000000|  0%| F|  |TAMS 0x0000000086f00000, 0x0000000086f00000| Untracked 
|  30|0x0000000087000000, 0x0000000087000000, 0x0000000087100000|  0%| F|  |TAMS 0x0000000087000000, 0x0000000087000000| Untracked 
|  31|0x0000000087100000, 0x0000000087100000, 0x0000000087200000|  0%| F|  |TAMS 0x0000000087100000, 0x0000000087100000| Untracked 
|  32|0x0000000087200000, 0x0000000087200000, 0x0000000087300000|  0%| F|  |TAMS 0x0000000087200000, 0x0000000087200000| Untracked 
|  33|0x0000000087300000, 0x0000000087300000, 0x0000000087400000|  0%| F|  |TAMS 0x0000000087300000, 0x0000000087300000| Untracked 
|  34|0x0000000087400000, 0x0000000087400000, 0x0000000087500000|  0%| F|  |TAMS 0x0000000087400000, 0x0000000087400000| Untracked 
|  35|0x0000000087500000, 0x0000000087500000, 0x0000000087600000|  0%| F|  |TAMS 0x0000000087500000, 0x0000000087500000| Untracked 
|  36|0x0000000087600000, 0x0000000087600000, 0x0000000087700000|  0%| F|  |TAMS 0x0000000087600000, 0x0000000087600000| Untracked 
|  37|0x0000000087700000, 0x0000000087700000, 0x0000000087800000|  0%| F|  |TAMS 0x0000000087700000, 0x0000000087700000| Untracked 
|  38|0x0000000087800000, 0x0000000087800000, 0x0000000087900000|  0%| F|  |TAMS 0x0000000087800000, 0x0000000087800000| Untracked 
|  39|0x0000000087900000, 0x0000000087900000, 0x0000000087a00000|  0%| F|  |TAMS 0x0000000087900000, 0x0000000087900000| Untracked 
|  40|0x0000000087a00000, 0x0000000087a00000, 0x0000000087b00000|  0%| F|  |TAMS 0x0000000087a00000, 0x0000000087a00000| Untracked 
|  41|0x0000000087b00000, 0x0000000087b00000, 0x0000000087c00000|  0%| F|  |TAMS 0x0000000087b00000, 0x0000000087b00000| Untracked 
|  42|0x0000000087c00000, 0x0000000087c00000, 0x0000000087d00000|  0%| F|  |TAMS 0x0000000087c00000, 0x0000000087c00000| Untracked 
|  43|0x0000000087d00000, 0x0000000087d00000, 0x0000000087e00000|  0%| F|  |TAMS 0x0000000087d00000, 0x0000000087d00000| Untracked 
|  44|0x0000000087e00000, 0x0000000087e00000, 0x0000000087f00000|  0%| F|  |TAMS 0x0000000087e00000, 0x0000000087e00000| Untracked 
|  45|0x0000000087f00000, 0x0000000087f00000, 0x0000000088000000|  0%| F|  |TAMS 0x0000000087f00000, 0x0000000087f00000| Untracked 
|  46|0x0000000088000000, 0x0000000088000000, 0x0000000088100000|  0%| F|  |TAMS 0x0000000088000000, 0x0000000088000000| Untracked 
|  47|0x0000000088100000, 0x0000000088100000, 0x0000000088200000|  0%| F|  |TAMS 0x0000000088100000, 0x0000000088100000| Untracked 
|  48|0x0000000088200000, 0x0000000088200000, 0x0000000088300000|  0%| F|  |TAMS 0x0000000088200000, 0x0000000088200000| Untracked 
|  49|0x0000000088300000, 0x0000000088300000, 0x0000000088400000|  0%| F|  |TAMS 0x0000000088300000, 0x0000000088300000| Untracked 
|  50|0x0000000088400000, 0x0000000088400000, 0x0000000088500000|  0%| F|  |TAMS 0x0000000088400000, 0x0000000088400000| Untracked 
|  51|0x0000000088500000, 0x0000000088500000, 0x0000000088600000|  0%| F|  |TAMS 0x0000000088500000, 0x0000000088500000| Untracked 
|  52|0x0000000088600000, 0x0000000088600000, 0x0000000088700000|  0%| F|  |TAMS 0x0000000088600000, 0x0000000088600000| Untracked 
|  53|0x0000000088700000, 0x0000000088700000, 0x0000000088800000|  0%| F|  |TAMS 0x0000000088700000, 0x0000000088700000| Untracked 
|  54|0x0000000088800000, 0x0000000088800000, 0x0000000088900000|  0%| F|  |TAMS 0x0000000088800000, 0x0000000088800000| Untracked 
|  55|0x0000000088900000, 0x0000000088900000, 0x0000000088a00000|  0%| F|  |TAMS 0x0000000088900000, 0x0000000088900000| Untracked 
|  56|0x0000000088a00000, 0x0000000088a00000, 0x0000000088b00000|  0%| F|  |TAMS 0x0000000088a00000, 0x0000000088a00000| Untracked 
|  57|0x0000000088b00000, 0x0000000088b00000, 0x0000000088c00000|  0%| F|  |TAMS 0x0000000088b00000, 0x0000000088b00000| Untracked 
|  58|0x0000000088c00000, 0x0000000088c00000, 0x0000000088d00000|  0%| F|  |TAMS 0x0000000088c00000, 0x0000000088c00000| Untracked 
|  59|0x0000000088d00000, 0x0000000088d00000, 0x0000000088e00000|  0%| F|  |TAMS 0x0000000088d00000, 0x0000000088d00000| Untracked 
|  60|0x0000000088e00000, 0x0000000088e00000, 0x0000000088f00000|  0%| F|  |TAMS 0x0000000088e00000, 0x0000000088e00000| Untracked 
|  61|0x0000000088f00000, 0x0000000088f00000, 0x0000000089000000|  0%| F|  |TAMS 0x0000000088f00000, 0x0000000088f00000| Untracked 
|  62|0x0000000089000000, 0x0000000089000000, 0x0000000089100000|  0%| F|  |TAMS 0x0000000089000000, 0x0000000089000000| Untracked 
|  63|0x0000000089100000, 0x0000000089100000, 0x0000000089200000|  0%| F|  |TAMS 0x0000000089100000, 0x0000000089100000| Untracked 
|  64|0x0000000089200000, 0x0000000089200000, 0x0000000089300000|  0%| F|  |TAMS 0x0000000089200000, 0x0000000089200000| Untracked 
|  65|0x0000000089300000, 0x0000000089300000, 0x0000000089400000|  0%| F|  |TAMS 0x0000000089300000, 0x0000000089300000| Untracked 
|  66|0x0000000089400000, 0x0000000089400000, 0x0000000089500000|  0%| F|  |TAMS 0x0000000089400000, 0x0000000089400000| Untracked 
|  67|0x0000000089500000, 0x0000000089500000, 0x0000000089600000|  0%| F|  |TAMS 0x0000000089500000, 0x0000000089500000| Untracked 
|  68|0x0000000089600000, 0x0000000089600000, 0x0000000089700000|  0%| F|  |TAMS 0x0000000089600000, 0x0000000089600000| Untracked 
|  69|0x0000000089700000, 0x0000000089700000, 0x0000000089800000|  0%| F|  |TAMS 0x0000000089700000, 0x0000000089700000| Untracked 
|  70|0x0000000089800000, 0x0000000089800000, 0x0000000089900000|  0%| F|  |TAMS 0x0000000089800000, 0x0000000089800000| Untracked 
|  71|0x0000000089900000, 0x0000000089900000, 0x0000000089a00000|  0%| F|  |TAMS 0x0000000089900000, 0x0000000089900000| Untracked 
|  72|0x0000000089a00000, 0x0000000089a00000, 0x0000000089b00000|  0%| F|  |TAMS 0x0000000089a00000, 0x0000000089a00000| Untracked 
|  73|0x0000000089b00000, 0x0000000089b00000, 0x0000000089c00000|  0%| F|  |TAMS 0x0000000089b00000, 0x0000000089b00000| Untracked 
|  74|0x0000000089c00000, 0x0000000089c00000, 0x0000000089d00000|  0%| F|  |TAMS 0x0000000089c00000, 0x0000000089c00000| Untracked 
|  75|0x0000000089d00000, 0x0000000089d00000, 0x0000000089e00000|  0%| F|  |TAMS 0x0000000089d00000, 0x0000000089d00000| Untracked 
|  76|0x0000000089e00000, 0x0000000089e00000, 0x0000000089f00000|  0%| F|  |TAMS 0x0000000089e00000, 0x0000000089e00000| Untracked 
|  77|0x0000000089f00000, 0x0000000089f00000, 0x000000008a000000|  0%| F|  |TAMS 0x0000000089f00000, 0x0000000089f00000| Untracked 
|  78|0x000000008a000000, 0x000000008a000000, 0x000000008a100000|  0%| F|  |TAMS 0x000000008a000000, 0x000000008a000000| Untracked 
|  79|0x000000008a100000, 0x000000008a100000, 0x000000008a200000|  0%| F|  |TAMS 0x000000008a100000, 0x000000008a100000| Untracked 
|  80|0x000000008a200000, 0x000000008a200000, 0x000000008a300000|  0%| F|  |TAMS 0x000000008a200000, 0x000000008a200000| Untracked 
|  81|0x000000008a300000, 0x000000008a300000, 0x000000008a400000|  0%| F|  |TAMS 0x000000008a300000, 0x000000008a300000| Untracked 
|  82|0x000000008a400000, 0x000000008a400000, 0x000000008a500000|  0%| F|  |TAMS 0x000000008a400000, 0x000000008a400000| Untracked 
|  83|0x000000008a500000, 0x000000008a500000, 0x000000008a600000|  0%| F|  |TAMS 0x000000008a500000, 0x000000008a500000| Untracked 
|  84|0x000000008a600000, 0x000000008a600000, 0x000000008a700000|  0%| F|  |TAMS 0x000000008a600000, 0x000000008a600000| Untracked 
|  85|0x000000008a700000, 0x000000008a700000, 0x000000008a800000|  0%| F|  |TAMS 0x000000008a700000, 0x000000008a700000| Untracked 
|  86|0x000000008a800000, 0x000000008a800000, 0x000000008a900000|  0%| F|  |TAMS 0x000000008a800000, 0x000000008a800000| Untracked 
|  87|0x000000008a900000, 0x000000008a900000, 0x000000008aa00000|  0%| F|  |TAMS 0x000000008a900000, 0x000000008a900000| Untracked 
|  88|0x000000008aa00000, 0x000000008aa00000, 0x000000008ab00000|  0%| F|  |TAMS 0x000000008aa00000, 0x000000008aa00000| Untracked 
|  89|0x000000008ab00000, 0x000000008ab00000, 0x000000008ac00000|  0%| F|  |TAMS 0x000000008ab00000, 0x000000008ab00000| Untracked 
|  90|0x000000008ac00000, 0x000000008ac00000, 0x000000008ad00000|  0%| F|  |TAMS 0x000000008ac00000, 0x000000008ac00000| Untracked 
|  91|0x000000008ad00000, 0x000000008ad00000, 0x000000008ae00000|  0%| F|  |TAMS 0x000000008ad00000, 0x000000008ad00000| Untracked 
|  92|0x000000008ae00000, 0x000000008ae00000, 0x000000008af00000|  0%| F|  |TAMS 0x000000008ae00000, 0x000000008ae00000| Untracked 
|  93|0x000000008af00000, 0x000000008af00000, 0x000000008b000000|  0%| F|  |TAMS 0x000000008af00000, 0x000000008af00000| Untracked 
|  94|0x000000008b000000, 0x000000008b000000, 0x000000008b100000|  0%| F|  |TAMS 0x000000008b000000, 0x000000008b000000| Untracked 
|  95|0x000000008b100000, 0x000000008b100000, 0x000000008b200000|  0%| F|  |TAMS 0x000000008b100000, 0x000000008b100000| Untracked 
|  96|0x000000008b200000, 0x000000008b200000, 0x000000008b300000|  0%| F|  |TAMS 0x000000008b200000, 0x000000008b200000| Untracked 
|  97|0x000000008b300000, 0x000000008b300000, 0x000000008b400000|  0%| F|  |TAMS 0x000000008b300000, 0x000000008b300000| Untracked 
|  98|0x000000008b400000, 0x000000008b400000, 0x000000008b500000|  0%| F|  |TAMS 0x000000008b400000, 0x000000008b400000| Untracked 
|  99|0x000000008b500000, 0x000000008b500000, 0x000000008b600000|  0%| F|  |TAMS 0x000000008b500000, 0x000000008b500000| Untracked 
| 100|0x000000008b600000, 0x000000008b600000, 0x000000008b700000|  0%| F|  |TAMS 0x000000008b600000, 0x000000008b600000| Untracked 
| 101|0x000000008b700000, 0x000000008b700000, 0x000000008b800000|  0%| F|  |TAMS 0x000000008b700000, 0x000000008b700000| Untracked 
| 102|0x000000008b800000, 0x000000008b800000, 0x000000008b900000|  0%| F|  |TAMS 0x000000008b800000, 0x000000008b800000| Untracked 
| 103|0x000000008b900000, 0x000000008b900000, 0x000000008ba00000|  0%| F|  |TAMS 0x000000008b900000, 0x000000008b900000| Untracked 
| 104|0x000000008ba00000, 0x000000008baed860, 0x000000008bb00000| 92%| E|  |TAMS 0x000000008ba00000, 0x000000008ba00000| Complete 
| 105|0x000000008bb00000, 0x000000008bc00000, 0x000000008bc00000|100%| E|CS|TAMS 0x000000008bb00000, 0x000000008bb00000| Complete 
| 106|0x000000008bc00000, 0x000000008bd00000, 0x000000008bd00000|100%| E|CS|TAMS 0x000000008bc00000, 0x000000008bc00000| Complete 
| 107|0x000000008bd00000, 0x000000008be00000, 0x000000008be00000|100%| E|CS|TAMS 0x000000008bd00000, 0x000000008bd00000| Complete 
| 108|0x000000008be00000, 0x000000008bf00000, 0x000000008bf00000|100%| E|CS|TAMS 0x000000008be00000, 0x000000008be00000| Complete 
| 109|0x000000008bf00000, 0x000000008c000000, 0x000000008c000000|100%| E|CS|TAMS 0x000000008bf00000, 0x000000008bf00000| Complete 
| 110|0x000000008c000000, 0x000000008c100000, 0x000000008c100000|100%| E|CS|TAMS 0x000000008c000000, 0x000000008c000000| Complete 
| 111|0x000000008c100000, 0x000000008c200000, 0x000000008c200000|100%| E|CS|TAMS 0x000000008c100000, 0x000000008c100000| Complete 
| 112|0x000000008c200000, 0x000000008c300000, 0x000000008c300000|100%| E|CS|TAMS 0x000000008c200000, 0x000000008c200000| Complete 
| 113|0x000000008c300000, 0x000000008c400000, 0x000000008c400000|100%| E|  |TAMS 0x000000008c300000, 0x000000008c300000| Complete 
| 114|0x000000008c400000, 0x000000008c500000, 0x000000008c500000|100%| E|CS|TAMS 0x000000008c400000, 0x000000008c400000| Complete 
| 115|0x000000008c500000, 0x000000008c600000, 0x000000008c600000|100%| E|CS|TAMS 0x000000008c500000, 0x000000008c500000| Complete 
| 116|0x000000008c600000, 0x000000008c700000, 0x000000008c700000|100%| E|CS|TAMS 0x000000008c600000, 0x000000008c600000| Complete 
| 117|0x000000008c700000, 0x000000008c800000, 0x000000008c800000|100%| E|CS|TAMS 0x000000008c700000, 0x000000008c700000| Complete 
| 118|0x000000008c800000, 0x000000008c900000, 0x000000008c900000|100%| E|CS|TAMS 0x000000008c800000, 0x000000008c800000| Complete 
| 119|0x000000008c900000, 0x000000008ca00000, 0x000000008ca00000|100%| E|CS|TAMS 0x000000008c900000, 0x000000008c900000| Complete 
| 120|0x000000008ca00000, 0x000000008cb00000, 0x000000008cb00000|100%| E|CS|TAMS 0x000000008ca00000, 0x000000008ca00000| Complete 
| 121|0x000000008cb00000, 0x000000008cc00000, 0x000000008cc00000|100%| E|CS|TAMS 0x000000008cb00000, 0x000000008cb00000| Complete 
| 122|0x000000008cc00000, 0x000000008cd00000, 0x000000008cd00000|100%| E|CS|TAMS 0x000000008cc00000, 0x000000008cc00000| Complete 
| 123|0x000000008cd00000, 0x000000008ce00000, 0x000000008ce00000|100%| E|CS|TAMS 0x000000008cd00000, 0x000000008cd00000| Complete 

Card table byte_map: [0x00000166fee00000,0x00000166ff1e0000] _byte_map_base: 0x00000166fe9d7000

Marking Bits (Prev, Next): (CMBitMap*) 0x00000166e7bf9db0, (CMBitMap*) 0x00000166e7bf9df0
 Prev Bits: [0x0000016680000000, 0x0000016681eb8000)
 Next Bits: [0x0000016681ec0000, 0x0000016683d78000)

Polling page: 0x00000166e7360000

Metaspace:

Usage:
  Non-class:     12.68 MB used.
      Class:      1.58 MB used.
       Both:     14.25 MB used.

Virtual space:
  Non-class space:       64.00 MB reserved,      12.75 MB ( 20%) committed,  1 nodes.
      Class space:        1.00 GB reserved,       1.69 MB ( <1%) committed,  1 nodes.
             Both:        1.06 GB reserved,      14.44 MB (  1%) committed. 

Chunk freelists:
   Non-Class:  2.83 MB
       Class:  2.19 MB
        Both:  5.01 MB

MaxMetaspaceSize: unlimited
CompressedClassSpaceSize: 1.00 GB
Initial GC threshold: 21.00 MB
Current GC threshold: 21.00 MB
CDS: on
MetaspaceReclaimPolicy: balanced
 - commit_granule_bytes: 65536.
 - commit_granule_words: 8192.
 - virtual_space_node_default_size: 8388608.
 - enlarge_chunks_in_place: 1.
 - new_chunks_are_fully_committed: 0.
 - uncommit_free_chunks: 1.
 - use_allocation_guard: 0.


Internal statistics:

num_allocs_failed_limit: 0.
num_arena_births: 136.
num_arena_deaths: 0.
num_vsnodes_births: 2.
num_vsnodes_deaths: 0.
num_space_committed: 231.
num_space_uncommitted: 0.
num_chunks_returned_to_freelist: 0.
num_chunks_taken_from_freelist: 324.
num_chunk_merges: 0.
num_chunk_splits: 200.
num_chunks_enlarged: 114.
num_inconsistent_stats: 0.

CodeHeap 'non-profiled nmethods': size=120000Kb used=499Kb max_used=499Kb free=119501Kb
 bounds [0x00000166f6fa0000, 0x00000166f7210000, 0x00000166fe4d0000]
CodeHeap 'profiled nmethods': size=120000Kb used=2549Kb max_used=2549Kb free=117450Kb
 bounds [0x00000166efa70000, 0x00000166efcf0000, 0x00000166f6fa0000]
CodeHeap 'non-nmethods': size=5760Kb used=1306Kb max_used=1312Kb free=4453Kb
 bounds [0x00000166ef4d0000, 0x00000166ef740000, 0x00000166efa70000]
 total_blobs=2086 nmethods=1464 adapters=535
 compilation: enabled
              stopped_count=0, restarted_count=0
 full_count=0

Compilation events (20 events):
Event: 1.015 Thread 0x00000166860068b0 1432       3       com.mysql.cj.conf.AbstractRuntimeProperty::initializeFrom (108 bytes)
Event: 1.016 Thread 0x00000166860068b0 nmethod 1432 0x00000166efcd9a10 code [0x00000166efcd9ca0, 0x00000166efcdb0f8]
Event: 1.025 Thread 0x00000166860068b0 1433       3       jdk.internal.loader.NativeLibraries$NativeLibraryImpl::find (6 bytes)
Event: 1.026 Thread 0x00000166860068b0 nmethod 1433 0x00000166efcdb590 code [0x00000166efcdb720, 0x00000166efcdb848]
Event: 1.026 Thread 0x00000166860068b0 1435       3       java.security.SecureClassLoader::getProtectionDomain (38 bytes)
Event: 1.026 Thread 0x00000166860068b0 nmethod 1435 0x00000166efcdb910 code [0x00000166efcdbb00, 0x00000166efcdc188]
Event: 1.026 Thread 0x00000166860068b0 1436       3       java.security.SecureClassLoader$CodeSourceKey::hashCode (21 bytes)
Event: 1.026 Thread 0x00000166860068b0 nmethod 1436 0x00000166efcdc390 code [0x00000166efcdc540, 0x00000166efcdc728]
Event: 1.026 Thread 0x00000166860068b0 1437       3       java.lang.ClassLoader::preDefineClass (118 bytes)
Event: 1.027 Thread 0x00000166860068b0 nmethod 1437 0x00000166efcdc810 code [0x00000166efcdcb80, 0x00000166efcdde78]
Event: 1.027 Thread 0x00000166860068b0 1438       3       java.lang.ClassLoader::defineClassSourceLocation (28 bytes)
Event: 1.027 Thread 0x00000166860068b0 nmethod 1438 0x00000166efcde590 code [0x00000166efcde760, 0x00000166efcdeae8]
Event: 1.030 Thread 0x00000166860068b0 1439   !   3       java.lang.ClassLoader::addClass (27 bytes)
Event: 1.031 Thread 0x00000166860068b0 nmethod 1439 0x00000166efcdec90 code [0x00000166efcdee60, 0x00000166efcdf428]
Event: 1.031 Thread 0x00000166860068b0 1440       3       java.lang.ClassLoader::postDefineClass (39 bytes)
Event: 1.031 Thread 0x00000166860068b0 nmethod 1440 0x00000166efcdf790 code [0x00000166efcdf980, 0x00000166efcdfc98]
Event: 1.031 Thread 0x00000166860068b0 1441       3       java.lang.ClassLoader::getNamedPackage (73 bytes)
Event: 1.031 Thread 0x00000166860068b0 nmethod 1441 0x00000166efcdfe10 code [0x00000166efce0000, 0x00000166efce0568]
Event: 1.031 Thread 0x00000166860068b0 1442       3       java.util.HashMap::entrySet (27 bytes)
Event: 1.031 Thread 0x00000166860068b0 nmethod 1442 0x00000166efce0790 code [0x00000166efce0960, 0x00000166efce0d78]

GC Heap History (0 events):
No events

Deoptimization events (20 events):
Event: 0.836 Thread 0x00000166e7b99dc0 Uncommon trap: trap_request=0xffffff45 fr.pc=0x00000166f6ffdda4 relative=0x00000000000002e4
Event: 0.836 Thread 0x00000166e7b99dc0 Uncommon trap: reason=unstable_if action=reinterpret pc=0x00000166f6ffdda4 method=java.util.regex.Pattern$SliceI.match(Ljava/util/regex/Matcher;ILjava/lang/CharSequence;)Z @ 29 c2
Event: 0.837 Thread 0x00000166e7b99dc0 DEOPT PACKING pc=0x00000166f6ffdda4 sp=0x000000474bcfdde0
Event: 0.837 Thread 0x00000166e7b99dc0 DEOPT UNPACKING pc=0x00000166ef5223a3 sp=0x000000474bcfdd78 mode 2
Event: 0.931 Thread 0x00000166e7b99dc0 Uncommon trap: trap_request=0xffffffde fr.pc=0x00000166f6ffba54 relative=0x00000000000009b4
Event: 0.931 Thread 0x00000166e7b99dc0 Uncommon trap: reason=class_check action=maybe_recompile pc=0x00000166f6ffba54 method=java.util.HashMap.putVal(ILjava/lang/Object;Ljava/lang/Object;ZZ)Ljava/lang/Object; @ 253 c2
Event: 0.931 Thread 0x00000166e7b99dc0 DEOPT PACKING pc=0x00000166f6ffba54 sp=0x000000474bcfe000
Event: 0.931 Thread 0x00000166e7b99dc0 DEOPT UNPACKING pc=0x00000166ef5223a3 sp=0x000000474bcfdf38 mode 2
Event: 0.931 Thread 0x00000166e7b99dc0 Uncommon trap: trap_request=0xffffffde fr.pc=0x00000166f6ffba54 relative=0x00000000000009b4
Event: 0.932 Thread 0x00000166e7b99dc0 Uncommon trap: reason=class_check action=maybe_recompile pc=0x00000166f6ffba54 method=java.util.HashMap.putVal(ILjava/lang/Object;Ljava/lang/Object;ZZ)Ljava/lang/Object; @ 253 c2
Event: 0.932 Thread 0x00000166e7b99dc0 DEOPT PACKING pc=0x00000166f6ffba54 sp=0x000000474bcfe000
Event: 0.932 Thread 0x00000166e7b99dc0 DEOPT UNPACKING pc=0x00000166ef5223a3 sp=0x000000474bcfdf38 mode 2
Event: 0.982 Thread 0x00000166e7b99dc0 Uncommon trap: trap_request=0xffffff45 fr.pc=0x00000166f70124a8 relative=0x0000000000000b48
Event: 0.982 Thread 0x00000166e7b99dc0 Uncommon trap: reason=unstable_if action=reinterpret pc=0x00000166f70124a8 method=java.lang.Integer.compare(II)I @ 2 c2
Event: 0.982 Thread 0x00000166e7b99dc0 DEOPT PACKING pc=0x00000166f70124a8 sp=0x000000474bcfe520
Event: 0.982 Thread 0x00000166e7b99dc0 DEOPT UNPACKING pc=0x00000166ef5223a3 sp=0x000000474bcfe388 mode 2
Event: 1.030 Thread 0x00000166e7b99dc0 Uncommon trap: trap_request=0xffffff45 fr.pc=0x00000166f6fec568 relative=0x0000000000000548
Event: 1.030 Thread 0x00000166e7b99dc0 Uncommon trap: reason=unstable_if action=reinterpret pc=0x00000166f6fec568 method=java.lang.AbstractStringBuilder.append(Ljava/lang/String;)Ljava/lang/AbstractStringBuilder; @ 1 c2
Event: 1.030 Thread 0x00000166e7b99dc0 DEOPT PACKING pc=0x00000166f6fec568 sp=0x000000474bcfeaa0
Event: 1.030 Thread 0x00000166e7b99dc0 DEOPT UNPACKING pc=0x00000166ef5223a3 sp=0x000000474bcfea20 mode 2

Classes loaded (20 events):
Event: 0.927 Loading class javax/security/auth/login/Configuration
Event: 0.927 Loading class javax/security/auth/login/Configuration done
Event: 0.927 Loading class javax/security/auth/callback/Callback
Event: 0.927 Loading class javax/security/auth/callback/Callback done
Event: 0.927 Loading class sun/invoke/util/VerifyAccess$1
Event: 0.927 Loading class sun/invoke/util/VerifyAccess$1 done
Event: 0.930 Loading class sun/security/ssl/PostHandshakeContext
Event: 0.930 Loading class sun/security/ssl/PostHandshakeContext done
Event: 0.930 Loading class sun/security/ssl/NewSessionTicket$T13NewSessionTicketMessage
Event: 0.931 Loading class sun/security/ssl/NewSessionTicket$NewSessionTicketMessage
Event: 0.931 Loading class sun/security/ssl/NewSessionTicket$NewSessionTicketMessage done
Event: 0.931 Loading class sun/security/ssl/NewSessionTicket$T13NewSessionTicketMessage done
Event: 0.995 Loading class java/util/TimerTask
Event: 0.995 Loading class java/util/TimerTask done
Event: 0.996 Loading class java/util/NoSuchElementException
Event: 0.997 Loading class java/util/NoSuchElementException done
Event: 1.011 Loading class java/time/format/DateTimeParseException
Event: 1.011 Loading class java/time/DateTimeException
Event: 1.012 Loading class java/time/DateTimeException done
Event: 1.012 Loading class java/time/format/DateTimeParseException done

Classes unloaded (0 events):
No events

Classes redefined (0 events):
No events

Internal exceptions (20 events):
Event: 0.170 Thread 0x00000166e7b99dc0 Exception <a 'sun/nio/fs/WindowsException'{0x000000008cc39470}> (0x000000008cc39470) 
thrown [s\open\src\hotspot\share\prims\jni.cpp, line 516]
Event: 0.197 Thread 0x00000166e7b99dc0 Exception <a 'java/lang/ClassNotFoundException'{0x000000008cb02148}: sun/awt/resources/spi/awtProvider> (0x000000008cb02148) 
thrown [s\open\src\hotspot\share\classfile\systemDictionary.cpp, line 255]
Event: 0.211 Thread 0x00000166e7b99dc0 Exception <a 'java/io/FileNotFoundException'{0x000000008cb55968}> (0x000000008cb55968) 
thrown [s\open\src\hotspot\share\prims\jni.cpp, line 516]
Event: 0.215 Thread 0x00000166e7b99dc0 Exception <a 'java/io/FileNotFoundException'{0x000000008cb82bf8}> (0x000000008cb82bf8) 
thrown [s\open\src\hotspot\share\prims\jni.cpp, line 516]
Event: 0.238 Thread 0x00000166e7b99dc0 Exception <a 'java/lang/NoSuchMethodError'{0x000000008cbc6fd0}: 'java.lang.Object java.lang.invoke.DirectMethodHandle$Holder.invokeStaticInit(java.lang.Object)'> (0x000000008cbc6fd0) 
thrown [s\open\src\hotspot\share\interpreter\linkResolver.cpp, line 759]
Event: 0.265 Thread 0x00000166e7b99dc0 Exception <a 'java/lang/NoSuchMethodError'{0x000000008ca9ad48}: 'void java.lang.invoke.DirectMethodHandle$Holder.invokeSpecial(java.lang.Object, java.lang.Object, java.lang.Object)'> (0x000000008ca9ad48) 
thrown [s\open\src\hotspot\share\interpreter\linkResolver.cpp, line 759]
Event: 0.269 Thread 0x00000166e7b99dc0 Exception <a 'java/lang/NoSuchMethodError'{0x000000008cac5d70}: 'java.lang.Object java.lang.invoke.DirectMethodHandle$Holder.newInvokeSpecial(java.lang.Object, java.lang.Object, java.lang.Object, java.lang.Object, java.lang.Object)'> (0x000000008cac5d70) 
thrown [s\open\src\hotspot\share\interpreter\linkResolver.cpp, line 759]
Event: 0.274 Thread 0x00000166e7b99dc0 Exception <a 'java/lang/NoSuchMethodError'{0x000000008caf7ac8}: 'java.lang.Object java.lang.invoke.DirectMethodHandle$Holder.invokeStatic(java.lang.Object, int, java.lang.Object)'> (0x000000008caf7ac8) 
thrown [s\open\src\hotspot\share\interpreter\linkResolver.cpp, line 759]
Event: 0.288 Thread 0x00000166e7b99dc0 Exception <a 'java/lang/ClassNotFoundException'{0x000000008c9b4c90}: com/sun/swing/internal/plaf/metal/resources/spi/metalProvider> (0x000000008c9b4c90) 
thrown [s\open\src\hotspot\share\classfile\systemDictionary.cpp, line 255]
Event: 0.289 Thread 0x00000166e7b99dc0 Exception <a 'java/lang/ClassNotFoundException'{0x000000008c9b8cc8}: com/sun/swing/internal/plaf/basic/resources/spi/basicProvider> (0x000000008c9b8cc8) 
thrown [s\open\src\hotspot\share\classfile\systemDictionary.cpp, line 255]
Event: 0.294 Thread 0x00000166e7b99dc0 Exception <a 'java/lang/NoSuchMethodError'{0x000000008c9d90c8}: 'int java.lang.invoke.Invokers$Holder.invokeExact_MT(java.lang.Object, java.lang.Object)'> (0x000000008c9d90c8) 
thrown [s\open\src\hotspot\share\interpreter\linkResolver.cpp, line 759]
Event: 0.334 Thread 0x00000166e7b99dc0 Exception <a 'java/lang/NoSuchMethodError'{0x000000008c755930}: 'java.lang.Object java.lang.invoke.DirectMethodHandle$Holder.invokeInterface(java.lang.Object, java.lang.Object)'> (0x000000008c755930) 
thrown [s\open\src\hotspot\share\interpreter\linkResolver.cpp, line 759]
Event: 0.356 Thread 0x00000166e7b99dc0 Exception <a 'java/lang/NoSuchMethodError'{0x000000008c7d7418}: 'void java.lang.invoke.DirectMethodHandle$Holder.invokeStatic(java.lang.Object, java.lang.Object, java.lang.Object)'> (0x000000008c7d7418) 
thrown [s\open\src\hotspot\share\interpreter\linkResolver.cpp, line 759]
Event: 0.357 Thread 0x00000166e7b99dc0 Exception <a 'java/lang/NoSuchMethodError'{0x000000008c7e1308}: 'java.lang.Object java.lang.invoke.DirectMethodHandle$Holder.invokeVirtual(java.lang.Object, java.lang.Object, java.lang.Object)'> (0x000000008c7e1308) 
thrown [s\open\src\hotspot\share\interpreter\linkResolver.cpp, line 759]
Event: 0.416 Thread 0x00000166e7b99dc0 Exception <a 'java/lang/NoSuchMethodError'{0x000000008c4e8820}: 'void java.lang.invoke.DirectMethodHandle$Holder.invokeStatic(java.lang.Object, java.lang.Object)'> (0x000000008c4e8820) 
thrown [s\open\src\hotspot\share\interpreter\linkResolver.cpp, line 759]
Event: 0.511 Thread 0x00000166e7b99dc0 Exception <a 'java/lang/NoSuchMethodError'{0x000000008c2b0068}: 'void java.lang.invoke.DirectMethodHandle$Holder.invokeStaticInit(java.lang.Object, java.lang.Object)'> (0x000000008c2b0068) 
thrown [s\open\src\hotspot\share\interpreter\linkResolver.cpp, line 759]
Event: 0.676 Thread 0x00000166e7b99dc0 Exception <a 'sun/nio/fs/WindowsException'{0x000000008c0ca518}> (0x000000008c0ca518) 
thrown [s\open\src\hotspot\share\prims\jni.cpp, line 516]
Event: 0.746 Thread 0x00000166e7b99dc0 Exception <a 'java/lang/NoSuchMethodError'{0x000000008be0f7c0}: 'java.lang.Object java.lang.invoke.DirectMethodHandle$Holder.invokeStaticInit(java.lang.Object, int, int, int, int)'> (0x000000008be0f7c0) 
thrown [s\open\src\hotspot\share\interpreter\linkResolver.cpp, line 759]
Event: 0.800 Thread 0x00000166e7b99dc0 Exception <a 'java/lang/NoSuchMethodError'{0x000000008beb86a0}: 'java.lang.Object java.lang.invoke.DirectMethodHandle$Holder.invokeStaticInit(java.lang.Object, java.lang.Object, int, int, int, int)'> (0x000000008beb86a0) 
thrown [s\open\src\hotspot\share\interpreter\linkResolver.cpp, line 759]
Event: 1.030 Thread 0x00000166e7b99dc0 Implicit null exception at 0x00000166f6fec052 to 0x00000166f6fec550

VM Operations (12 events):
Event: 0.171 Executing VM operation: HandshakeAllThreads
Event: 0.171 Executing VM operation: HandshakeAllThreads done
Event: 0.302 Executing VM operation: HandshakeAllThreads
Event: 0.302 Executing VM operation: HandshakeAllThreads done
Event: 0.323 Executing VM operation: HandshakeAllThreads
Event: 0.324 Executing VM operation: HandshakeAllThreads done
Event: 0.406 Executing VM operation: HandshakeAllThreads
Event: 0.406 Executing VM operation: HandshakeAllThreads done
Event: 0.726 Executing VM operation: ICBufferFull
Event: 0.727 Executing VM operation: ICBufferFull done
Event: 0.904 Executing VM operation: HandshakeAllThreads
Event: 0.904 Executing VM operation: HandshakeAllThreads done

Events (20 events):
Event: 0.138 Thread 0x0000016685fff8b0 Thread added: 0x0000016685fff8b0
Event: 0.138 Thread 0x0000016685fffe60 Thread added: 0x0000016685fffe60
Event: 0.138 Thread 0x0000016686000410 Thread added: 0x0000016686000410
Event: 0.138 Thread 0x00000166860049d0 Thread added: 0x00000166860049d0
Event: 0.138 Thread 0x00000166860052b0 Thread added: 0x00000166860052b0
Event: 0.138 Thread 0x00000166860068b0 Thread added: 0x00000166860068b0
Event: 0.138 Thread 0x000001668602a270 Thread added: 0x000001668602a270
Event: 0.159 Thread 0x000001668a47f360 Thread added: 0x000001668a47f360
Event: 0.167 Loaded shared library C:\Program Files\Java\jdk-18.0.2.1\bin\net.dll
Event: 0.168 Loaded shared library C:\Program Files\Java\jdk-18.0.2.1\bin\nio.dll
Event: 0.179 Thread 0x000001668a52e450 Thread added: 0x000001668a52e450
Event: 0.182 Thread 0x000001668a533960 Thread added: 0x000001668a533960
Event: 0.184 Loaded shared library C:\Program Files\Java\jdk-18.0.2.1\bin\zip.dll
Event: 0.193 Loaded shared library C:\Program Files\Java\jdk-18.0.2.1\bin\jimage.dll
Event: 0.203 Loaded shared library C:\Program Files\Java\jdk-18.0.2.1\bin\awt.dll
Event: 0.239 Thread 0x000001668a6d6910 Thread added: 0x000001668a6d6910
Event: 0.240 Thread 0x000001668a6d6dd0 Thread added: 0x000001668a6d6dd0
Event: 0.241 Thread 0x000001668a71fb40 Thread added: 0x000001668a71fb40
Event: 0.314 Thread 0x000001668a7989c0 Thread added: 0x000001668a7989c0
Event: 0.578 Loaded shared library C:\Program Files\Java\jdk-18.0.2.1\bin\sunmscapi.dll


Dynamic libraries:
0x00007ff755760000 - 0x00007ff755770000 	C:\Program Files\Java\jdk-18.0.2.1\bin\java.exe
0x00007ffb14590000 - 0x00007ffb147a4000 	C:\windows\SYSTEM32\ntdll.dll
0x00007ffb135a0000 - 0x00007ffb13662000 	C:\windows\System32\KERNEL32.DLL
0x00007ffb11d80000 - 0x00007ffb12123000 	C:\windows\System32\KERNELBASE.dll
0x00007ffb11a30000 - 0x00007ffb11b41000 	C:\windows\System32\ucrtbase.dll
0x00007ffaf9340000 - 0x00007ffaf935a000 	C:\Program Files\Java\jdk-18.0.2.1\bin\VCRUNTIME140.dll
0x00007ffae4890000 - 0x00007ffae48a8000 	C:\Program Files\Java\jdk-18.0.2.1\bin\jli.dll
0x00007ffb126f0000 - 0x00007ffb1279e000 	C:\windows\System32\ADVAPI32.dll
0x00007ffb137a0000 - 0x00007ffb13847000 	C:\windows\System32\msvcrt.dll
0x00007ffb12ce0000 - 0x00007ffb12d84000 	C:\windows\System32\sechost.dll
0x00007ffb13e70000 - 0x00007ffb13f87000 	C:\windows\System32\RPCRT4.dll
0x00007ffb12370000 - 0x00007ffb1251a000 	C:\windows\System32\USER32.dll
0x00007ffb12130000 - 0x00007ffb12156000 	C:\windows\System32\win32u.dll
0x00007ffb13870000 - 0x00007ffb13899000 	C:\windows\System32\GDI32.dll
0x00007ffb121e0000 - 0x00007ffb122f9000 	C:\windows\System32\gdi32full.dll
0x00007ffb11990000 - 0x00007ffb11a2a000 	C:\windows\System32\msvcp_win.dll
0x00007ffaef040000 - 0x00007ffaef2ce000 	C:\windows\WinSxS\amd64_microsoft.windows.common-controls_6595b64144ccf1df_6.0.22621.1635_none_270f70857386168e\COMCTL32.dll
0x00007ffb06bf0000 - 0x00007ffb06bfa000 	C:\windows\SYSTEM32\VERSION.dll
0x00007ffb14510000 - 0x00007ffb14541000 	C:\windows\System32\IMM32.DLL
0x00007ffaf9330000 - 0x00007ffaf933c000 	C:\Program Files\Java\jdk-18.0.2.1\bin\vcruntime140_1.dll
0x00007ffaeb900000 - 0x00007ffaeb98d000 	C:\Program Files\Java\jdk-18.0.2.1\bin\msvcp140.dll
0x00007ffa8ce90000 - 0x00007ffa8daa1000 	C:\Program Files\Java\jdk-18.0.2.1\bin\server\jvm.dll
0x00007ffb14500000 - 0x00007ffb14508000 	C:\windows\System32\PSAPI.DLL
0x00007ffaf11a0000 - 0x00007ffaf11a9000 	C:\windows\SYSTEM32\WSOCK32.dll
0x00007ffb138a0000 - 0x00007ffb13911000 	C:\windows\System32\WS2_32.dll
0x00007ffb09e10000 - 0x00007ffb09e44000 	C:\windows\SYSTEM32\WINMM.dll
0x00007ffb109a0000 - 0x00007ffb109b8000 	C:\windows\SYSTEM32\kernel.appcore.dll
0x00007ffaf9320000 - 0x00007ffaf932a000 	C:\Program Files\Java\jdk-18.0.2.1\bin\jimage.dll
0x00007ffb0f350000 - 0x00007ffb0f57e000 	C:\windows\SYSTEM32\DBGHELP.DLL
0x00007ffb14100000 - 0x00007ffb14489000 	C:\windows\System32\combase.dll
0x00007ffb13f90000 - 0x00007ffb14067000 	C:\windows\System32\OLEAUT32.dll
0x00007ffaf9e60000 - 0x00007ffaf9e92000 	C:\windows\SYSTEM32\dbgcore.DLL
0x00007ffb12160000 - 0x00007ffb121da000 	C:\windows\System32\bcryptPrimitives.dll
0x00007ffaf2510000 - 0x00007ffaf2535000 	C:\Program Files\Java\jdk-18.0.2.1\bin\java.dll
0x00007ffadf3a0000 - 0x00007ffadf476000 	C:\Program Files\Java\jdk-18.0.2.1\bin\jsvml.dll
0x00007ffb12da0000 - 0x00007ffb13599000 	C:\windows\System32\SHELL32.dll
0x00007ffb0f930000 - 0x00007ffb101fe000 	C:\windows\SYSTEM32\windows.storage.dll
0x00007ffb0f7f0000 - 0x00007ffb0f92e000 	C:\windows\SYSTEM32\wintypes.dll
0x00007ffb12590000 - 0x00007ffb12681000 	C:\windows\System32\SHCORE.dll
0x00007ffb14490000 - 0x00007ffb144ee000 	C:\windows\System32\shlwapi.dll
0x00007ffb118c0000 - 0x00007ffb118e6000 	C:\windows\SYSTEM32\profapi.dll
0x00007ffaf9150000 - 0x00007ffaf9163000 	C:\Program Files\Java\jdk-18.0.2.1\bin\net.dll
0x00007ffb0c200000 - 0x00007ffb0c337000 	C:\windows\SYSTEM32\WINHTTP.dll
0x00007ffb10e50000 - 0x00007ffb10eb9000 	C:\windows\system32\mswsock.dll
0x00007ffaf9110000 - 0x00007ffaf9126000 	C:\Program Files\Java\jdk-18.0.2.1\bin\nio.dll
0x00007ffaf2170000 - 0x00007ffaf2188000 	C:\Program Files\Java\jdk-18.0.2.1\bin\zip.dll
0x00007ffacd8c0000 - 0x00007ffacda4f000 	C:\Program Files\Java\jdk-18.0.2.1\bin\awt.dll
0x00007ffb0e760000 - 0x00007ffb0e7f7000 	C:\windows\SYSTEM32\apphelp.dll
0x00007ffb0eb80000 - 0x00007ffb0ebab000 	C:\windows\system32\DWMAPI.DLL
0x00007ffb0e910000 - 0x00007ffb0e9bb000 	C:\windows\system32\uxtheme.dll
0x00007ffadec80000 - 0x00007ffaded80000 	C:\windows\system32\opengl32.dll
0x00007ffaf2140000 - 0x00007ffaf216d000 	C:\windows\SYSTEM32\GLU32.dll
0x00007ffb0ea20000 - 0x00007ffb0ea58000 	C:\windows\SYSTEM32\dxcore.dll
0x00007ffb13670000 - 0x00007ffb13797000 	C:\windows\System32\MSCTF.dll
0x00007ffb12a60000 - 0x00007ffb12bfc000 	C:\windows\System32\ole32.dll
0x00007ffb104d0000 - 0x00007ffb105c3000 	C:\windows\SYSTEM32\DNSAPI.dll
0x00007ffb10460000 - 0x00007ffb1048d000 	C:\windows\SYSTEM32\IPHLPAPI.DLL
0x00007ffb12c00000 - 0x00007ffb12c09000 	C:\windows\System32\NSI.dll
0x000000006a630000 - 0x000000006a665000 	C:\Program Files\Bonjour\mdnsNSP.dll
0x00007ffb0a270000 - 0x00007ffb0a27a000 	C:\Windows\System32\rasadhlp.dll
0x00007ffb09e50000 - 0x00007ffb09ed4000 	C:\windows\System32\fwpuclnt.dll
0x00007ffae5360000 - 0x00007ffae536e000 	C:\Program Files\Java\jdk-18.0.2.1\bin\sunmscapi.dll
0x00007ffb11c10000 - 0x00007ffb11d77000 	C:\windows\System32\CRYPT32.dll
0x00007ffb11240000 - 0x00007ffb1126e000 	C:\windows\SYSTEM32\ncrypt.dll
0x00007ffb11200000 - 0x00007ffb11237000 	C:\windows\SYSTEM32\NTASN1.dll
0x00007ffb110b0000 - 0x00007ffb110cb000 	C:\windows\SYSTEM32\CRYPTSP.dll
0x00007ffb10910000 - 0x00007ffb10945000 	C:\windows\system32\rsaenh.dll
0x00007ffb10f50000 - 0x00007ffb10f7c000 	C:\windows\SYSTEM32\USERENV.dll
0x00007ffb11270000 - 0x00007ffb11298000 	C:\windows\SYSTEM32\bcrypt.dll
0x00007ffb110d0000 - 0x00007ffb110dc000 	C:\windows\SYSTEM32\CRYPTBASE.dll
0x00007ffb0aad0000 - 0x00007ffb0aae9000 	C:\windows\SYSTEM32\dhcpcsvc6.DLL
0x00007ffb0aab0000 - 0x00007ffb0aacf000 	C:\windows\SYSTEM32\dhcpcsvc.DLL

dbghelp: loaded successfully - version: 4.0.5 - missing functions: none
symbol engine: initialized successfully - sym options: 0x614 - pdb path: .;C:\Program Files\Java\jdk-18.0.2.1\bin;C:\windows\SYSTEM32;C:\windows\WinSxS\amd64_microsoft.windows.common-controls_6595b64144ccf1df_6.0.22621.1635_none_270f70857386168e;C:\Program Files\Java\jdk-18.0.2.1\bin\server;C:\Program Files\Bonjour

VM Arguments:
jvm_args: -Dfile.encoding=UTF-8 --module-path=C:\Users\jagad\OneDrive\Documents\NetBeansProjects\Employe.Management.System\build\classes 
java_command: employe.management.system.ViewEmploye
java_class_path (initial): C:\Users\jagad\Downloads\mysql-connector-java-8.0.28 (1).jar;C:\Users\jagad\Downloads\jcalendar-tz-1.3.3-4.jar;C:\Users\jagad\Downloads\rs2xml.jar;C:\Users\jagad\OneDrive\Documents\NetBeansProjects\Employe.Management.System\build\classes
Launcher Type: SUN_STANDARD

[Global flags]
     intx CICompilerCount                          = 4                                         {product} {ergonomic}
     uint ConcGCThreads                            = 3                                         {product} {ergonomic}
     uint G1ConcRefinementThreads                  = 10                                        {product} {ergonomic}
   size_t G1HeapRegionSize                         = 1048576                                   {product} {ergonomic}
    uintx GCDrainStackTargetSize                   = 64                                        {product} {ergonomic}
   size_t InitialHeapSize                          = 130023424                                 {product} {ergonomic}
   size_t MarkStackSize                            = 4194304                                   {product} {ergonomic}
   size_t MaxHeapSize                              = 2061500416                                {product} {ergonomic}
   size_t MaxNewSize                               = 1236271104                                {product} {ergonomic}
   size_t MinHeapDeltaBytes                        = 1048576                                   {product} {ergonomic}
   size_t MinHeapSize                              = 8388608                                   {product} {ergonomic}
    uintx NonNMethodCodeHeapSize                   = 5839372                                {pd product} {ergonomic}
    uintx NonProfiledCodeHeapSize                  = 122909434                              {pd product} {ergonomic}
    uintx ProfiledCodeHeapSize                     = 122909434                              {pd product} {ergonomic}
    uintx ReservedCodeCacheSize                    = 251658240                              {pd product} {ergonomic}
     bool SegmentedCodeCache                       = true                                      {product} {ergonomic}
   size_t SoftMaxHeapSize                          = 2061500416                             {manageable} {ergonomic}
     bool UseCompressedClassPointers               = true                           {product lp64_product} {ergonomic}
     bool UseCompressedOops                        = true                           {product lp64_product} {ergonomic}
     bool UseG1GC                                  = true                                      {product} {ergonomic}
     bool UseLargePagesIndividualAllocation        = false                                  {pd product} {ergonomic}

Logging:
Log output configuration:
 #0: stdout all=warning uptime,level,tags foldmultilines=false
 #1: stderr all=off uptime,level,tags foldmultilines=false

Environment Variables:
PATH=C:\Program Files\Common Files\Oracle\Java\javapath;C:\windows\system32;C:\windows;C:\windows\System32\Wbem;C:\windows\System32\WindowsPowerShell\v1.0\;C:\windows\System32\OpenSSH\;C:\Program Files\MySQL\MySQL Shell 8.0\bin\;C:\Users\jagad\AppData\Local\Microsoft\WindowsApps;;C:\Program Files\JetBrains\IntelliJ IDEA Community Edition 2022.2.3\bin;;C:\Users\jagad\AppData\Local\Programs\Microsoft VS Code\bin
USERNAME=jagad
OS=Windows_NT
PROCESSOR_IDENTIFIER=Intel64 Family 6 Model 154 Stepping 4, GenuineIntel



---------------  S Y S T E M  ---------------

OS:
 Windows 11 , 64 bit Build 22621 (10.0.22621.1928)
OS uptime: 1 days 23:06 hours
Hyper-V role detected

CPU: total 12 (initial active 12) (6 cores per cpu, 2 threads per core) family 6 model 154 stepping 4 microcode 0x423, cx8, cmov, fxsr, ht, mmx, 3dnowpref, sse, sse2, sse3, ssse3, sse4.1, sse4.2, popcnt, lzcnt, tsc, tscinvbit, avx, avx2, aes, erms, clmul, bmi1, bmi2, adx, sha, fma, vzeroupper, clflush, clflushopt, clwb, hv, serialize

Memory: 4k page, system-wide physical 7860M (580M free)
TotalPageFile size 32436M (AvailPageFile size 3M)
current process WorkingSet (physical memory assigned to process): 84M, peak: 84M
current process commit charge ("private bytes"): 234M, peak: 234M

vm_info: Java HotSpot(TM) 64-Bit Server VM (18.0.2.1+1-1) for windows-amd64 JRE (18.0.2.1+1-1), built on Aug 16 2022 01:46:33 by "mach5one" with MS VC++ 16.8 / 16.9 (VS2019)

END.
