#
# There is insufficient memory for the Java Runtime Environment to continue.
# Native memory allocation (malloc) failed to allocate 48176 bytes for Chunk::new
# Possible reasons:
#   The system is out of physical RAM or swap space
#   The process is running with CompressedOops enabled, and the Java Heap may be blocking the growth of the native heap
# Possible solutions:
#   Reduce memory load on the system
#   Increase physical memory or swap space
#   Check if swap backing store is full
#   Decrease Java heap size (-Xmx/-Xms)
#   Decrease number of Java threads
#   Decrease Java thread stack sizes (-Xss)
#   Set larger code cache with -XX:ReservedCodeCacheSize=
#   JVM is running with Unscaled Compressed Oops mode in which the Java heap is
#     placed in the first 4GB address space. The Java Heap base address is the
#     maximum limit for the native heap growth. Please use -XX:HeapBaseMinAddress
#     to set the Java Heap base and to place the Java Heap above 4GB virtual address.
# This output file may be truncated or incomplete.
#
#  Out of Memory Error (arena.cpp:184), pid=14016, tid=12920
#
# JRE version: Java(TM) SE Runtime Environment (18.0.2.1+1) (build 18.0.2.1+1-1)
# Java VM: Java HotSpot(TM) 64-Bit Server VM (18.0.2.1+1-1, mixed mode, sharing, tiered, compressed oops, compressed class ptrs, g1 gc, windows-amd64)
# No core dump will be written. Minidumps are not enabled by default on client versions of Windows
#

---------------  S U M M A R Y ------------

Command Line: -Dfile.encoding=UTF-8 --module-path=C:\Users\jagad\OneDrive\Documents\NetBeansProjects\Employe.Management.System\build\classes employe.management.system.ViewEmploye

Host: 12th Gen Intel(R) Core(TM) i5-1235U, 12 cores, 7G,  Windows 11 , 64 bit Build 22621 (10.0.22621.1928)
Time: Sat Jul 22 00:46:04 2023 India Standard Time elapsed time: 0.315343 seconds (0d 0h 0m 0s)

---------------  T H R E A D  ---------------

Current thread (0x000001312a18bc90):  JavaThread "C2 CompilerThread1" daemon [_thread_in_native, id=12920, stack(0x0000001b97500000,0x0000001b97600000)]


Current CompileTask:
C2:    315  625       4       java.util.Properties::loadConvert (540 bytes)

Stack: [0x0000001b97500000,0x0000001b97600000]
Native frames: (J=compiled Java code, j=interpreted, Vv=VM code, C=native code)
V  [jvm.dll+0x6993aa]
V  [jvm.dll+0x7f46dd]
V  [jvm.dll+0x7f5fee]
V  [jvm.dll+0x7f66a3]
V  [jvm.dll+0x25cf1f]
V  [jvm.dll+0xb8c2f]
V  [jvm.dll+0xb8fa5]
V  [jvm.dll+0x581e99]
V  [jvm.dll+0x1d281a]
V  [jvm.dll+0x230259]
V  [jvm.dll+0x22f4d1]
V  [jvm.dll+0x1ba01c]
V  [jvm.dll+0x23ee0a]
V  [jvm.dll+0x23d0f5]
V  [jvm.dll+0x7a6dd1]
V  [jvm.dll+0x7a120a]
V  [jvm.dll+0x698255]
C  [ucrtbase.dll+0x29363]
C  [KERNEL32.DLL+0x126ad]
C  [ntdll.dll+0x5aa68]


---------------  P R O C E S S  ---------------

Threads class SMR info:
_java_thread_list=0x000001312a32e830, length=17, elements={
0x000001310787b820, 0x0000013125c426e0, 0x0000013125c43080, 0x0000013125c5ed80,
0x0000013125c5f720, 0x0000013125c600c0, 0x0000013125c60a60, 0x0000013125c61730,
0x0000013125c62110, 0x0000013125c62d00, 0x000001312a07cc20, 0x000001312a115c20,
0x000001312a18bc90, 0x000001312a19a7a0, 0x000001312a27d270, 0x000001312a27d730,
0x000001312a32eb00
}

Java Threads: ( => current thread )
  0x000001310787b820 JavaThread "main" [_thread_in_native, id=32992, stack(0x0000001b96200000,0x0000001b96300000)]
  0x0000013125c426e0 JavaThread "Reference Handler" daemon [_thread_blocked, id=33240, stack(0x0000001b96900000,0x0000001b96a00000)]
  0x0000013125c43080 JavaThread "Finalizer" daemon [_thread_blocked, id=29860, stack(0x0000001b96a00000,0x0000001b96b00000)]
  0x0000013125c5ed80 JavaThread "Signal Dispatcher" daemon [_thread_blocked, id=11348, stack(0x0000001b96b00000,0x0000001b96c00000)]
  0x0000013125c5f720 JavaThread "Attach Listener" daemon [_thread_blocked, id=7500, stack(0x0000001b96c00000,0x0000001b96d00000)]
  0x0000013125c600c0 JavaThread "Service Thread" daemon [_thread_blocked, id=6652, stack(0x0000001b96d00000,0x0000001b96e00000)]
  0x0000013125c60a60 JavaThread "Monitor Deflation Thread" daemon [_thread_blocked, id=28148, stack(0x0000001b96e00000,0x0000001b96f00000)]
  0x0000013125c61730 JavaThread "C2 CompilerThread0" daemon [_thread_in_native, id=35284, stack(0x0000001b96f00000,0x0000001b97000000)]
  0x0000013125c62110 JavaThread "C1 CompilerThread0" daemon [_thread_blocked, id=25272, stack(0x0000001b97000000,0x0000001b97100000)]
  0x0000013125c62d00 JavaThread "Sweeper thread" daemon [_thread_blocked, id=15432, stack(0x0000001b97100000,0x0000001b97200000)]
  0x000001312a07cc20 JavaThread "Common-Cleaner" daemon [_thread_blocked, id=19168, stack(0x0000001b97200000,0x0000001b97300000)]
  0x000001312a115c20 JavaThread "Notification Thread" daemon [_thread_blocked, id=15060, stack(0x0000001b97300000,0x0000001b97400000)]
=>0x000001312a18bc90 JavaThread "C2 CompilerThread1" daemon [_thread_in_native, id=12920, stack(0x0000001b97500000,0x0000001b97600000)]
  0x000001312a19a7a0 JavaThread "Java2D Disposer" daemon [_thread_blocked, id=34228, stack(0x0000001b97600000,0x0000001b97700000)]
  0x000001312a27d270 JavaThread "AWT-Shutdown" [_thread_blocked, id=34300, stack(0x0000001b97700000,0x0000001b97800000)]
  0x000001312a27d730 JavaThread "AWT-Windows" daemon [_thread_in_native, id=34220, stack(0x0000001b97800000,0x0000001b97900000)]
  0x000001312a32eb00 JavaThread "mysql-cj-abandoned-connection-cleanup" daemon [_thread_blocked, id=32260, stack(0x0000001b97900000,0x0000001b97a00000)]

Other Threads:
  0x00000131078f9c30 VMThread "VM Thread" [stack: 0x0000001b96800000,0x0000001b96900000] [id=30880]
  0x000001312a1160e0 WatcherThread "VM Periodic Task Thread" [stack: 0x0000001b97400000,0x0000001b97500000] [id=12784]
  0x00000131078db140 WorkerThread "GC Thread#0" [stack: 0x0000001b96300000,0x0000001b96400000] [id=25256]
  0x00000131078eb630 ConcurrentGCThread "G1 Main Marker" [stack: 0x0000001b96400000,0x0000001b96500000] [id=35148]
  0x00000131078ec020 WorkerThread "G1 Conc#0" [stack: 0x0000001b96500000,0x0000001b96600000] [id=4624]
  0x000001310793e3f0 ConcurrentGCThread "G1 Refine#0" [stack: 0x0000001b96600000,0x0000001b96700000] [id=34988]
  0x000001310793eba0 ConcurrentGCThread "G1 Service" [stack: 0x0000001b96700000,0x0000001b96800000] [id=2764]

Threads with active compile tasks:
C2 CompilerThread0      338  777       4       java.util.Properties$LineReader::readLine (584 bytes)
C2 CompilerThread1      338  625       4       java.util.Properties::loadConvert (540 bytes)

VM state: not at safepoint (normal execution)

VM Mutex/Monitor currently owned by a thread: None

Heap address: 0x0000000085200000, size: 1966 MB, Compressed Oops mode: 32-bit

CDS archive(s) mapped at: [0x0000000800000000-0x0000000800ba0000-0x0000000800ba0000), size 12189696, SharedBaseAddress: 0x0000000800000000, ArchiveRelocationMode: 0.
Compressed class space mapped at: 0x0000000800c00000-0x0000000840c00000, reserved size: 1073741824
Narrow klass base: 0x0000000800000000, Narrow klass shift: 0, Narrow klass range: 0x100000000

GC Precious Log:
 CardTable entry size: 512
 Card Set container configuration: InlinePtr #cards 5 size 8 Array Of Cards #cards 12 size 40 Howl #buckets 4 coarsen threshold 1843 Howl Bitmap #cards 512 size 80 coarsen threshold 460 Card regions per heap region 1 cards per card region 2048
 CPUs: 12 total, 12 available
 Memory: 7860M
 Large Page Support: Disabled
 NUMA Support: Disabled
 Compressed Oops: Enabled (32-bit)
 Heap Region Size: 1M
 Heap Min Capacity: 8M
 Heap Initial Capacity: 124M
 Heap Max Capacity: 1966M
 Pre-touch: Disabled
 Parallel Workers: 10
 Concurrent Workers: 3
 Concurrent Refinement Workers: 10
 Periodic GC: Disabled

Heap:
 garbage-first heap   total 126976K, used 8192K [0x0000000085200000, 0x0000000100000000)
  region size 1024K, 10 young (10240K), 0 survivors (0K)
 Metaspace       used 7320K, committed 7552K, reserved 1114112K
  class space    used 765K, committed 896K, reserved 1048576K

Heap Regions: E=young(eden), S=young(survivor), O=old, HS=humongous(starts), HC=humongous(continues), CS=collection set, F=free, OA=open archive, CA=closed archive, TAMS=top-at-mark-start (previous, next)
|   0|0x0000000085200000, 0x0000000085200000, 0x0000000085300000|  0%| F|  |TAMS 0x0000000085200000, 0x0000000085200000| Untracked 
|   1|0x0000000085300000, 0x0000000085300000, 0x0000000085400000|  0%| F|  |TAMS 0x0000000085300000, 0x0000000085300000| Untracked 
|   2|0x0000000085400000, 0x0000000085400000, 0x0000000085500000|  0%| F|  |TAMS 0x0000000085400000, 0x0000000085400000| Untracked 
|   3|0x0000000085500000, 0x0000000085500000, 0x0000000085600000|  0%| F|  |TAMS 0x0000000085500000, 0x0000000085500000| Untracked 
|   4|0x0000000085600000, 0x0000000085600000, 0x0000000085700000|  0%| F|  |TAMS 0x0000000085600000, 0x0000000085600000| Untracked 
|   5|0x0000000085700000, 0x0000000085700000, 0x0000000085800000|  0%| F|  |TAMS 0x0000000085700000, 0x0000000085700000| Untracked 
|   6|0x0000000085800000, 0x0000000085800000, 0x0000000085900000|  0%| F|  |TAMS 0x0000000085800000, 0x0000000085800000| Untracked 
|   7|0x0000000085900000, 0x0000000085900000, 0x0000000085a00000|  0%| F|  |TAMS 0x0000000085900000, 0x0000000085900000| Untracked 
|   8|0x0000000085a00000, 0x0000000085a00000, 0x0000000085b00000|  0%| F|  |TAMS 0x0000000085a00000, 0x0000000085a00000| Untracked 
|   9|0x0000000085b00000, 0x0000000085b00000, 0x0000000085c00000|  0%| F|  |TAMS 0x0000000085b00000, 0x0000000085b00000| Untracked 
|  10|0x0000000085c00000, 0x0000000085c00000, 0x0000000085d00000|  0%| F|  |TAMS 0x0000000085c00000, 0x0000000085c00000| Untracked 
|  11|0x0000000085d00000, 0x0000000085d00000, 0x0000000085e00000|  0%| F|  |TAMS 0x0000000085d00000, 0x0000000085d00000| Untracked 
|  12|0x0000000085e00000, 0x0000000085e00000, 0x0000000085f00000|  0%| F|  |TAMS 0x0000000085e00000, 0x0000000085e00000| Untracked 
|  13|0x0000000085f00000, 0x0000000085f00000, 0x0000000086000000|  0%| F|  |TAMS 0x0000000085f00000, 0x0000000085f00000| Untracked 
|  14|0x0000000086000000, 0x0000000086000000, 0x0000000086100000|  0%| F|  |TAMS 0x0000000086000000, 0x0000000086000000| Untracked 
|  15|0x0000000086100000, 0x0000000086100000, 0x0000000086200000|  0%| F|  |TAMS 0x0000000086100000, 0x0000000086100000| Untracked 
|  16|0x0000000086200000, 0x0000000086200000, 0x0000000086300000|  0%| F|  |TAMS 0x0000000086200000, 0x0000000086200000| Untracked 
|  17|0x0000000086300000, 0x0000000086300000, 0x0000000086400000|  0%| F|  |TAMS 0x0000000086300000, 0x0000000086300000| Untracked 
|  18|0x0000000086400000, 0x0000000086400000, 0x0000000086500000|  0%| F|  |TAMS 0x0000000086400000, 0x0000000086400000| Untracked 
|  19|0x0000000086500000, 0x0000000086500000, 0x0000000086600000|  0%| F|  |TAMS 0x0000000086500000, 0x0000000086500000| Untracked 
|  20|0x0000000086600000, 0x0000000086600000, 0x0000000086700000|  0%| F|  |TAMS 0x0000000086600000, 0x0000000086600000| Untracked 
|  21|0x0000000086700000, 0x0000000086700000, 0x0000000086800000|  0%| F|  |TAMS 0x0000000086700000, 0x0000000086700000| Untracked 
|  22|0x0000000086800000, 0x0000000086800000, 0x0000000086900000|  0%| F|  |TAMS 0x0000000086800000, 0x0000000086800000| Untracked 
|  23|0x0000000086900000, 0x0000000086900000, 0x0000000086a00000|  0%| F|  |TAMS 0x0000000086900000, 0x0000000086900000| Untracked 
|  24|0x0000000086a00000, 0x0000000086a00000, 0x0000000086b00000|  0%| F|  |TAMS 0x0000000086a00000, 0x0000000086a00000| Untracked 
|  25|0x0000000086b00000, 0x0000000086b00000, 0x0000000086c00000|  0%| F|  |TAMS 0x0000000086b00000, 0x0000000086b00000| Untracked 
|  26|0x0000000086c00000, 0x0000000086c00000, 0x0000000086d00000|  0%| F|  |TAMS 0x0000000086c00000, 0x0000000086c00000| Untracked 
|  27|0x0000000086d00000, 0x0000000086d00000, 0x0000000086e00000|  0%| F|  |TAMS 0x0000000086d00000, 0x0000000086d00000| Untracked 
|  28|0x0000000086e00000, 0x0000000086e00000, 0x0000000086f00000|  0%| F|  |TAMS 0x0000000086e00000, 0x0000000086e00000| Untracked 
|  29|0x0000000086f00000, 0x0000000086f00000, 0x0000000087000000|  0%| F|  |TAMS 0x0000000086f00000, 0x0000000086f00000| Untracked 
|  30|0x0000000087000000, 0x0000000087000000, 0x0000000087100000|  0%| F|  |TAMS 0x0000000087000000, 0x0000000087000000| Untracked 
|  31|0x0000000087100000, 0x0000000087100000, 0x0000000087200000|  0%| F|  |TAMS 0x0000000087100000, 0x0000000087100000| Untracked 
|  32|0x0000000087200000, 0x0000000087200000, 0x0000000087300000|  0%| F|  |TAMS 0x0000000087200000, 0x0000000087200000| Untracked 
|  33|0x0000000087300000, 0x0000000087300000, 0x0000000087400000|  0%| F|  |TAMS 0x0000000087300000, 0x0000000087300000| Untracked 
|  34|0x0000000087400000, 0x0000000087400000, 0x0000000087500000|  0%| F|  |TAMS 0x0000000087400000, 0x0000000087400000| Untracked 
|  35|0x0000000087500000, 0x0000000087500000, 0x0000000087600000|  0%| F|  |TAMS 0x0000000087500000, 0x0000000087500000| Untracked 
|  36|0x0000000087600000, 0x0000000087600000, 0x0000000087700000|  0%| F|  |TAMS 0x0000000087600000, 0x0000000087600000| Untracked 
|  37|0x0000000087700000, 0x0000000087700000, 0x0000000087800000|  0%| F|  |TAMS 0x0000000087700000, 0x0000000087700000| Untracked 
|  38|0x0000000087800000, 0x0000000087800000, 0x0000000087900000|  0%| F|  |TAMS 0x0000000087800000, 0x0000000087800000| Untracked 
|  39|0x0000000087900000, 0x0000000087900000, 0x0000000087a00000|  0%| F|  |TAMS 0x0000000087900000, 0x0000000087900000| Untracked 
|  40|0x0000000087a00000, 0x0000000087a00000, 0x0000000087b00000|  0%| F|  |TAMS 0x0000000087a00000, 0x0000000087a00000| Untracked 
|  41|0x0000000087b00000, 0x0000000087b00000, 0x0000000087c00000|  0%| F|  |TAMS 0x0000000087b00000, 0x0000000087b00000| Untracked 
|  42|0x0000000087c00000, 0x0000000087c00000, 0x0000000087d00000|  0%| F|  |TAMS 0x0000000087c00000, 0x0000000087c00000| Untracked 
|  43|0x0000000087d00000, 0x0000000087d00000, 0x0000000087e00000|  0%| F|  |TAMS 0x0000000087d00000, 0x0000000087d00000| Untracked 
|  44|0x0000000087e00000, 0x0000000087e00000, 0x0000000087f00000|  0%| F|  |TAMS 0x0000000087e00000, 0x0000000087e00000| Untracked 
|  45|0x0000000087f00000, 0x0000000087f00000, 0x0000000088000000|  0%| F|  |TAMS 0x0000000087f00000, 0x0000000087f00000| Untracked 
|  46|0x0000000088000000, 0x0000000088000000, 0x0000000088100000|  0%| F|  |TAMS 0x0000000088000000, 0x0000000088000000| Untracked 
|  47|0x0000000088100000, 0x0000000088100000, 0x0000000088200000|  0%| F|  |TAMS 0x0000000088100000, 0x0000000088100000| Untracked 
|  48|0x0000000088200000, 0x0000000088200000, 0x0000000088300000|  0%| F|  |TAMS 0x0000000088200000, 0x0000000088200000| Untracked 
|  49|0x0000000088300000, 0x0000000088300000, 0x0000000088400000|  0%| F|  |TAMS 0x0000000088300000, 0x0000000088300000| Untracked 
|  50|0x0000000088400000, 0x0000000088400000, 0x0000000088500000|  0%| F|  |TAMS 0x0000000088400000, 0x0000000088400000| Untracked 
|  51|0x0000000088500000, 0x0000000088500000, 0x0000000088600000|  0%| F|  |TAMS 0x0000000088500000, 0x0000000088500000| Untracked 
|  52|0x0000000088600000, 0x0000000088600000, 0x0000000088700000|  0%| F|  |TAMS 0x0000000088600000, 0x0000000088600000| Untracked 
|  53|0x0000000088700000, 0x0000000088700000, 0x0000000088800000|  0%| F|  |TAMS 0x0000000088700000, 0x0000000088700000| Untracked 
|  54|0x0000000088800000, 0x0000000088800000, 0x0000000088900000|  0%| F|  |TAMS 0x0000000088800000, 0x0000000088800000| Untracked 
|  55|0x0000000088900000, 0x0000000088900000, 0x0000000088a00000|  0%| F|  |TAMS 0x0000000088900000, 0x0000000088900000| Untracked 
|  56|0x0000000088a00000, 0x0000000088a00000, 0x0000000088b00000|  0%| F|  |TAMS 0x0000000088a00000, 0x0000000088a00000| Untracked 
|  57|0x0000000088b00000, 0x0000000088b00000, 0x0000000088c00000|  0%| F|  |TAMS 0x0000000088b00000, 0x0000000088b00000| Untracked 
|  58|0x0000000088c00000, 0x0000000088c00000, 0x0000000088d00000|  0%| F|  |TAMS 0x0000000088c00000, 0x0000000088c00000| Untracked 
|  59|0x0000000088d00000, 0x0000000088d00000, 0x0000000088e00000|  0%| F|  |TAMS 0x0000000088d00000, 0x0000000088d00000| Untracked 
|  60|0x0000000088e00000, 0x0000000088e00000, 0x0000000088f00000|  0%| F|  |TAMS 0x0000000088e00000, 0x0000000088e00000| Untracked 
|  61|0x0000000088f00000, 0x0000000088f00000, 0x0000000089000000|  0%| F|  |TAMS 0x0000000088f00000, 0x0000000088f00000| Untracked 
|  62|0x0000000089000000, 0x0000000089000000, 0x0000000089100000|  0%| F|  |TAMS 0x0000000089000000, 0x0000000089000000| Untracked 
|  63|0x0000000089100000, 0x0000000089100000, 0x0000000089200000|  0%| F|  |TAMS 0x0000000089100000, 0x0000000089100000| Untracked 
|  64|0x0000000089200000, 0x0000000089200000, 0x0000000089300000|  0%| F|  |TAMS 0x0000000089200000, 0x0000000089200000| Untracked 
|  65|0x0000000089300000, 0x0000000089300000, 0x0000000089400000|  0%| F|  |TAMS 0x0000000089300000, 0x0000000089300000| Untracked 
|  66|0x0000000089400000, 0x0000000089400000, 0x0000000089500000|  0%| F|  |TAMS 0x0000000089400000, 0x0000000089400000| Untracked 
|  67|0x0000000089500000, 0x0000000089500000, 0x0000000089600000|  0%| F|  |TAMS 0x0000000089500000, 0x0000000089500000| Untracked 
|  68|0x0000000089600000, 0x0000000089600000, 0x0000000089700000|  0%| F|  |TAMS 0x0000000089600000, 0x0000000089600000| Untracked 
|  69|0x0000000089700000, 0x0000000089700000, 0x0000000089800000|  0%| F|  |TAMS 0x0000000089700000, 0x0000000089700000| Untracked 
|  70|0x0000000089800000, 0x0000000089800000, 0x0000000089900000|  0%| F|  |TAMS 0x0000000089800000, 0x0000000089800000| Untracked 
|  71|0x0000000089900000, 0x0000000089900000, 0x0000000089a00000|  0%| F|  |TAMS 0x0000000089900000, 0x0000000089900000| Untracked 
|  72|0x0000000089a00000, 0x0000000089a00000, 0x0000000089b00000|  0%| F|  |TAMS 0x0000000089a00000, 0x0000000089a00000| Untracked 
|  73|0x0000000089b00000, 0x0000000089b00000, 0x0000000089c00000|  0%| F|  |TAMS 0x0000000089b00000, 0x0000000089b00000| Untracked 
|  74|0x0000000089c00000, 0x0000000089c00000, 0x0000000089d00000|  0%| F|  |TAMS 0x0000000089c00000, 0x0000000089c00000| Untracked 
|  75|0x0000000089d00000, 0x0000000089d00000, 0x0000000089e00000|  0%| F|  |TAMS 0x0000000089d00000, 0x0000000089d00000| Untracked 
|  76|0x0000000089e00000, 0x0000000089e00000, 0x0000000089f00000|  0%| F|  |TAMS 0x0000000089e00000, 0x0000000089e00000| Untracked 
|  77|0x0000000089f00000, 0x0000000089f00000, 0x000000008a000000|  0%| F|  |TAMS 0x0000000089f00000, 0x0000000089f00000| Untracked 
|  78|0x000000008a000000, 0x000000008a000000, 0x000000008a100000|  0%| F|  |TAMS 0x000000008a000000, 0x000000008a000000| Untracked 
|  79|0x000000008a100000, 0x000000008a100000, 0x000000008a200000|  0%| F|  |TAMS 0x000000008a100000, 0x000000008a100000| Untracked 
|  80|0x000000008a200000, 0x000000008a200000, 0x000000008a300000|  0%| F|  |TAMS 0x000000008a200000, 0x000000008a200000| Untracked 
|  81|0x000000008a300000, 0x000000008a300000, 0x000000008a400000|  0%| F|  |TAMS 0x000000008a300000, 0x000000008a300000| Untracked 
|  82|0x000000008a400000, 0x000000008a400000, 0x000000008a500000|  0%| F|  |TAMS 0x000000008a400000, 0x000000008a400000| Untracked 
|  83|0x000000008a500000, 0x000000008a500000, 0x000000008a600000|  0%| F|  |TAMS 0x000000008a500000, 0x000000008a500000| Untracked 
|  84|0x000000008a600000, 0x000000008a600000, 0x000000008a700000|  0%| F|  |TAMS 0x000000008a600000, 0x000000008a600000| Untracked 
|  85|0x000000008a700000, 0x000000008a700000, 0x000000008a800000|  0%| F|  |TAMS 0x000000008a700000, 0x000000008a700000| Untracked 
|  86|0x000000008a800000, 0x000000008a800000, 0x000000008a900000|  0%| F|  |TAMS 0x000000008a800000, 0x000000008a800000| Untracked 
|  87|0x000000008a900000, 0x000000008a900000, 0x000000008aa00000|  0%| F|  |TAMS 0x000000008a900000, 0x000000008a900000| Untracked 
|  88|0x000000008aa00000, 0x000000008aa00000, 0x000000008ab00000|  0%| F|  |TAMS 0x000000008aa00000, 0x000000008aa00000| Untracked 
|  89|0x000000008ab00000, 0x000000008ab00000, 0x000000008ac00000|  0%| F|  |TAMS 0x000000008ab00000, 0x000000008ab00000| Untracked 
|  90|0x000000008ac00000, 0x000000008ac00000, 0x000000008ad00000|  0%| F|  |TAMS 0x000000008ac00000, 0x000000008ac00000| Untracked 
|  91|0x000000008ad00000, 0x000000008ad00000, 0x000000008ae00000|  0%| F|  |TAMS 0x000000008ad00000, 0x000000008ad00000| Untracked 
|  92|0x000000008ae00000, 0x000000008ae00000, 0x000000008af00000|  0%| F|  |TAMS 0x000000008ae00000, 0x000000008ae00000| Untracked 
|  93|0x000000008af00000, 0x000000008af00000, 0x000000008b000000|  0%| F|  |TAMS 0x000000008af00000, 0x000000008af00000| Untracked 
|  94|0x000000008b000000, 0x000000008b000000, 0x000000008b100000|  0%| F|  |TAMS 0x000000008b000000, 0x000000008b000000| Untracked 
|  95|0x000000008b100000, 0x000000008b100000, 0x000000008b200000|  0%| F|  |TAMS 0x000000008b100000, 0x000000008b100000| Untracked 
|  96|0x000000008b200000, 0x000000008b200000, 0x000000008b300000|  0%| F|  |TAMS 0x000000008b200000, 0x000000008b200000| Untracked 
|  97|0x000000008b300000, 0x000000008b300000, 0x000000008b400000|  0%| F|  |TAMS 0x000000008b300000, 0x000000008b300000| Untracked 
|  98|0x000000008b400000, 0x000000008b400000, 0x000000008b500000|  0%| F|  |TAMS 0x000000008b400000, 0x000000008b400000| Untracked 
|  99|0x000000008b500000, 0x000000008b500000, 0x000000008b600000|  0%| F|  |TAMS 0x000000008b500000, 0x000000008b500000| Untracked 
| 100|0x000000008b600000, 0x000000008b600000, 0x000000008b700000|  0%| F|  |TAMS 0x000000008b600000, 0x000000008b600000| Untracked 
| 101|0x000000008b700000, 0x000000008b700000, 0x000000008b800000|  0%| F|  |TAMS 0x000000008b700000, 0x000000008b700000| Untracked 
| 102|0x000000008b800000, 0x000000008b800000, 0x000000008b900000|  0%| F|  |TAMS 0x000000008b800000, 0x000000008b800000| Untracked 
| 103|0x000000008b900000, 0x000000008b900000, 0x000000008ba00000|  0%| F|  |TAMS 0x000000008b900000, 0x000000008b900000| Untracked 
| 104|0x000000008ba00000, 0x000000008ba00000, 0x000000008bb00000|  0%| F|  |TAMS 0x000000008ba00000, 0x000000008ba00000| Untracked 
| 105|0x000000008bb00000, 0x000000008bb00000, 0x000000008bc00000|  0%| F|  |TAMS 0x000000008bb00000, 0x000000008bb00000| Untracked 
| 106|0x000000008bc00000, 0x000000008bc00000, 0x000000008bd00000|  0%| F|  |TAMS 0x000000008bc00000, 0x000000008bc00000| Untracked 
| 107|0x000000008bd00000, 0x000000008bd00000, 0x000000008be00000|  0%| F|  |TAMS 0x000000008bd00000, 0x000000008bd00000| Untracked 
| 108|0x000000008be00000, 0x000000008be00000, 0x000000008bf00000|  0%| F|  |TAMS 0x000000008be00000, 0x000000008be00000| Untracked 
| 109|0x000000008bf00000, 0x000000008bf00000, 0x000000008c000000|  0%| F|  |TAMS 0x000000008bf00000, 0x000000008bf00000| Untracked 
| 110|0x000000008c000000, 0x000000008c000000, 0x000000008c100000|  0%| F|  |TAMS 0x000000008c000000, 0x000000008c000000| Untracked 
| 111|0x000000008c100000, 0x000000008c100000, 0x000000008c200000|  0%| F|  |TAMS 0x000000008c100000, 0x000000008c100000| Untracked 
| 112|0x000000008c200000, 0x000000008c200000, 0x000000008c300000|  0%| F|  |TAMS 0x000000008c200000, 0x000000008c200000| Untracked 
| 113|0x000000008c300000, 0x000000008c377c50, 0x000000008c400000| 46%| E|  |TAMS 0x000000008c300000, 0x000000008c300000| Complete 
| 114|0x000000008c400000, 0x000000008c500000, 0x000000008c500000|100%| E|CS|TAMS 0x000000008c400000, 0x000000008c400000| Complete 
| 115|0x000000008c500000, 0x000000008c600000, 0x000000008c600000|100%| E|  |TAMS 0x000000008c500000, 0x000000008c500000| Complete 
| 116|0x000000008c600000, 0x000000008c700000, 0x000000008c700000|100%| E|CS|TAMS 0x000000008c600000, 0x000000008c600000| Complete 
| 117|0x000000008c700000, 0x000000008c800000, 0x000000008c800000|100%| E|CS|TAMS 0x000000008c700000, 0x000000008c700000| Complete 
| 118|0x000000008c800000, 0x000000008c900000, 0x000000008c900000|100%| E|CS|TAMS 0x000000008c800000, 0x000000008c800000| Complete 
| 119|0x000000008c900000, 0x000000008ca00000, 0x000000008ca00000|100%| E|CS|TAMS 0x000000008c900000, 0x000000008c900000| Complete 
| 120|0x000000008ca00000, 0x000000008cb00000, 0x000000008cb00000|100%| E|CS|TAMS 0x000000008ca00000, 0x000000008ca00000| Complete 
| 121|0x000000008cb00000, 0x000000008cc00000, 0x000000008cc00000|100%| E|CS|TAMS 0x000000008cb00000, 0x000000008cb00000| Complete 
| 122|0x000000008cc00000, 0x000000008cd00000, 0x000000008cd00000|100%| E|CS|TAMS 0x000000008cc00000, 0x000000008cc00000| Complete 
| 123|0x000000008cd00000, 0x000000008ce00000, 0x000000008ce00000|100%| E|CS|TAMS 0x000000008cd00000, 0x000000008cd00000| Complete 

Card table byte_map: [0x000001311eb00000,0x000001311eee0000] _byte_map_base: 0x000001311e6d7000

Marking Bits (Prev, Next): (CMBitMap*) 0x00000131078db740, (CMBitMap*) 0x00000131078db780
 Prev Bits: [0x000001311f2c0000, 0x0000013121178000)
 Next Bits: [0x0000013121180000, 0x0000013123038000)

Polling page: 0x00000131057f0000

Metaspace:

Usage:
  Non-class:      6.49 MB used.
      Class:    774.18 KB used.
       Both:      7.25 MB used.

Virtual space:
  Non-class space:       64.00 MB reserved,       6.56 MB ( 10%) committed,  1 nodes.
      Class space:        1.00 GB reserved,     896.00 KB ( <1%) committed,  1 nodes.
             Both:        1.06 GB reserved,       7.44 MB ( <1%) committed. 

Chunk freelists:
   Non-Class:  512.00 KB
       Class:  3.10 MB
        Both:  3.60 MB

MaxMetaspaceSize: unlimited
CompressedClassSpaceSize: 1.00 GB
Initial GC threshold: 21.00 MB
Current GC threshold: 21.00 MB
CDS: on
MetaspaceReclaimPolicy: balanced
 - commit_granule_bytes: 65536.
 - commit_granule_words: 8192.
 - virtual_space_node_default_size: 8388608.
 - enlarge_chunks_in_place: 1.
 - new_chunks_are_fully_committed: 0.
 - uncommit_free_chunks: 1.
 - use_allocation_guard: 0.


Internal statistics:

num_allocs_failed_limit: 0.
num_arena_births: 124.
num_arena_deaths: 0.
num_vsnodes_births: 2.
num_vsnodes_deaths: 0.
num_space_committed: 119.
num_space_uncommitted: 0.
num_chunks_returned_to_freelist: 0.
num_chunks_taken_from_freelist: 236.
num_chunk_merges: 0.
num_chunk_splits: 141.
num_chunks_enlarged: 72.
num_inconsistent_stats: 0.

CodeHeap 'non-profiled nmethods': size=120000Kb used=237Kb max_used=237Kb free=119762Kb
 bounds [0x0000013116c80000, 0x0000013116ef0000, 0x000001311e1b0000]
CodeHeap 'profiled nmethods': size=120000Kb used=1154Kb max_used=1154Kb free=118845Kb
 bounds [0x000001310f750000, 0x000001310f9c0000, 0x0000013116c80000]
CodeHeap 'non-nmethods': size=5760Kb used=1238Kb max_used=1247Kb free=4521Kb
 bounds [0x000001310f1b0000, 0x000001310f420000, 0x000001310f750000]
 total_blobs=1323 nmethods=780 adapters=456
 compilation: enabled
              stopped_count=0, restarted_count=0
 full_count=0

Compilation events (20 events):
Event: 0.309 Thread 0x0000013125c62110  733       3       java.lang.String::toLowerCase (8 bytes)
Event: 0.309 Thread 0x0000013125c62110 nmethod 733 0x000001310f85d410 code [0x000001310f85d5e0, 0x000001310f85d978]
Event: 0.309 Thread 0x0000013125c62110  735       3       java.lang.System$2::findBootstrapClassOrNull (5 bytes)
Event: 0.309 Thread 0x0000013125c62110 nmethod 735 0x000001310f85da90 code [0x000001310f85dc40, 0x000001310f85de58]
Event: 0.310 Thread 0x0000013125c62110  734       1       java.net.URLStreamHandler::getDefaultPort (2 bytes)
Event: 0.310 Thread 0x0000013125c62110 nmethod 734 0x0000013116cb8610 code [0x0000013116cb87a0, 0x0000013116cb8878]
Event: 0.310 Thread 0x0000013125c62110  736       3       java.util.zip.ZipFile::ensureOpen (40 bytes)
Event: 0.310 Thread 0x0000013125c62110 nmethod 736 0x000001310f85df90 code [0x000001310f85e160, 0x000001310f85e478]
Event: 0.310 Thread 0x0000013125c62110  737   !   3       java.util.concurrent.ConcurrentHashMap::computeIfAbsent (576 bytes)
Event: 0.311 Thread 0x0000013125c62110 nmethod 737 0x000001310f85e590 code [0x000001310f85e9a0, 0x000001310f860d58]
Event: 0.311 Thread 0x0000013125c62110  739       3       java.io.RandomAccessFile::read (8 bytes)
Event: 0.311 Thread 0x0000013125c62110 nmethod 739 0x000001310f861d90 code [0x000001310f861f20, 0x000001310f862068]
Event: 0.311 Thread 0x0000013125c62110  738       3       java.util.zip.ZipFile$Source::getEntryNext (9 bytes)
Event: 0.311 Thread 0x0000013125c62110 nmethod 738 0x000001310f862110 code [0x000001310f8622a0, 0x000001310f8623d8]
Event: 0.311 Thread 0x0000013125c62110  740       3       java.lang.ClassLoader::loadClass (7 bytes)
Event: 0.311 Thread 0x0000013125c62110 nmethod 740 0x000001310f862490 code [0x000001310f862640, 0x000001310f862808]
Event: 0.311 Thread 0x0000013125c62110  741       3       jdk.internal.loader.BuiltinClassLoader::loadClass (22 bytes)
Event: 0.311 Thread 0x0000013125c62110 nmethod 741 0x000001310f862890 code [0x000001310f862a40, 0x000001310f862cf8]
Event: 0.311 Thread 0x0000013125c62110  743       3       jdk.internal.loader.BuiltinClassLoader::findLoadedModule (33 bytes)
Event: 0.312 Thread 0x0000013125c62110 nmethod 743 0x000001310f862e10 code [0x000001310f863020, 0x000001310f863678]

GC Heap History (0 events):
No events

Deoptimization events (12 events):
Event: 0.165 Thread 0x000001310787b820 Uncommon trap: trap_request=0xffffff45 fr.pc=0x0000013116c8f78c relative=0x000000000000096c
Event: 0.165 Thread 0x000001310787b820 Uncommon trap: reason=unstable_if action=reinterpret pc=0x0000013116c8f78c method=java.util.HashMap.putVal(ILjava/lang/Object;Ljava/lang/Object;ZZ)Ljava/lang/Object; @ 236 c2
Event: 0.165 Thread 0x000001310787b820 DEOPT PACKING pc=0x0000013116c8f78c sp=0x0000001b962fdf90
Event: 0.165 Thread 0x000001310787b820 DEOPT UNPACKING pc=0x000001310f2023a3 sp=0x0000001b962fdf48 mode 2
Event: 0.220 Thread 0x000001310787b820 Uncommon trap: trap_request=0xffffff45 fr.pc=0x0000013116ca62f0 relative=0x00000000000004b0
Event: 0.220 Thread 0x000001310787b820 Uncommon trap: reason=unstable_if action=reinterpret pc=0x0000013116ca62f0 method=java.lang.StringLatin1.replace([BCC)Ljava/lang/String; @ 19 c2
Event: 0.220 Thread 0x000001310787b820 DEOPT PACKING pc=0x0000013116ca62f0 sp=0x0000001b962fe6e0
Event: 0.220 Thread 0x000001310787b820 DEOPT UNPACKING pc=0x000001310f2023a3 sp=0x0000001b962fe660 mode 2
Event: 0.246 Thread 0x000001310787b820 DEOPT PACKING pc=0x000001310f769a67 sp=0x0000001b962fc540
Event: 0.246 Thread 0x000001310787b820 DEOPT UNPACKING pc=0x000001310f202b43 sp=0x0000001b962fb960 mode 0
Event: 0.284 Thread 0x000001310787b820 DEOPT PACKING pc=0x000001310f75b8d1 sp=0x0000001b962fabf0
Event: 0.284 Thread 0x000001310787b820 DEOPT UNPACKING pc=0x000001310f202b43 sp=0x0000001b962fa068 mode 0

Classes loaded (20 events):
Event: 0.264 Loading class java/math/BigDecimal
Event: 0.265 Loading class java/math/BigDecimal done
Event: 0.266 Loading class jdk/internal/math/FDBigInteger
Event: 0.266 Loading class jdk/internal/math/FDBigInteger done
Event: 0.266 Loading class java/math/MathContext
Event: 0.266 Loading class java/math/MathContext done
Event: 0.268 Loading class java/util/Collections$UnmodifiableMap$UnmodifiableEntrySet
Event: 0.268 Loading class java/util/Collections$UnmodifiableMap$UnmodifiableEntrySet done
Event: 0.268 Loading class java/util/Collections$UnmodifiableMap$UnmodifiableEntrySet$UnmodifiableEntrySetSpliterator
Event: 0.268 Loading class java/util/Collections$UnmodifiableMap$UnmodifiableEntrySet$UnmodifiableEntrySetSpliterator done
Event: 0.268 Loading class java/util/HashMap$EntrySpliterator
Event: 0.268 Loading class java/util/HashMap$EntrySpliterator done
Event: 0.268 Loading class java/lang/invoke/DirectMethodHandle$Special
Event: 0.268 Loading class java/lang/invoke/DirectMethodHandle$Special done
Event: 0.272 Loading class java/lang/NoSuchFieldError
Event: 0.272 Loading class java/lang/NoSuchFieldError done
Event: 0.287 Loading class java/lang/reflect/InvocationHandler
Event: 0.287 Loading class java/lang/reflect/InvocationHandler done
Event: 0.298 Loading class java/text/MessageFormat$Field
Event: 0.298 Loading class java/text/MessageFormat$Field done

Classes unloaded (0 events):
No events

Classes redefined (0 events):
No events

Internal exceptions (17 events):
Event: 0.056 Thread 0x000001310787b820 Exception <a 'sun/nio/fs/WindowsException'{0x000000008cc35e38}> (0x000000008cc35e38) 
thrown [s\open\src\hotspot\share\prims\jni.cpp, line 516]
Event: 0.056 Thread 0x000001310787b820 Exception <a 'sun/nio/fs/WindowsException'{0x000000008cc363f8}> (0x000000008cc363f8) 
thrown [s\open\src\hotspot\share\prims\jni.cpp, line 516]
Event: 0.057 Thread 0x000001310787b820 Exception <a 'sun/nio/fs/WindowsException'{0x000000008cc389d8}> (0x000000008cc389d8) 
thrown [s\open\src\hotspot\share\prims\jni.cpp, line 516]
Event: 0.057 Thread 0x000001310787b820 Exception <a 'sun/nio/fs/WindowsException'{0x000000008cc39568}> (0x000000008cc39568) 
thrown [s\open\src\hotspot\share\prims\jni.cpp, line 516]
Event: 0.084 Thread 0x000001310787b820 Exception <a 'java/lang/ClassNotFoundException'{0x000000008cb02400}: sun/awt/resources/spi/awtProvider> (0x000000008cb02400) 
thrown [s\open\src\hotspot\share\classfile\systemDictionary.cpp, line 255]
Event: 0.098 Thread 0x000001310787b820 Exception <a 'java/io/FileNotFoundException'{0x000000008cb55b30}> (0x000000008cb55b30) 
thrown [s\open\src\hotspot\share\prims\jni.cpp, line 516]
Event: 0.103 Thread 0x000001310787b820 Exception <a 'java/io/FileNotFoundException'{0x000000008cb82fe8}> (0x000000008cb82fe8) 
thrown [s\open\src\hotspot\share\prims\jni.cpp, line 516]
Event: 0.126 Thread 0x000001310787b820 Exception <a 'java/lang/NoSuchMethodError'{0x000000008cbc73c0}: 'java.lang.Object java.lang.invoke.DirectMethodHandle$Holder.invokeStaticInit(java.lang.Object)'> (0x000000008cbc73c0) 
thrown [s\open\src\hotspot\share\interpreter\linkResolver.cpp, line 759]
Event: 0.168 Thread 0x000001310787b820 Exception <a 'java/lang/NoSuchMethodError'{0x000000008ca9b088}: 'void java.lang.invoke.DirectMethodHandle$Holder.invokeSpecial(java.lang.Object, java.lang.Object, java.lang.Object)'> (0x000000008ca9b088) 
thrown [s\open\src\hotspot\share\interpreter\linkResolver.cpp, line 759]
Event: 0.176 Thread 0x000001310787b820 Exception <a 'java/lang/NoSuchMethodError'{0x000000008cac60b0}: 'java.lang.Object java.lang.invoke.DirectMethodHandle$Holder.newInvokeSpecial(java.lang.Object, java.lang.Object, java.lang.Object, java.lang.Object, java.lang.Object)'> (0x000000008cac60b0) 
thrown [s\open\src\hotspot\share\interpreter\linkResolver.cpp, line 759]
Event: 0.183 Thread 0x000001310787b820 Exception <a 'java/lang/NoSuchMethodError'{0x000000008caf7e00}: 'java.lang.Object java.lang.invoke.DirectMethodHandle$Holder.invokeStatic(java.lang.Object, int, java.lang.Object)'> (0x000000008caf7e00) 
thrown [s\open\src\hotspot\share\interpreter\linkResolver.cpp, line 759]
Event: 0.201 Thread 0x000001310787b820 Exception <a 'java/lang/ClassNotFoundException'{0x000000008c9b50a0}: com/sun/swing/internal/plaf/metal/resources/spi/metalProvider> (0x000000008c9b50a0) 
thrown [s\open\src\hotspot\share\classfile\systemDictionary.cpp, line 255]
Event: 0.202 Thread 0x000001310787b820 Exception <a 'java/lang/ClassNotFoundException'{0x000000008c9b90d8}: com/sun/swing/internal/plaf/basic/resources/spi/basicProvider> (0x000000008c9b90d8) 
thrown [s\open\src\hotspot\share\classfile\systemDictionary.cpp, line 255]
Event: 0.207 Thread 0x000001310787b820 Exception <a 'java/lang/NoSuchMethodError'{0x000000008c9d94d8}: 'int java.lang.invoke.Invokers$Holder.invokeExact_MT(java.lang.Object, java.lang.Object)'> (0x000000008c9d94d8) 
thrown [s\open\src\hotspot\share\interpreter\linkResolver.cpp, line 759]
Event: 0.245 Thread 0x000001310787b820 Exception <a 'java/lang/NoSuchMethodError'{0x000000008c755930}: 'java.lang.Object java.lang.invoke.DirectMethodHandle$Holder.invokeInterface(java.lang.Object, java.lang.Object)'> (0x000000008c755930) 
thrown [s\open\src\hotspot\share\interpreter\linkResolver.cpp, line 759]
Event: 0.269 Thread 0x000001310787b820 Exception <a 'java/lang/NoSuchMethodError'{0x000000008c7d7418}: 'void java.lang.invoke.DirectMethodHandle$Holder.invokeStatic(java.lang.Object, java.lang.Object, java.lang.Object)'> (0x000000008c7d7418) 
thrown [s\open\src\hotspot\share\interpreter\linkResolver.cpp, line 759]
Event: 0.271 Thread 0x000001310787b820 Exception <a 'java/lang/NoSuchMethodError'{0x000000008c7e1308}: 'java.lang.Object java.lang.invoke.DirectMethodHandle$Holder.invokeVirtual(java.lang.Object, java.lang.Object, java.lang.Object)'> (0x000000008c7e1308) 
thrown [s\open\src\hotspot\share\interpreter\linkResolver.cpp, line 759]

VM Operations (6 events):
Event: 0.058 Executing VM operation: HandshakeAllThreads
Event: 0.058 Executing VM operation: HandshakeAllThreads done
Event: 0.215 Executing VM operation: HandshakeAllThreads
Event: 0.215 Executing VM operation: HandshakeAllThreads done
Event: 0.234 Executing VM operation: HandshakeAllThreads
Event: 0.234 Executing VM operation: HandshakeAllThreads done

Events (20 events):
Event: 0.017 Thread 0x0000013125c43080 Thread added: 0x0000013125c43080
Event: 0.026 Thread 0x0000013125c5ed80 Thread added: 0x0000013125c5ed80
Event: 0.027 Thread 0x0000013125c5f720 Thread added: 0x0000013125c5f720
Event: 0.027 Thread 0x0000013125c600c0 Thread added: 0x0000013125c600c0
Event: 0.027 Thread 0x0000013125c60a60 Thread added: 0x0000013125c60a60
Event: 0.027 Thread 0x0000013125c61730 Thread added: 0x0000013125c61730
Event: 0.027 Thread 0x0000013125c62110 Thread added: 0x0000013125c62110
Event: 0.027 Thread 0x0000013125c62d00 Thread added: 0x0000013125c62d00
Event: 0.045 Thread 0x000001312a07cc20 Thread added: 0x000001312a07cc20
Event: 0.053 Loaded shared library C:\Program Files\Java\jdk-18.0.2.1\bin\net.dll
Event: 0.055 Loaded shared library C:\Program Files\Java\jdk-18.0.2.1\bin\nio.dll
Event: 0.066 Thread 0x000001312a115c20 Thread added: 0x000001312a115c20
Event: 0.069 Thread 0x000001312a18bc90 Thread added: 0x000001312a18bc90
Event: 0.071 Loaded shared library C:\Program Files\Java\jdk-18.0.2.1\bin\zip.dll
Event: 0.080 Loaded shared library C:\Program Files\Java\jdk-18.0.2.1\bin\jimage.dll
Event: 0.090 Loaded shared library C:\Program Files\Java\jdk-18.0.2.1\bin\awt.dll
Event: 0.127 Thread 0x000001312a19a7a0 Thread added: 0x000001312a19a7a0
Event: 0.128 Thread 0x000001312a27d270 Thread added: 0x000001312a27d270
Event: 0.129 Thread 0x000001312a27d730 Thread added: 0x000001312a27d730
Event: 0.226 Thread 0x000001312a32eb00 Thread added: 0x000001312a32eb00


Dynamic libraries:
0x00007ff755760000 - 0x00007ff755770000 	C:\Program Files\Java\jdk-18.0.2.1\bin\java.exe
0x00007ffb14590000 - 0x00007ffb147a4000 	C:\windows\SYSTEM32\ntdll.dll
0x00007ffb135a0000 - 0x00007ffb13662000 	C:\windows\System32\KERNEL32.DLL
0x00007ffb11d80000 - 0x00007ffb12123000 	C:\windows\System32\KERNELBASE.dll
0x00007ffb11a30000 - 0x00007ffb11b41000 	C:\windows\System32\ucrtbase.dll
0x00007ffae4890000 - 0x00007ffae48a8000 	C:\Program Files\Java\jdk-18.0.2.1\bin\jli.dll
0x00007ffaf9340000 - 0x00007ffaf935a000 	C:\Program Files\Java\jdk-18.0.2.1\bin\VCRUNTIME140.dll
0x00007ffb126f0000 - 0x00007ffb1279e000 	C:\windows\System32\ADVAPI32.dll
0x00007ffb137a0000 - 0x00007ffb13847000 	C:\windows\System32\msvcrt.dll
0x00007ffb12ce0000 - 0x00007ffb12d84000 	C:\windows\System32\sechost.dll
0x00007ffb13e70000 - 0x00007ffb13f87000 	C:\windows\System32\RPCRT4.dll
0x00007ffb12370000 - 0x00007ffb1251a000 	C:\windows\System32\USER32.dll
0x00007ffb12130000 - 0x00007ffb12156000 	C:\windows\System32\win32u.dll
0x00007ffb13870000 - 0x00007ffb13899000 	C:\windows\System32\GDI32.dll
0x00007ffb121e0000 - 0x00007ffb122f9000 	C:\windows\System32\gdi32full.dll
0x00007ffaef040000 - 0x00007ffaef2ce000 	C:\windows\WinSxS\amd64_microsoft.windows.common-controls_6595b64144ccf1df_6.0.22621.1635_none_270f70857386168e\COMCTL32.dll
0x00007ffb11990000 - 0x00007ffb11a2a000 	C:\windows\System32\msvcp_win.dll
0x00007ffb06bf0000 - 0x00007ffb06bfa000 	C:\windows\SYSTEM32\VERSION.dll
0x00007ffb14510000 - 0x00007ffb14541000 	C:\windows\System32\IMM32.DLL
0x00007ffaf9330000 - 0x00007ffaf933c000 	C:\Program Files\Java\jdk-18.0.2.1\bin\vcruntime140_1.dll
0x00007ffaeb900000 - 0x00007ffaeb98d000 	C:\Program Files\Java\jdk-18.0.2.1\bin\msvcp140.dll
0x00007ffa8ce90000 - 0x00007ffa8daa1000 	C:\Program Files\Java\jdk-18.0.2.1\bin\server\jvm.dll
0x00007ffb14500000 - 0x00007ffb14508000 	C:\windows\System32\PSAPI.DLL
0x00007ffb09e10000 - 0x00007ffb09e44000 	C:\windows\SYSTEM32\WINMM.dll
0x00007ffaf11a0000 - 0x00007ffaf11a9000 	C:\windows\SYSTEM32\WSOCK32.dll
0x00007ffb138a0000 - 0x00007ffb13911000 	C:\windows\System32\WS2_32.dll
0x00007ffb109a0000 - 0x00007ffb109b8000 	C:\windows\SYSTEM32\kernel.appcore.dll
0x00007ffaf9320000 - 0x00007ffaf932a000 	C:\Program Files\Java\jdk-18.0.2.1\bin\jimage.dll
0x00007ffb0f350000 - 0x00007ffb0f57e000 	C:\windows\SYSTEM32\DBGHELP.DLL
0x00007ffb14100000 - 0x00007ffb14489000 	C:\windows\System32\combase.dll
0x00007ffb13f90000 - 0x00007ffb14067000 	C:\windows\System32\OLEAUT32.dll
0x00007ffaf9e60000 - 0x00007ffaf9e92000 	C:\windows\SYSTEM32\dbgcore.DLL
0x00007ffb12160000 - 0x00007ffb121da000 	C:\windows\System32\bcryptPrimitives.dll
0x00007ffaf2510000 - 0x00007ffaf2535000 	C:\Program Files\Java\jdk-18.0.2.1\bin\java.dll
0x00007ffadf3a0000 - 0x00007ffadf476000 	C:\Program Files\Java\jdk-18.0.2.1\bin\jsvml.dll
0x00007ffb12da0000 - 0x00007ffb13599000 	C:\windows\System32\SHELL32.dll
0x00007ffb0f930000 - 0x00007ffb101fe000 	C:\windows\SYSTEM32\windows.storage.dll
0x00007ffb0f7f0000 - 0x00007ffb0f92e000 	C:\windows\SYSTEM32\wintypes.dll
0x00007ffb12590000 - 0x00007ffb12681000 	C:\windows\System32\SHCORE.dll
0x00007ffb14490000 - 0x00007ffb144ee000 	C:\windows\System32\shlwapi.dll
0x00007ffb118c0000 - 0x00007ffb118e6000 	C:\windows\SYSTEM32\profapi.dll
0x00007ffaf9150000 - 0x00007ffaf9163000 	C:\Program Files\Java\jdk-18.0.2.1\bin\net.dll
0x00007ffb0c200000 - 0x00007ffb0c337000 	C:\windows\SYSTEM32\WINHTTP.dll
0x00007ffb10e50000 - 0x00007ffb10eb9000 	C:\windows\system32\mswsock.dll
0x00007ffaf9110000 - 0x00007ffaf9126000 	C:\Program Files\Java\jdk-18.0.2.1\bin\nio.dll
0x00007ffaf2170000 - 0x00007ffaf2188000 	C:\Program Files\Java\jdk-18.0.2.1\bin\zip.dll
0x00007ffacd8c0000 - 0x00007ffacda4f000 	C:\Program Files\Java\jdk-18.0.2.1\bin\awt.dll
0x00007ffb0e760000 - 0x00007ffb0e7f7000 	C:\windows\SYSTEM32\apphelp.dll
0x00007ffb0eb80000 - 0x00007ffb0ebab000 	C:\windows\system32\DWMAPI.DLL
0x00007ffb0e910000 - 0x00007ffb0e9bb000 	C:\windows\system32\uxtheme.dll
0x00007ffadec80000 - 0x00007ffaded80000 	C:\windows\system32\opengl32.dll
0x00007ffaf2140000 - 0x00007ffaf216d000 	C:\windows\SYSTEM32\GLU32.dll
0x00007ffb0ea20000 - 0x00007ffb0ea58000 	C:\windows\SYSTEM32\dxcore.dll
0x00007ffb13670000 - 0x00007ffb13797000 	C:\windows\System32\MSCTF.dll
0x00007ffb12a60000 - 0x00007ffb12bfc000 	C:\windows\System32\ole32.dll
0x00007ffb104d0000 - 0x00007ffb105c3000 	C:\windows\SYSTEM32\DNSAPI.dll
0x00007ffb10460000 - 0x00007ffb1048d000 	C:\windows\SYSTEM32\IPHLPAPI.DLL
0x00007ffb12c00000 - 0x00007ffb12c09000 	C:\windows\System32\NSI.dll
0x000000006a630000 - 0x000000006a665000 	C:\Program Files\Bonjour\mdnsNSP.dll
0x00007ffb0a270000 - 0x00007ffb0a27a000 	C:\Windows\System32\rasadhlp.dll
0x00007ffb09e50000 - 0x00007ffb09ed4000 	C:\windows\System32\fwpuclnt.dll

dbghelp: loaded successfully - version: 4.0.5 - missing functions: none
symbol engine: initialized successfully - sym options: 0x614 - pdb path: .;C:\Program Files\Java\jdk-18.0.2.1\bin;C:\windows\SYSTEM32;C:\windows\WinSxS\amd64_microsoft.windows.common-controls_6595b64144ccf1df_6.0.22621.1635_none_270f70857386168e;C:\Program Files\Java\jdk-18.0.2.1\bin\server;C:\Program Files\Bonjour

VM Arguments:
jvm_args: -Dfile.encoding=UTF-8 --module-path=C:\Users\jagad\OneDrive\Documents\NetBeansProjects\Employe.Management.System\build\classes 
java_command: employe.management.system.ViewEmploye
java_class_path (initial): C:\Users\jagad\Downloads\mysql-connector-java-8.0.28 (1).jar;C:\Users\jagad\Downloads\jcalendar-tz-1.3.3-4.jar;C:\Users\jagad\Downloads\rs2xml.jar;C:\Users\jagad\OneDrive\Documents\NetBeansProjects\Employe.Management.System\build\classes
Launcher Type: SUN_STANDARD

[Global flags]
     intx CICompilerCount                          = 4                                         {product} {ergonomic}
     uint ConcGCThreads                            = 3                                         {product} {ergonomic}
     uint G1ConcRefinementThreads                  = 10                                        {product} {ergonomic}
   size_t G1HeapRegionSize                         = 1048576                                   {product} {ergonomic}
    uintx GCDrainStackTargetSize                   = 64                                        {product} {ergonomic}
   size_t InitialHeapSize                          = 130023424                                 {product} {ergonomic}
   size_t MarkStackSize                            = 4194304                                   {product} {ergonomic}
   size_t MaxHeapSize                              = 2061500416                                {product} {ergonomic}
   size_t MaxNewSize                               = 1236271104                                {product} {ergonomic}
   size_t MinHeapDeltaBytes                        = 1048576                                   {product} {ergonomic}
   size_t MinHeapSize                              = 8388608                                   {product} {ergonomic}
    uintx NonNMethodCodeHeapSize                   = 5839372                                {pd product} {ergonomic}
    uintx NonProfiledCodeHeapSize                  = 122909434                              {pd product} {ergonomic}
    uintx ProfiledCodeHeapSize                     = 122909434                              {pd product} {ergonomic}
    uintx ReservedCodeCacheSize                    = 251658240                              {pd product} {ergonomic}
     bool SegmentedCodeCache                       = true                                      {product} {ergonomic}
   size_t SoftMaxHeapSize                          = 2061500416                             {manageable} {ergonomic}
     bool UseCompressedClassPointers               = true                           {product lp64_product} {ergonomic}
     bool UseCompressedOops                        = true                           {product lp64_product} {ergonomic}
     bool UseG1GC                                  = true                                      {product} {ergonomic}
     bool UseLargePagesIndividualAllocation        = false                                  {pd product} {ergonomic}

Logging:
Log output configuration:
 #0: stdout all=warning uptime,level,tags foldmultilines=false
 #1: stderr all=off uptime,level,tags foldmultilines=false

Environment Variables:
PATH=C:\Program Files\Common Files\Oracle\Java\javapath;C:\windows\system32;C:\windows;C:\windows\System32\Wbem;C:\windows\System32\WindowsPowerShell\v1.0\;C:\windows\System32\OpenSSH\;C:\Program Files\MySQL\MySQL Shell 8.0\bin\;C:\Users\jagad\AppData\Local\Microsoft\WindowsApps;;C:\Program Files\JetBrains\IntelliJ IDEA Community Edition 2022.2.3\bin;;C:\Users\jagad\AppData\Local\Programs\Microsoft VS Code\bin
USERNAME=jagad
OS=Windows_NT
PROCESSOR_IDENTIFIER=Intel64 Family 6 Model 154 Stepping 4, GenuineIntel



---------------  S Y S T E M  ---------------

OS:
 Windows 11 , 64 bit Build 22621 (10.0.22621.1928)
OS uptime: 1 days 23:13 hours
Hyper-V role detected

CPU: total 12 (initial active 12) (6 cores per cpu, 2 threads per core) family 6 model 154 stepping 4 microcode 0x423, cx8, cmov, fxsr, ht, mmx, 3dnowpref, sse, sse2, sse3, ssse3, sse4.1, sse4.2, popcnt, lzcnt, tsc, tscinvbit, avx, avx2, aes, erms, clmul, bmi1, bmi2, adx, sha, fma, vzeroupper, clflush, clflushopt, clwb, hv, serialize

Memory: 4k page, system-wide physical 7860M (466M free)
TotalPageFile size 32436M (AvailPageFile size 2M)
current process WorkingSet (physical memory assigned to process): 61M, peak: 61M
current process commit charge ("private bytes"): 225M, peak: 225M

vm_info: Java HotSpot(TM) 64-Bit Server VM (18.0.2.1+1-1) for windows-amd64 JRE (18.0.2.1+1-1), built on Aug 16 2022 01:46:33 by "mach5one" with MS VC++ 16.8 / 16.9 (VS2019)

END.
